<?xml version="1.0" encoding="UTF-8"?>
<coverage generated="1778897017464" clover="3.2.0">
  <project timestamp="1778897017464" name="All files">
    <metrics statements="213" coveredstatements="175" conditionals="115" coveredconditionals="87" methods="59" coveredmethods="44" elements="387" coveredelements="306" complexity="0" loc="213" ncloc="213" packages="7" files="16" classes="16"/>
    <package name="components.dashboard">
      <metrics statements="92" coveredstatements="77" conditionals="66" coveredconditionals="48" methods="35" coveredmethods="27"/>
      <file name="FinancialChart.tsx" path="C:\Users\glaub\OneDrive\AI\aria-clinic\components\dashboard\FinancialChart.tsx">
        <metrics statements="14" coveredstatements="8" conditionals="7" coveredconditionals="0" methods="8" coveredmethods="5"/>
        <line num="12" count="1" type="stmt"/>
        <line num="23" count="1" type="stmt"/>
        <line num="24" count="0" type="cond" truecount="0" falsecount="5"/>
        <line num="25" count="0" type="stmt"/>
        <line num="26" count="0" type="cond" truecount="0" falsecount="2"/>
        <line num="36" count="0" type="stmt"/>
        <line num="39" count="1" type="stmt"/>
        <line num="40" count="0" type="stmt"/>
        <line num="43" count="16" type="stmt"/>
        <line num="77" count="0" type="stmt"/>
        <line num="97" count="181" type="stmt"/>
        <line num="103" count="181" type="stmt"/>
        <line num="109" count="181" type="stmt"/>
        <line num="118" count="181" type="stmt"/>
      </file>
      <file name="Header.tsx" path="C:\Users\glaub\OneDrive\AI\aria-clinic\components\dashboard\Header.tsx">
        <metrics statements="7" coveredstatements="5" conditionals="3" coveredconditionals="3" methods="4" coveredmethods="2"/>
        <line num="3" count="1" type="stmt"/>
        <line num="4" count="1" type="stmt"/>
        <line num="6" count="5" type="stmt"/>
        <line num="7" count="8" type="stmt"/>
        <line num="37" count="3" type="stmt"/>
        <line num="67" count="0" type="stmt"/>
        <line num="74" count="0" type="stmt"/>
      </file>
      <file name="KPICard.tsx" path="C:\Users\glaub\OneDrive\AI\aria-clinic\components\dashboard\KPICard.tsx">
        <metrics statements="5" coveredstatements="5" conditionals="3" coveredconditionals="3" methods="1" coveredmethods="1"/>
        <line num="1" count="1" type="stmt"/>
        <line num="13" count="1" type="stmt"/>
        <line num="40" count="16" type="stmt"/>
        <line num="49" count="16" type="stmt"/>
        <line num="50" count="16" type="stmt"/>
      </file>
      <file name="PatientTable.tsx" path="C:\Users\glaub\OneDrive\AI\aria-clinic\components\dashboard\PatientTable.tsx">
        <metrics statements="37" coveredstatements="37" conditionals="36" coveredconditionals="32" methods="9" coveredmethods="9"/>
        <line num="3" count="1" type="stmt"/>
        <line num="4" count="1" type="stmt"/>
        <line num="5" count="1" type="stmt"/>
        <line num="14" count="1" type="cond" truecount="0" falsecount="1"/>
        <line num="15" count="30" type="stmt"/>
        <line num="16" count="30" type="stmt"/>
        <line num="18" count="30" type="stmt"/>
        <line num="19" count="11" type="cond" truecount="2" falsecount="0"/>
        <line num="21" count="3" type="cond" truecount="2" falsecount="0"/>
        <line num="24" count="8" type="stmt"/>
        <line num="25" count="8" type="stmt"/>
        <line num="29" count="30" type="stmt"/>
        <line num="30" count="389" type="cond" truecount="1" falsecount="1"/>
        <line num="32" count="389" type="stmt"/>
        <line num="33" count="389" type="stmt"/>
        <line num="35" count="389" type="cond" truecount="2" falsecount="0"/>
        <line num="36" count="194" type="stmt"/>
        <line num="37" count="194" type="stmt"/>
        <line num="38" count="195" type="cond" truecount="2" falsecount="0"/>
        <line num="39" count="42" type="stmt"/>
        <line num="40" count="42" type="stmt"/>
        <line num="41" count="153" type="cond" truecount="1" falsecount="1"/>
        <line num="42" count="153" type="stmt"/>
        <line num="43" count="153" type="stmt"/>
        <line num="46" count="389" type="cond" truecount="4" falsecount="0"/>
        <line num="47" count="94" type="cond" truecount="4" falsecount="0"/>
        <line num="48" count="16" type="stmt"/>
        <line num="51" count="30" type="stmt"/>
        <line num="52" count="90" type="cond" truecount="2" falsecount="0"/>
        <line num="60" count="30" type="stmt"/>
        <line num="61" count="281" type="stmt"/>
        <line num="62" count="281" type="stmt"/>
        <line num="76" count="8" type="stmt"/>
        <line num="89" count="2" type="stmt"/>
        <line num="96" count="1" type="stmt"/>
        <line num="105" count="281" type="stmt"/>
        <line num="122" count="19" type="stmt"/>
      </file>
      <file name="ProtocolChart.tsx" path="C:\Users\glaub\OneDrive\AI\aria-clinic\components\dashboard\ProtocolChart.tsx">
        <metrics statements="12" coveredstatements="7" conditionals="7" coveredconditionals="0" methods="6" coveredmethods="5"/>
        <line num="9" count="1" type="stmt"/>
        <line num="24" count="1" type="stmt"/>
        <line num="25" count="0" type="cond" truecount="0" falsecount="5"/>
        <line num="26" count="0" type="stmt"/>
        <line num="27" count="0" type="cond" truecount="0" falsecount="2"/>
        <line num="28" count="0" type="stmt"/>
        <line num="37" count="0" type="stmt"/>
        <line num="40" count="14" type="stmt"/>
        <line num="45" count="53" type="stmt"/>
        <line num="70" count="53" type="stmt"/>
        <line num="93" count="53" type="stmt"/>
        <line num="115" count="53" type="stmt"/>
      </file>
      <file name="Sidebar.tsx" path="C:\Users\glaub\OneDrive\AI\aria-clinic\components\dashboard\Sidebar.tsx">
        <metrics statements="17" coveredstatements="15" conditionals="10" coveredconditionals="10" methods="7" coveredmethods="5"/>
        <line num="3" count="1" type="stmt"/>
        <line num="4" count="1" type="stmt"/>
        <line num="5" count="1" type="stmt"/>
        <line num="14" count="1" type="stmt"/>
        <line num="16" count="8" type="stmt"/>
        <line num="17" count="12" type="stmt"/>
        <line num="18" count="12" type="stmt"/>
        <line num="20" count="12" type="stmt"/>
        <line num="27" count="12" type="stmt"/>
        <line num="28" count="96" type="cond" truecount="2" falsecount="0"/>
        <line num="29" count="24" type="stmt"/>
        <line num="31" count="72" type="stmt"/>
        <line num="38" count="3" type="stmt"/>
        <line num="50" count="0" type="stmt"/>
        <line num="68" count="48" type="stmt"/>
        <line num="79" count="1" type="stmt"/>
        <line num="97" count="0" type="stmt"/>
      </file>
    </package>
    <package name="components.scheduler">
      <metrics statements="12" coveredstatements="12" conditionals="9" coveredconditionals="9" methods="2" coveredmethods="2"/>
      <file name="AppointmentCard.tsx" path="C:\Users\glaub\OneDrive\AI\aria-clinic\components\scheduler\AppointmentCard.tsx">
        <metrics statements="12" coveredstatements="12" conditionals="9" coveredconditionals="9" methods="2" coveredmethods="2"/>
        <line num="4" count="1" type="stmt"/>
        <line num="5" count="1" type="stmt"/>
        <line num="6" count="1" type="stmt"/>
        <line num="14" count="1" type="stmt"/>
        <line num="22" count="1" type="stmt"/>
        <line num="30" count="9" type="stmt"/>
        <line num="35" count="9" type="stmt"/>
        <line num="85" count="9" type="stmt"/>
        <line num="86" count="9" type="stmt"/>
        <line num="87" count="9" type="stmt"/>
        <line num="88" count="9" type="stmt"/>
        <line num="89" count="9" type="stmt"/>
      </file>
    </package>
    <package name="components.ui">
      <metrics statements="16" coveredstatements="10" conditionals="2" coveredconditionals="1" methods="8" coveredmethods="2"/>
      <file name="badge.tsx" path="C:\Users\glaub\OneDrive\AI\aria-clinic\components\ui\badge.tsx">
        <metrics statements="7" coveredstatements="7" conditionals="1" coveredconditionals="0" methods="1" coveredmethods="1"/>
        <line num="1" count="1" type="stmt"/>
        <line num="2" count="1" type="stmt"/>
        <line num="3" count="1" type="stmt"/>
        <line num="5" count="1" type="stmt"/>
        <line num="7" count="1" type="stmt"/>
        <line num="36" count="9" type="stmt"/>
        <line num="52" count="9" type="stmt"/>
      </file>
      <file name="card.tsx" path="C:\Users\glaub\OneDrive\AI\aria-clinic\components\ui\card.tsx">
        <metrics statements="9" coveredstatements="3" conditionals="1" coveredconditionals="1" methods="7" coveredmethods="1"/>
        <line num="1" count="1" type="stmt"/>
        <line num="3" count="1" type="stmt"/>
        <line num="96" count="9" type="stmt"/>
        <line num="97" count="0" type="stmt"/>
        <line num="98" count="0" type="stmt"/>
        <line num="99" count="0" type="stmt"/>
        <line num="100" count="0" type="stmt"/>
        <line num="101" count="0" type="stmt"/>
        <line num="102" count="0" type="stmt"/>
      </file>
    </package>
    <package name="lib">
      <metrics statements="4" coveredstatements="4" conditionals="0" coveredconditionals="0" methods="1" coveredmethods="1"/>
      <file name="utils.ts" path="C:\Users\glaub\OneDrive\AI\aria-clinic\lib\utils.ts">
        <metrics statements="4" coveredstatements="4" conditionals="0" coveredconditionals="0" methods="1" coveredmethods="1"/>
        <line num="1" count="1" type="stmt"/>
        <line num="2" count="1" type="stmt"/>
        <line num="4" count="18" type="stmt"/>
        <line num="5" count="18" type="stmt"/>
      </file>
    </package>
    <package name="lib.auth">
      <metrics statements="67" coveredstatements="51" conditionals="38" coveredconditionals="29" methods="8" coveredmethods="8"/>
      <file name="permissions.ts" path="C:\Users\glaub\OneDrive\AI\aria-clinic\lib\auth\permissions.ts">
        <metrics statements="67" coveredstatements="51" conditionals="38" coveredconditionals="29" methods="8" coveredmethods="8"/>
        <line num="7" count="3" type="stmt"/>
        <line num="12" count="5" type="stmt"/>
        <line num="13" count="5" type="stmt"/>
        <line num="20" count="4" type="cond" truecount="4" falsecount="0"/>
        <line num="21" count="1" type="stmt"/>
        <line num="22" count="1" type="stmt"/>
        <line num="25" count="3" type="stmt"/>
        <line num="26" count="3" type="cond" truecount="1" falsecount="1"/>
        <line num="27" count="3" type="cond" truecount="1" falsecount="1"/>
        <line num="29" count="1" type="stmt"/>
        <line num="30" count="1" type="stmt"/>
        <line num="38" count="2" type="stmt"/>
        <line num="44" count="2" type="stmt"/>
        <line num="45" count="2" type="stmt"/>
        <line num="53" count="3" type="stmt"/>
        <line num="59" count="3" type="stmt"/>
        <line num="60" count="3" type="stmt"/>
        <line num="67" count="3" type="cond" truecount="3" falsecount="1"/>
        <line num="68" count="0" type="stmt"/>
        <line num="69" count="0" type="stmt"/>
        <line num="72" count="3" type="stmt"/>
        <line num="73" count="3" type="cond" truecount="1" falsecount="1"/>
        <line num="74" count="3" type="cond" truecount="2" falsecount="0"/>
        <line num="76" count="3" type="cond" truecount="2" falsecount="0"/>
        <line num="78" count="0" type="stmt"/>
        <line num="79" count="0" type="stmt"/>
        <line num="87" count="2" type="stmt"/>
        <line num="91" count="2" type="stmt"/>
        <line num="92" count="2" type="stmt"/>
        <line num="97" count="2" type="cond" truecount="3" falsecount="1"/>
        <line num="98" count="0" type="stmt"/>
        <line num="99" count="0" type="stmt"/>
        <line num="102" count="2" type="stmt"/>
        <line num="104" count="2" type="stmt"/>
        <line num="105" count="2" type="cond" truecount="1" falsecount="1"/>
        <line num="106" count="2" type="stmt"/>
        <line num="111" count="2" type="stmt"/>
        <line num="113" count="0" type="stmt"/>
        <line num="114" count="0" type="stmt"/>
        <line num="122" count="2" type="stmt"/>
        <line num="128" count="2" type="stmt"/>
        <line num="130" count="2" type="stmt"/>
        <line num="136" count="2" type="cond" truecount="4" falsecount="0"/>
        <line num="137" count="1" type="stmt"/>
        <line num="138" count="1" type="stmt"/>
        <line num="141" count="1" type="stmt"/>
        <line num="144" count="1" type="stmt"/>
        <line num="157" count="1" type="cond" truecount="1" falsecount="1"/>
        <line num="158" count="0" type="stmt"/>
        <line num="159" count="0" type="stmt"/>
        <line num="162" count="1" type="stmt"/>
        <line num="164" count="0" type="stmt"/>
        <line num="165" count="0" type="stmt"/>
        <line num="173" count="2" type="stmt"/>
        <line num="179" count="2" type="stmt"/>
        <line num="181" count="2" type="stmt"/>
        <line num="187" count="2" type="cond" truecount="4" falsecount="0"/>
        <line num="188" count="1" type="stmt"/>
        <line num="189" count="1" type="stmt"/>
        <line num="192" count="1" type="stmt"/>
        <line num="195" count="1" type="stmt"/>
        <line num="202" count="1" type="cond" truecount="1" falsecount="1"/>
        <line num="203" count="0" type="stmt"/>
        <line num="204" count="0" type="stmt"/>
        <line num="207" count="1" type="stmt"/>
        <line num="209" count="0" type="stmt"/>
        <line num="210" count="0" type="stmt"/>
      </file>
    </package>
    <package name="lib.mock">
      <metrics statements="4" coveredstatements="4" conditionals="0" coveredconditionals="0" methods="1" coveredmethods="1"/>
      <file name="financial-data.ts" path="C:\Users\glaub\OneDrive\AI\aria-clinic\lib\mock\financial-data.ts">
        <metrics statements="1" coveredstatements="1" conditionals="0" coveredconditionals="0" methods="0" coveredmethods="0"/>
        <line num="6" count="5" type="stmt"/>
      </file>
      <file name="patient-data.ts" path="C:\Users\glaub\OneDrive\AI\aria-clinic\lib\mock\patient-data.ts">
        <metrics statements="1" coveredstatements="1" conditionals="0" coveredconditionals="0" methods="0" coveredmethods="0"/>
        <line num="9" count="3" type="stmt"/>
      </file>
      <file name="protocol-data.ts" path="C:\Users\glaub\OneDrive\AI\aria-clinic\lib\mock\protocol-data.ts">
        <metrics statements="2" coveredstatements="2" conditionals="0" coveredconditionals="0" methods="1" coveredmethods="1"/>
        <line num="7" count="1" type="stmt"/>
        <line num="30" count="32" type="stmt"/>
      </file>
    </package>
    <package name="lib.validations">
      <metrics statements="18" coveredstatements="17" conditionals="0" coveredconditionals="0" methods="4" coveredmethods="3"/>
      <file name="auth.ts" path="C:\Users\glaub\OneDrive\AI\aria-clinic\lib\validations\auth.ts">
        <metrics statements="13" coveredstatements="12" conditionals="0" coveredconditionals="0" methods="2" coveredmethods="1"/>
        <line num="1" count="2" type="stmt"/>
        <line num="6" count="2" type="stmt"/>
        <line num="16" count="2" type="stmt"/>
        <line num="19" count="14" type="stmt"/>
        <line num="24" count="2" type="stmt"/>
        <line num="33" count="2" type="stmt"/>
        <line num="36" count="0" type="stmt"/>
        <line num="43" count="2" type="stmt"/>
        <line num="52" count="2" type="stmt"/>
        <line num="60" count="7" type="stmt"/>
        <line num="74" count="15" type="stmt"/>
        <line num="84" count="2" type="stmt"/>
        <line num="93" count="2" type="stmt"/>
      </file>
      <file name="profile.ts" path="C:\Users\glaub\OneDrive\AI\aria-clinic\lib\validations\profile.ts">
        <metrics statements="5" coveredstatements="5" conditionals="0" coveredconditionals="0" methods="2" coveredmethods="2"/>
        <line num="1" count="1" type="stmt"/>
        <line num="3" count="7" type="stmt"/>
        <line num="17" count="6" type="stmt"/>
        <line num="21" count="6" type="stmt"/>
        <line num="25" count="6" type="stmt"/>
      </file>
    </package>
  </project>
</coverage>
