<?xml version="1.0" encoding="UTF-8"?>
<coverage generated="1778971995366" clover="3.2.0">
  <project timestamp="1778971995367" name="All files">
    <metrics statements="707" coveredstatements="579" conditionals="358" coveredconditionals="277" methods="193" coveredmethods="153" elements="1258" coveredelements="1009" complexity="0" loc="707" ncloc="707" packages="10" files="34" classes="34"/>
    <package name="app.dashboard">
      <metrics statements="9" coveredstatements="9" conditionals="0" coveredconditionals="0" methods="2" coveredmethods="2"/>
      <file name="page.tsx" path="C:\Users\glaub\OneDrive\AI\aria-clinic\app\dashboard\page.tsx">
        <metrics statements="9" coveredstatements="9" conditionals="0" coveredconditionals="0" methods="2" coveredmethods="2"/>
        <line num="1" count="1" type="stmt"/>
        <line num="2" count="1" type="stmt"/>
        <line num="3" count="1" type="stmt"/>
        <line num="4" count="1" type="stmt"/>
        <line num="5" count="1" type="stmt"/>
        <line num="6" count="1" type="stmt"/>
        <line num="7" count="1" type="stmt"/>
        <line num="9" count="18" type="stmt"/>
        <line num="18" count="72" type="stmt"/>
      </file>
    </package>
    <package name="components.dashboard">
      <metrics statements="95" coveredstatements="80" conditionals="68" coveredconditionals="51" methods="38" coveredmethods="30"/>
      <file name="FinancialChart.tsx" path="C:\Users\glaub\OneDrive\AI\aria-clinic\components\dashboard\FinancialChart.tsx">
        <metrics statements="14" coveredstatements="8" conditionals="7" coveredconditionals="0" methods="8" coveredmethods="5"/>
        <line num="12" count="2" type="stmt"/>
        <line num="23" count="2" type="stmt"/>
        <line num="24" count="0" type="cond" truecount="0" falsecount="5"/>
        <line num="25" count="0" type="stmt"/>
        <line num="26" count="0" type="cond" truecount="0" falsecount="2"/>
        <line num="36" count="0" type="stmt"/>
        <line num="39" count="2" type="stmt"/>
        <line num="40" count="0" type="stmt"/>
        <line num="43" count="34" type="stmt"/>
        <line num="77" count="0" type="stmt"/>
        <line num="97" count="397" type="stmt"/>
        <line num="103" count="397" type="stmt"/>
        <line num="109" count="397" type="stmt"/>
        <line num="118" count="397" type="stmt"/>
      </file>
      <file name="Header.tsx" path="C:\Users\glaub\OneDrive\AI\aria-clinic\components\dashboard\Header.tsx">
        <metrics statements="7" coveredstatements="5" conditionals="3" coveredconditionals="3" methods="4" coveredmethods="2"/>
        <line num="3" count="1" type="stmt"/>
        <line num="4" count="1" type="stmt"/>
        <line num="6" count="5" type="stmt"/>
        <line num="7" count="8" type="stmt"/>
        <line num="37" count="3" type="stmt"/>
        <line num="67" count="0" type="stmt"/>
        <line num="74" count="0" type="stmt"/>
      </file>
      <file name="KPICard.tsx" path="C:\Users\glaub\OneDrive\AI\aria-clinic\components\dashboard\KPICard.tsx">
        <metrics statements="5" coveredstatements="5" conditionals="3" coveredconditionals="3" methods="1" coveredmethods="1"/>
        <line num="1" count="2" type="stmt"/>
        <line num="13" count="2" type="stmt"/>
        <line num="40" count="88" type="stmt"/>
        <line num="49" count="88" type="stmt"/>
        <line num="50" count="88" type="stmt"/>
      </file>
      <file name="PatientTable.tsx" path="C:\Users\glaub\OneDrive\AI\aria-clinic\components\dashboard\PatientTable.tsx">
        <metrics statements="40" coveredstatements="40" conditionals="38" coveredconditionals="35" methods="12" coveredmethods="12"/>
        <line num="3" count="2" type="stmt"/>
        <line num="4" count="2" type="stmt"/>
        <line num="5" count="2" type="stmt"/>
        <line num="14" count="2" type="cond" truecount="1" falsecount="0"/>
        <line num="15" count="51" type="stmt"/>
        <line num="16" count="51" type="stmt"/>
        <line num="18" count="51" type="stmt"/>
        <line num="19" count="11" type="stmt"/>
        <line num="20" count="11" type="cond" truecount="2" falsecount="0"/>
        <line num="21" count="3" type="cond" truecount="2" falsecount="0"/>
        <line num="23" count="8" type="stmt"/>
        <line num="24" count="8" type="stmt"/>
        <line num="26" count="11" type="cond" truecount="2" falsecount="0"/>
        <line num="30" count="51" type="stmt"/>
        <line num="31" count="47" type="stmt"/>
        <line num="32" count="529" type="cond" truecount="1" falsecount="1"/>
        <line num="34" count="529" type="stmt"/>
        <line num="35" count="529" type="stmt"/>
        <line num="37" count="529" type="cond" truecount="2" falsecount="0"/>
        <line num="38" count="172" type="stmt"/>
        <line num="39" count="172" type="stmt"/>
        <line num="40" count="357" type="cond" truecount="2" falsecount="0"/>
        <line num="41" count="42" type="stmt"/>
        <line num="42" count="42" type="stmt"/>
        <line num="43" count="315" type="cond" truecount="1" falsecount="1"/>
        <line num="44" count="315" type="stmt"/>
        <line num="45" count="315" type="stmt"/>
        <line num="48" count="529" type="cond" truecount="4" falsecount="0"/>
        <line num="49" count="86" type="cond" truecount="4" falsecount="0"/>
        <line num="50" count="16" type="stmt"/>
        <line num="54" count="51" type="stmt"/>
        <line num="55" count="153" type="cond" truecount="2" falsecount="0"/>
        <line num="63" count="51" type="stmt"/>
        <line num="64" count="491" type="stmt"/>
        <line num="65" count="491" type="stmt"/>
        <line num="79" count="8" type="stmt"/>
        <line num="92" count="2" type="stmt"/>
        <line num="99" count="1" type="stmt"/>
        <line num="108" count="491" type="stmt"/>
        <line num="125" count="37" type="stmt"/>
      </file>
      <file name="ProtocolChart.tsx" path="C:\Users\glaub\OneDrive\AI\aria-clinic\components\dashboard\ProtocolChart.tsx">
        <metrics statements="12" coveredstatements="7" conditionals="7" coveredconditionals="0" methods="6" coveredmethods="5"/>
        <line num="9" count="2" type="stmt"/>
        <line num="24" count="2" type="stmt"/>
        <line num="25" count="0" type="cond" truecount="0" falsecount="5"/>
        <line num="26" count="0" type="stmt"/>
        <line num="27" count="0" type="cond" truecount="0" falsecount="2"/>
        <line num="28" count="0" type="stmt"/>
        <line num="37" count="0" type="stmt"/>
        <line num="40" count="32" type="stmt"/>
        <line num="45" count="125" type="stmt"/>
        <line num="70" count="125" type="stmt"/>
        <line num="93" count="125" type="stmt"/>
        <line num="115" count="125" type="stmt"/>
      </file>
      <file name="Sidebar.tsx" path="C:\Users\glaub\OneDrive\AI\aria-clinic\components\dashboard\Sidebar.tsx">
        <metrics statements="17" coveredstatements="15" conditionals="10" coveredconditionals="10" methods="7" coveredmethods="5"/>
        <line num="3" count="1" type="stmt"/>
        <line num="4" count="1" type="stmt"/>
        <line num="5" count="1" type="stmt"/>
        <line num="14" count="1" type="stmt"/>
        <line num="16" count="8" type="stmt"/>
        <line num="17" count="12" type="stmt"/>
        <line num="18" count="12" type="stmt"/>
        <line num="20" count="12" type="stmt"/>
        <line num="27" count="12" type="stmt"/>
        <line num="28" count="96" type="cond" truecount="2" falsecount="0"/>
        <line num="29" count="24" type="stmt"/>
        <line num="31" count="72" type="stmt"/>
        <line num="38" count="3" type="stmt"/>
        <line num="50" count="0" type="stmt"/>
        <line num="68" count="48" type="stmt"/>
        <line num="79" count="1" type="stmt"/>
        <line num="97" count="0" type="stmt"/>
      </file>
    </package>
    <package name="components.scheduler">
      <metrics statements="68" coveredstatements="60" conditionals="36" coveredconditionals="32" methods="24" coveredmethods="21"/>
      <file name="AppointmentCard.tsx" path="C:\Users\glaub\OneDrive\AI\aria-clinic\components\scheduler\AppointmentCard.tsx">
        <metrics statements="12" coveredstatements="12" conditionals="9" coveredconditionals="9" methods="2" coveredmethods="2"/>
        <line num="4" count="1" type="stmt"/>
        <line num="5" count="1" type="stmt"/>
        <line num="6" count="1" type="stmt"/>
        <line num="14" count="1" type="stmt"/>
        <line num="22" count="1" type="stmt"/>
        <line num="30" count="9" type="stmt"/>
        <line num="35" count="9" type="stmt"/>
        <line num="85" count="9" type="stmt"/>
        <line num="86" count="9" type="stmt"/>
        <line num="87" count="9" type="stmt"/>
        <line num="88" count="9" type="stmt"/>
        <line num="89" count="9" type="stmt"/>
      </file>
      <file name="CalendarView.tsx" path="C:\Users\glaub\OneDrive\AI\aria-clinic\components\scheduler\CalendarView.tsx">
        <metrics statements="32" coveredstatements="30" conditionals="6" coveredconditionals="6" methods="14" coveredmethods="13"/>
        <line num="3" count="1" type="stmt"/>
        <line num="4" count="1" type="stmt"/>
        <line num="5" count="1" type="stmt"/>
        <line num="6" count="1" type="stmt"/>
        <line num="7" count="1" type="stmt"/>
        <line num="8" count="1" type="stmt"/>
        <line num="9" count="1" type="stmt"/>
        <line num="10" count="1" type="stmt"/>
        <line num="17" count="5" type="stmt"/>
        <line num="21" count="7" type="stmt"/>
        <line num="22" count="7" type="stmt"/>
        <line num="25" count="7" type="stmt"/>
        <line num="26" count="5" type="stmt"/>
        <line num="28" count="630" type="stmt"/>
        <line num="29" count="630" type="stmt"/>
        <line num="35" count="7" type="stmt"/>
        <line num="37" count="574" type="stmt"/>
        <line num="38" count="574" type="stmt"/>
        <line num="42" count="7" type="stmt"/>
        <line num="46" count="7" type="stmt"/>
        <line num="57" count="7" type="stmt"/>
        <line num="58" count="1" type="stmt"/>
        <line num="59" count="1" type="stmt"/>
        <line num="63" count="7" type="stmt"/>
        <line num="64" count="1" type="stmt"/>
        <line num="65" count="1" type="stmt"/>
        <line num="69" count="7" type="stmt"/>
        <line num="70" count="0" type="stmt"/>
        <line num="71" count="0" type="stmt"/>
        <line num="120" count="1" type="cond" truecount="2" falsecount="0"/>
        <line num="129" count="574" type="stmt"/>
        <line num="130" count="574" type="cond" truecount="2" falsecount="0"/>
      </file>
      <file name="TimeSlotPicker.tsx" path="C:\Users\glaub\OneDrive\AI\aria-clinic\components\scheduler\TimeSlotPicker.tsx">
        <metrics statements="6" coveredstatements="6" conditionals="8" coveredconditionals="8" methods="4" coveredmethods="4"/>
        <line num="3" count="1" type="stmt"/>
        <line num="4" count="1" type="stmt"/>
        <line num="21" count="10" type="stmt"/>
        <line num="28" count="11" type="stmt"/>
        <line num="35" count="32" type="stmt"/>
        <line num="41" count="1" type="stmt"/>
      </file>
      <file name="WaitlistForm.tsx" path="C:\Users\glaub\OneDrive\AI\aria-clinic\components\scheduler\WaitlistForm.tsx">
        <metrics statements="18" coveredstatements="12" conditionals="13" coveredconditionals="9" methods="4" coveredmethods="2"/>
        <line num="3" count="1" type="stmt"/>
        <line num="4" count="1" type="stmt"/>
        <line num="5" count="1" type="stmt"/>
        <line num="6" count="1" type="stmt"/>
        <line num="15" count="1" type="stmt"/>
        <line num="16" count="1" type="stmt"/>
        <line num="23" count="1" type="stmt"/>
        <line num="25" count="1" type="stmt"/>
        <line num="33" count="4" type="stmt"/>
        <line num="38" count="9" type="stmt"/>
        <line num="48" count="9" type="stmt"/>
        <line num="50" count="0" type="stmt"/>
        <line num="51" count="0" type="stmt"/>
        <line num="52" count="0" type="stmt"/>
        <line num="54" count="0" type="stmt"/>
        <line num="102" count="18" type="stmt"/>
        <line num="128" count="0" type="cond" truecount="0" falsecount="2"/>
        <line num="129" count="0" type="stmt"/>
      </file>
    </package>
    <package name="components.ui">
      <metrics statements="82" coveredstatements="72" conditionals="35" coveredconditionals="30" methods="15" coveredmethods="9"/>
      <file name="badge.tsx" path="C:\Users\glaub\OneDrive\AI\aria-clinic\components\ui\badge.tsx">
        <metrics statements="7" coveredstatements="7" conditionals="1" coveredconditionals="0" methods="1" coveredmethods="1"/>
        <line num="1" count="1" type="stmt"/>
        <line num="2" count="1" type="stmt"/>
        <line num="3" count="1" type="stmt"/>
        <line num="5" count="1" type="stmt"/>
        <line num="7" count="1" type="stmt"/>
        <line num="36" count="9" type="stmt"/>
        <line num="52" count="9" type="stmt"/>
      </file>
      <file name="button.tsx" path="C:\Users\glaub\OneDrive\AI\aria-clinic\components\ui\button.tsx">
        <metrics statements="5" coveredstatements="5" conditionals="2" coveredconditionals="2" methods="1" coveredmethods="1"/>
        <line num="1" count="3" type="stmt"/>
        <line num="2" count="3" type="stmt"/>
        <line num="4" count="3" type="stmt"/>
        <line num="6" count="3" type="stmt"/>
        <line num="58" count="62" type="stmt"/>
      </file>
      <file name="card.tsx" path="C:\Users\glaub\OneDrive\AI\aria-clinic\components\ui\card.tsx">
        <metrics statements="9" coveredstatements="3" conditionals="1" coveredconditionals="1" methods="7" coveredmethods="1"/>
        <line num="1" count="2" type="stmt"/>
        <line num="3" count="2" type="stmt"/>
        <line num="96" count="16" type="stmt"/>
        <line num="97" count="0" type="stmt"/>
        <line num="98" count="0" type="stmt"/>
        <line num="99" count="0" type="stmt"/>
        <line num="100" count="0" type="stmt"/>
        <line num="101" count="0" type="stmt"/>
        <line num="102" count="0" type="stmt"/>
      </file>
      <file name="form.tsx" path="C:\Users\glaub\OneDrive\AI\aria-clinic\components\ui\form.tsx">
        <metrics statements="41" coveredstatements="39" conditionals="18" coveredconditionals="17" methods="6" coveredmethods="6"/>
        <line num="3" count="1" type="stmt"/>
        <line num="4" count="1" type="stmt"/>
        <line num="12" count="1" type="stmt"/>
        <line num="14" count="1" type="stmt"/>
        <line num="23" count="1" type="stmt"/>
        <line num="38" count="1" type="stmt"/>
        <line num="39" count="135" type="stmt"/>
        <line num="40" count="135" type="stmt"/>
        <line num="41" count="135" type="stmt"/>
        <line num="43" count="135" type="stmt"/>
        <line num="45" count="135" type="cond" truecount="1" falsecount="1"/>
        <line num="46" count="0" type="stmt"/>
        <line num="49" count="135" type="stmt"/>
        <line num="51" count="135" type="stmt"/>
        <line num="65" count="1" type="stmt"/>
        <line num="69" count="1" type="stmt"/>
        <line num="73" count="36" type="stmt"/>
        <line num="81" count="1" type="stmt"/>
        <line num="83" count="1" type="stmt"/>
        <line num="87" count="36" type="stmt"/>
        <line num="100" count="1" type="stmt"/>
        <line num="102" count="1" type="stmt"/>
        <line num="106" count="36" type="stmt"/>
        <line num="122" count="1" type="stmt"/>
        <line num="124" count="1" type="stmt"/>
        <line num="128" count="27" type="stmt"/>
        <line num="139" count="1" type="stmt"/>
        <line num="141" count="1" type="stmt"/>
        <line num="145" count="36" type="stmt"/>
        <line num="146" count="36" type="cond" truecount="2" falsecount="0"/>
        <line num="148" count="36" type="cond" truecount="2" falsecount="0"/>
        <line num="149" count="35" type="stmt"/>
        <line num="163" count="1" type="stmt"/>
        <line num="166" count="0" type="stmt"/>
        <line num="167" count="9" type="stmt"/>
        <line num="168" count="36" type="stmt"/>
        <line num="169" count="36" type="stmt"/>
        <line num="170" count="36" type="stmt"/>
        <line num="171" count="27" type="stmt"/>
        <line num="172" count="36" type="stmt"/>
        <line num="173" count="36" type="stmt"/>
      </file>
      <file name="input.tsx" path="C:\Users\glaub\OneDrive\AI\aria-clinic\components\ui\input.tsx">
        <metrics statements="3" coveredstatements="3" conditionals="2" coveredconditionals="2" methods="0" coveredmethods="0"/>
        <line num="1" count="1" type="stmt"/>
        <line num="13" count="1" type="stmt"/>
        <line num="15" count="27" type="stmt"/>
      </file>
      <file name="select.tsx" path="C:\Users\glaub\OneDrive\AI\aria-clinic\components\ui\select.tsx">
        <metrics statements="17" coveredstatements="15" conditionals="11" coveredconditionals="8" methods="0" coveredmethods="0"/>
        <line num="3" count="1" type="stmt"/>
        <line num="4" count="1" type="stmt"/>
        <line num="5" count="1" type="stmt"/>
        <line num="7" count="1" type="stmt"/>
        <line num="9" count="1" type="stmt"/>
        <line num="11" count="1" type="stmt"/>
        <line num="28" count="1" type="stmt"/>
        <line num="53" count="1" type="stmt"/>
        <line num="73" count="1" type="stmt"/>
        <line num="85" count="1" type="stmt"/>
        <line num="88" count="9" type="stmt"/>
        <line num="89" count="0" type="stmt"/>
        <line num="90" count="9" type="stmt"/>
        <line num="91" count="9" type="stmt"/>
        <line num="92" count="9" type="stmt"/>
        <line num="93" count="18" type="stmt"/>
        <line num="94" count="0" type="stmt"/>
      </file>
    </package>
    <package name="lib">
      <metrics statements="68" coveredstatements="42" conditionals="40" coveredconditionals="19" methods="12" coveredmethods="9"/>
      <file name="rate-limit.ts" path="C:\Users\glaub\OneDrive\AI\aria-clinic\lib\rate-limit.ts">
        <metrics statements="64" coveredstatements="38" conditionals="40" coveredconditionals="19" methods="11" coveredmethods="8"/>
        <line num="27" count="1" type="stmt"/>
        <line num="29" count="1" type="stmt"/>
        <line num="30" count="1" type="stmt"/>
        <line num="33" count="1" type="cond" truecount="2" falsecount="2"/>
        <line num="34" count="0" type="stmt"/>
        <line num="36" count="0" type="stmt"/>
        <line num="37" count="0" type="stmt"/>
        <line num="41" count="0" type="stmt"/>
        <line num="42" count="0" type="stmt"/>
        <line num="44" count="0" type="stmt"/>
        <line num="45" count="0" type="stmt"/>
        <line num="48" count="0" type="stmt"/>
        <line num="56" count="23" type="stmt"/>
        <line num="62" count="23" type="stmt"/>
        <line num="65" count="23" type="cond" truecount="2" falsecount="2"/>
        <line num="66" count="0" type="stmt"/>
        <line num="67" count="0" type="stmt"/>
        <line num="69" count="0" type="cond" truecount="0" falsecount="2"/>
        <line num="71" count="0" type="stmt"/>
        <line num="74" count="0" type="stmt"/>
        <line num="75" count="0" type="cond" truecount="0" falsecount="2"/>
        <line num="77" count="0" type="stmt"/>
        <line num="83" count="0" type="stmt"/>
        <line num="89" count="23" type="stmt"/>
        <line num="100" count="23" type="stmt"/>
        <line num="101" count="23" type="stmt"/>
        <line num="104" count="23" type="cond" truecount="2" falsecount="0"/>
        <line num="107" count="26" type="stmt"/>
        <line num="109" count="23" type="cond" truecount="2" falsecount="0"/>
        <line num="111" count="3" type="stmt"/>
        <line num="112" count="3" type="stmt"/>
        <line num="114" count="3" type="stmt"/>
        <line num="122" count="20" type="stmt"/>
        <line num="123" count="20" type="stmt"/>
        <line num="126" count="20" type="cond" truecount="2" falsecount="0"/>
        <line num="127" count="1" type="stmt"/>
        <line num="130" count="20" type="stmt"/>
        <line num="141" count="1" type="stmt"/>
        <line num="142" count="1" type="stmt"/>
        <line num="144" count="1" type="stmt"/>
        <line num="145" count="7" type="stmt"/>
        <line num="146" count="3" type="cond" truecount="1" falsecount="1"/>
        <line num="147" count="0" type="stmt"/>
        <line num="149" count="3" type="stmt"/>
        <line num="158" count="19" type="stmt"/>
        <line num="159" count="19" type="stmt"/>
        <line num="161" count="19" type="cond" truecount="2" falsecount="2"/>
        <line num="162" count="0" type="stmt"/>
        <line num="163" count="0" type="stmt"/>
        <line num="164" count="0" type="stmt"/>
        <line num="166" count="0" type="stmt"/>
        <line num="170" count="19" type="stmt"/>
        <line num="176" count="4" type="stmt"/>
        <line num="182" count="4" type="stmt"/>
        <line num="184" count="4" type="cond" truecount="2" falsecount="2"/>
        <line num="185" count="0" type="stmt"/>
        <line num="186" count="0" type="stmt"/>
        <line num="187" count="0" type="cond" truecount="0" falsecount="2"/>
        <line num="189" count="0" type="stmt"/>
        <line num="195" count="0" type="stmt"/>
        <line num="200" count="4" type="stmt"/>
        <line num="201" count="4" type="stmt"/>
        <line num="202" count="4" type="cond" truecount="2" falsecount="0"/>
        <line num="204" count="4" type="stmt"/>
      </file>
      <file name="utils.ts" path="C:\Users\glaub\OneDrive\AI\aria-clinic\lib\utils.ts">
        <metrics statements="4" coveredstatements="4" conditionals="0" coveredconditionals="0" methods="1" coveredmethods="1"/>
        <line num="1" count="4" type="stmt"/>
        <line num="2" count="4" type="stmt"/>
        <line num="4" count="87" type="stmt"/>
        <line num="5" count="87" type="stmt"/>
      </file>
    </package>
    <package name="lib.auth">
      <metrics statements="67" coveredstatements="51" conditionals="38" coveredconditionals="29" methods="8" coveredmethods="8"/>
      <file name="permissions.ts" path="C:\Users\glaub\OneDrive\AI\aria-clinic\lib\auth\permissions.ts">
        <metrics statements="67" coveredstatements="51" conditionals="38" coveredconditionals="29" methods="8" coveredmethods="8"/>
        <line num="7" count="3" type="stmt"/>
        <line num="12" count="5" type="stmt"/>
        <line num="13" count="5" type="stmt"/>
        <line num="20" count="4" type="cond" truecount="4" falsecount="0"/>
        <line num="21" count="1" type="stmt"/>
        <line num="22" count="1" type="stmt"/>
        <line num="25" count="3" type="stmt"/>
        <line num="26" count="3" type="cond" truecount="1" falsecount="1"/>
        <line num="27" count="3" type="cond" truecount="1" falsecount="1"/>
        <line num="29" count="1" type="stmt"/>
        <line num="30" count="1" type="stmt"/>
        <line num="38" count="2" type="stmt"/>
        <line num="44" count="2" type="stmt"/>
        <line num="45" count="2" type="stmt"/>
        <line num="53" count="3" type="stmt"/>
        <line num="59" count="3" type="stmt"/>
        <line num="60" count="3" type="stmt"/>
        <line num="67" count="3" type="cond" truecount="3" falsecount="1"/>
        <line num="68" count="0" type="stmt"/>
        <line num="69" count="0" type="stmt"/>
        <line num="72" count="3" type="stmt"/>
        <line num="73" count="3" type="cond" truecount="1" falsecount="1"/>
        <line num="74" count="3" type="cond" truecount="2" falsecount="0"/>
        <line num="76" count="3" type="cond" truecount="2" falsecount="0"/>
        <line num="78" count="0" type="stmt"/>
        <line num="79" count="0" type="stmt"/>
        <line num="87" count="2" type="stmt"/>
        <line num="91" count="2" type="stmt"/>
        <line num="92" count="2" type="stmt"/>
        <line num="97" count="2" type="cond" truecount="3" falsecount="1"/>
        <line num="98" count="0" type="stmt"/>
        <line num="99" count="0" type="stmt"/>
        <line num="102" count="2" type="stmt"/>
        <line num="104" count="2" type="stmt"/>
        <line num="105" count="2" type="cond" truecount="1" falsecount="1"/>
        <line num="106" count="2" type="stmt"/>
        <line num="111" count="2" type="stmt"/>
        <line num="113" count="0" type="stmt"/>
        <line num="114" count="0" type="stmt"/>
        <line num="122" count="2" type="stmt"/>
        <line num="128" count="2" type="stmt"/>
        <line num="130" count="2" type="stmt"/>
        <line num="136" count="2" type="cond" truecount="4" falsecount="0"/>
        <line num="137" count="1" type="stmt"/>
        <line num="138" count="1" type="stmt"/>
        <line num="141" count="1" type="stmt"/>
        <line num="144" count="1" type="stmt"/>
        <line num="157" count="1" type="cond" truecount="1" falsecount="1"/>
        <line num="158" count="0" type="stmt"/>
        <line num="159" count="0" type="stmt"/>
        <line num="162" count="1" type="stmt"/>
        <line num="164" count="0" type="stmt"/>
        <line num="165" count="0" type="stmt"/>
        <line num="173" count="2" type="stmt"/>
        <line num="179" count="2" type="stmt"/>
        <line num="181" count="2" type="stmt"/>
        <line num="187" count="2" type="cond" truecount="4" falsecount="0"/>
        <line num="188" count="1" type="stmt"/>
        <line num="189" count="1" type="stmt"/>
        <line num="192" count="1" type="stmt"/>
        <line num="195" count="1" type="stmt"/>
        <line num="202" count="1" type="cond" truecount="1" falsecount="1"/>
        <line num="203" count="0" type="stmt"/>
        <line num="204" count="0" type="stmt"/>
        <line num="207" count="1" type="stmt"/>
        <line num="209" count="0" type="stmt"/>
        <line num="210" count="0" type="stmt"/>
      </file>
    </package>
    <package name="lib.mock">
      <metrics statements="6" coveredstatements="6" conditionals="0" coveredconditionals="0" methods="1" coveredmethods="1"/>
      <file name="dashboard-data.ts" path="C:\Users\glaub\OneDrive\AI\aria-clinic\lib\mock\dashboard-data.ts">
        <metrics statements="2" coveredstatements="2" conditionals="0" coveredconditionals="0" methods="0" coveredmethods="0"/>
        <line num="6" count="1" type="stmt"/>
        <line num="19" count="18" type="stmt"/>
      </file>
      <file name="financial-data.ts" path="C:\Users\glaub\OneDrive\AI\aria-clinic\lib\mock\financial-data.ts">
        <metrics statements="1" coveredstatements="1" conditionals="0" coveredconditionals="0" methods="0" coveredmethods="0"/>
        <line num="6" count="23" type="stmt"/>
      </file>
      <file name="patient-data.ts" path="C:\Users\glaub\OneDrive\AI\aria-clinic\lib\mock\patient-data.ts">
        <metrics statements="1" coveredstatements="1" conditionals="0" coveredconditionals="0" methods="0" coveredmethods="0"/>
        <line num="9" count="21" type="stmt"/>
      </file>
      <file name="protocol-data.ts" path="C:\Users\glaub\OneDrive\AI\aria-clinic\lib\mock\protocol-data.ts">
        <metrics statements="2" coveredstatements="2" conditionals="0" coveredconditionals="0" methods="1" coveredmethods="1"/>
        <line num="7" count="19" type="stmt"/>
        <line num="30" count="50" type="stmt"/>
      </file>
    </package>
    <package name="lib.store">
      <metrics statements="105" coveredstatements="78" conditionals="50" coveredconditionals="38" methods="43" coveredmethods="31"/>
      <file name="scheduler.ts" path="C:\Users\glaub\OneDrive\AI\aria-clinic\lib\store\scheduler.ts">
        <metrics statements="105" coveredstatements="78" conditionals="50" coveredconditionals="38" methods="43" coveredmethods="31"/>
        <line num="1" count="3" type="stmt"/>
        <line num="2" count="3" type="stmt"/>
        <line num="5" count="3" type="stmt"/>
        <line num="6" count="799" type="cond" truecount="3" falsecount="1"/>
        <line num="7" count="799" type="stmt"/>
        <line num="10" count="0" type="stmt"/>
        <line num="11" count="0" type="stmt"/>
        <line num="12" count="0" type="cond" truecount="0" falsecount="2"/>
        <line num="13" count="0" type="stmt"/>
        <line num="74" count="3" type="stmt"/>
        <line num="128" count="3" type="stmt"/>
        <line num="147" count="3" type="stmt"/>
        <line num="148" count="3" type="stmt"/>
        <line num="149" count="3" type="stmt"/>
        <line num="150" count="3" type="stmt"/>
        <line num="173" count="3" type="stmt"/>
        <line num="180" count="3" type="stmt"/>
        <line num="189" count="3" type="stmt"/>
        <line num="195" count="3" type="stmt"/>
        <line num="197" count="3" type="stmt"/>
        <line num="200" count="3" type="cond" truecount="2" falsecount="0"/>
        <line num="201" count="235" type="stmt"/>
        <line num="202" count="235" type="stmt"/>
        <line num="205" count="235" type="cond" truecount="4" falsecount="0"/>
        <line num="206" count="67" type="stmt"/>
        <line num="210" count="168" type="stmt"/>
        <line num="211" count="168" type="cond" truecount="2" falsecount="0"/>
        <line num="212" count="330" type="stmt"/>
        <line num="213" count="330" type="stmt"/>
        <line num="214" count="330" type="cond" truecount="2" falsecount="0"/>
        <line num="215" count="330" type="stmt"/>
        <line num="217" count="330" type="stmt"/>
        <line num="238" count="330" type="stmt"/>
        <line num="243" count="3" type="stmt"/>
        <line num="244" count="90" type="stmt"/>
        <line num="245" count="90" type="stmt"/>
        <line num="248" count="90" type="cond" truecount="4" falsecount="0"/>
        <line num="249" count="30" type="stmt"/>
        <line num="253" count="60" type="stmt"/>
        <line num="254" count="60" type="cond" truecount="2" falsecount="0"/>
        <line num="255" count="54" type="stmt"/>
        <line num="256" count="54" type="stmt"/>
        <line num="257" count="54" type="cond" truecount="2" falsecount="0"/>
        <line num="258" count="54" type="stmt"/>
        <line num="260" count="54" type="stmt"/>
        <line num="281" count="54" type="stmt"/>
        <line num="285" count="3" type="stmt"/>
        <line num="288" count="3" type="stmt"/>
        <line num="340" count="43" type="stmt"/>
        <line num="356" count="1" type="stmt"/>
        <line num="360" count="1" type="stmt"/>
        <line num="363" count="1" type="stmt"/>
        <line num="367" count="1" type="stmt"/>
        <line num="369" count="135" type="cond" truecount="2" falsecount="0"/>
        <line num="375" count="1" type="stmt"/>
        <line num="377" count="135" type="cond" truecount="2" falsecount="0"/>
        <line num="383" count="1" type="stmt"/>
        <line num="384" count="1" type="stmt"/>
        <line num="385" count="135" type="stmt"/>
        <line num="386" count="135" type="stmt"/>
        <line num="395" count="1" type="stmt"/>
        <line num="396" count="1" type="stmt"/>
        <line num="397" count="135" type="stmt"/>
        <line num="398" count="135" type="stmt"/>
        <line num="406" count="2" type="stmt"/>
        <line num="407" count="6" type="stmt"/>
        <line num="411" count="0" type="stmt"/>
        <line num="412" count="0" type="stmt"/>
        <line num="416" count="0" type="stmt"/>
        <line num="417" count="0" type="stmt"/>
        <line num="421" count="15" type="stmt"/>
        <line num="426" count="15" type="stmt"/>
        <line num="429" count="15" type="stmt"/>
        <line num="433" count="10" type="stmt"/>
        <line num="435" count="105" type="cond" truecount="2" falsecount="0"/>
        <line num="441" count="1" type="stmt"/>
        <line num="442" count="9" type="stmt"/>
        <line num="447" count="2" type="stmt"/>
        <line num="448" count="2" type="stmt"/>
        <line num="449" count="18" type="stmt"/>
        <line num="450" count="4" type="stmt"/>
        <line num="451" count="2" type="cond" truecount="2" falsecount="0"/>
        <line num="455" count="1" type="stmt"/>
        <line num="456" count="1" type="stmt"/>
        <line num="457" count="11" type="stmt"/>
        <line num="458" count="6" type="stmt"/>
        <line num="462" count="0" type="stmt"/>
        <line num="474" count="0" type="stmt"/>
        <line num="475" count="0" type="stmt"/>
        <line num="477" count="0" type="cond" truecount="0" falsecount="2"/>
        <line num="478" count="0" type="stmt"/>
        <line num="481" count="0" type="stmt"/>
        <line num="482" count="0" type="cond" truecount="0" falsecount="2"/>
        <line num="483" count="0" type="stmt"/>
        <line num="487" count="0" type="stmt"/>
        <line num="488" count="0" type="stmt"/>
        <line num="489" count="0" type="stmt"/>
        <line num="490" count="0" type="stmt"/>
        <line num="495" count="0" type="stmt"/>
        <line num="504" count="0" type="stmt"/>
        <line num="508" count="0" type="stmt"/>
        <line num="510" count="0" type="cond" truecount="0" falsecount="2"/>
        <line num="511" count="0" type="stmt"/>
        <line num="520" count="0" type="stmt"/>
        <line num="524" count="0" type="stmt"/>
      </file>
    </package>
    <package name="lib.utils">
      <metrics statements="171" coveredstatements="153" conditionals="79" coveredconditionals="70" methods="39" coveredmethods="35"/>
      <file name="analytics.ts" path="C:\Users\glaub\OneDrive\AI\aria-clinic\lib\utils\analytics.ts">
        <metrics statements="33" coveredstatements="33" conditionals="12" coveredconditionals="11" methods="9" coveredmethods="9"/>
        <line num="21" count="1" type="stmt"/>
        <line num="27" count="15" type="stmt"/>
        <line num="31" count="15" type="cond" truecount="2" falsecount="0"/>
        <line num="32" count="1" type="stmt"/>
        <line num="44" count="14" type="stmt"/>
        <line num="47" count="36" type="stmt"/>
        <line num="48" count="36" type="stmt"/>
        <line num="51" count="14" type="stmt"/>
        <line num="54" count="14" type="stmt"/>
        <line num="57" count="36" type="stmt"/>
        <line num="58" count="14" type="stmt"/>
        <line num="61" count="14" type="stmt"/>
        <line num="62" count="14" type="stmt"/>
        <line num="63" count="36" type="cond" truecount="2" falsecount="0"/>
        <line num="66" count="14" type="stmt"/>
        <line num="67" count="14" type="stmt"/>
        <line num="68" count="14" type="stmt"/>
        <line num="69" count="16" type="cond" truecount="2" falsecount="0"/>
        <line num="70" count="14" type="stmt"/>
        <line num="71" count="14" type="stmt"/>
        <line num="75" count="14" type="stmt"/>
        <line num="78" count="14" type="stmt"/>
        <line num="79" count="14" type="stmt"/>
        <line num="80" count="36" type="stmt"/>
        <line num="81" count="36" type="stmt"/>
        <line num="82" count="36" type="cond" truecount="2" falsecount="0"/>
        <line num="85" count="14" type="stmt"/>
        <line num="86" count="14" type="stmt"/>
        <line num="87" count="14" type="stmt"/>
        <line num="88" count="30" type="cond" truecount="2" falsecount="0"/>
        <line num="89" count="14" type="stmt"/>
        <line num="90" count="14" type="stmt"/>
        <line num="94" count="14" type="stmt"/>
      </file>
      <file name="export.ts" path="C:\Users\glaub\OneDrive\AI\aria-clinic\lib\utils\export.ts">
        <metrics statements="19" coveredstatements="9" conditionals="0" coveredconditionals="0" methods="5" coveredmethods="4"/>
        <line num="2" count="1" type="stmt"/>
        <line num="7" count="6" type="stmt"/>
        <line num="8" count="6" type="stmt"/>
        <line num="10" count="8" type="stmt"/>
        <line num="21" count="6" type="stmt"/>
        <line num="24" count="8" type="stmt"/>
        <line num="27" count="56" type="stmt"/>
        <line num="28" count="56" type="stmt"/>
        <line num="34" count="6" type="stmt"/>
        <line num="40" count="0" type="stmt"/>
        <line num="41" count="0" type="stmt"/>
        <line num="42" count="0" type="stmt"/>
        <line num="43" count="0" type="stmt"/>
        <line num="45" count="0" type="stmt"/>
        <line num="46" count="0" type="stmt"/>
        <line num="47" count="0" type="stmt"/>
        <line num="49" count="0" type="stmt"/>
        <line num="50" count="0" type="stmt"/>
        <line num="51" count="0" type="stmt"/>
      </file>
      <file name="history.ts" path="C:\Users\glaub\OneDrive\AI\aria-clinic\lib\utils\history.ts">
        <metrics statements="50" coveredstatements="46" conditionals="46" coveredconditionals="41" methods="7" coveredmethods="7"/>
        <line num="17" count="25" type="stmt"/>
        <line num="21" count="25" type="stmt"/>
        <line num="24" count="25" type="cond" truecount="2" falsecount="0"/>
        <line num="25" count="4" type="stmt"/>
        <line num="26" count="13" type="stmt"/>
        <line num="27" count="13" type="stmt"/>
        <line num="28" count="13" type="stmt"/>
        <line num="32" count="25" type="cond" truecount="2" falsecount="0"/>
        <line num="33" count="5" type="stmt"/>
        <line num="34" count="15" type="stmt"/>
        <line num="35" count="15" type="stmt"/>
        <line num="37" count="15" type="stmt"/>
        <line num="38" count="15" type="stmt"/>
        <line num="43" count="25" type="cond" truecount="4" falsecount="0"/>
        <line num="44" count="14" type="stmt"/>
        <line num="48" count="25" type="cond" truecount="4" falsecount="0"/>
        <line num="49" count="9" type="stmt"/>
        <line num="53" count="25" type="cond" truecount="4" falsecount="0"/>
        <line num="54" count="5" type="stmt"/>
        <line num="55" count="5" type="stmt"/>
        <line num="57" count="10" type="cond" truecount="2" falsecount="0"/>
        <line num="62" count="25" type="cond" truecount="2" falsecount="0"/>
        <line num="63" count="25" type="cond" truecount="2" falsecount="0"/>
        <line num="65" count="25" type="stmt"/>
        <line num="69" count="36" type="cond" truecount="5" falsecount="1"/>
        <line num="71" count="20" type="stmt"/>
        <line num="72" count="20" type="stmt"/>
        <line num="73" count="20" type="stmt"/>
        <line num="75" count="4" type="stmt"/>
        <line num="76" count="4" type="stmt"/>
        <line num="77" count="4" type="stmt"/>
        <line num="79" count="4" type="stmt"/>
        <line num="80" count="4" type="stmt"/>
        <line num="81" count="4" type="stmt"/>
        <line num="83" count="4" type="stmt"/>
        <line num="84" count="4" type="stmt"/>
        <line num="85" count="4" type="stmt"/>
        <line num="87" count="4" type="stmt"/>
        <line num="88" count="4" type="stmt"/>
        <line num="89" count="4" type="stmt"/>
        <line num="91" count="0" type="stmt"/>
        <line num="92" count="0" type="stmt"/>
        <line num="96" count="36" type="cond" truecount="4" falsecount="0"/>
        <line num="97" count="12" type="cond" truecount="3" falsecount="1"/>
        <line num="98" count="6" type="cond" truecount="2" falsecount="2"/>
        <line num="99" count="0" type="stmt"/>
        <line num="103" count="24" type="cond" truecount="3" falsecount="1"/>
        <line num="104" count="24" type="cond" truecount="2" falsecount="0"/>
        <line num="107" count="0" type="stmt"/>
        <line num="110" count="25" type="stmt"/>
      </file>
      <file name="reminder.ts" path="C:\Users\glaub\OneDrive\AI\aria-clinic\lib\utils\reminder.ts">
        <metrics statements="21" coveredstatements="21" conditionals="3" coveredconditionals="3" methods="4" coveredmethods="4"/>
        <line num="7" count="10" type="stmt"/>
        <line num="21" count="4" type="stmt"/>
        <line num="22" count="21" type="stmt"/>
        <line num="36" count="21" type="stmt"/>
        <line num="37" count="21" type="stmt"/>
        <line num="38" count="21" type="stmt"/>
        <line num="46" count="34" type="stmt"/>
        <line num="53" count="11" type="stmt"/>
        <line num="58" count="17" type="stmt"/>
        <line num="61" count="17" type="stmt"/>
        <line num="62" count="17" type="stmt"/>
        <line num="64" count="17" type="stmt"/>
        <line num="65" count="17" type="stmt"/>
        <line num="66" count="17" type="stmt"/>
        <line num="67" count="17" type="stmt"/>
        <line num="68" count="17" type="stmt"/>
        <line num="73" count="17" type="stmt"/>
        <line num="79" count="6" type="stmt"/>
        <line num="83" count="6" type="stmt"/>
        <line num="98" count="6" type="stmt"/>
        <line num="109" count="6" type="stmt"/>
      </file>
      <file name="scheduler.ts" path="C:\Users\glaub\OneDrive\AI\aria-clinic\lib\utils\scheduler.ts">
        <metrics statements="48" coveredstatements="44" conditionals="18" coveredconditionals="15" methods="14" coveredmethods="11"/>
        <line num="13" count="3" type="stmt"/>
        <line num="14" count="280" type="stmt"/>
        <line num="15" count="280" type="stmt"/>
        <line num="21" count="3" type="stmt"/>
        <line num="22" count="278" type="stmt"/>
        <line num="23" count="278" type="stmt"/>
        <line num="24" count="278" type="stmt"/>
        <line num="30" count="3" type="stmt"/>
        <line num="31" count="3" type="stmt"/>
        <line num="32" count="3" type="stmt"/>
        <line num="38" count="2" type="stmt"/>
        <line num="39" count="266" type="stmt"/>
        <line num="54" count="10" type="stmt"/>
        <line num="60" count="63" type="stmt"/>
        <line num="61" count="63" type="stmt"/>
        <line num="62" count="63" type="stmt"/>
        <line num="63" count="63" type="stmt"/>
        <line num="66" count="63" type="cond" truecount="2" falsecount="0"/>
        <line num="76" count="11" type="stmt"/>
        <line num="81" count="147" type="stmt"/>
        <line num="83" count="394" type="cond" truecount="2" falsecount="0"/>
        <line num="86" count="267" type="cond" truecount="2" falsecount="0"/>
        <line num="87" count="264" type="cond" truecount="2" falsecount="0"/>
        <line num="90" count="53" type="stmt"/>
        <line num="93" count="147" type="stmt"/>
        <line num="105" count="13" type="stmt"/>
        <line num="112" count="15" type="stmt"/>
        <line num="113" count="15" type="cond" truecount="2" falsecount="0"/>
        <line num="116" count="13" type="stmt"/>
        <line num="117" count="13" type="cond" truecount="2" falsecount="0"/>
        <line num="118" count="2" type="stmt"/>
        <line num="121" count="11" type="stmt"/>
        <line num="122" count="11" type="stmt"/>
        <line num="123" count="11" type="stmt"/>
        <line num="126" count="11" type="stmt"/>
        <line num="127" count="136" type="stmt"/>
        <line num="128" count="136" type="stmt"/>
        <line num="130" count="136" type="stmt"/>
        <line num="136" count="136" type="stmt"/>
        <line num="139" count="11" type="stmt"/>
        <line num="145" count="0" type="stmt"/>
        <line num="150" count="0" type="stmt"/>
        <line num="151" count="0" type="cond" truecount="0" falsecount="2"/>
        <line num="152" count="0" type="stmt"/>
        <line num="158" count="2" type="stmt"/>
        <line num="164" count="2" type="stmt"/>
        <line num="165" count="8" type="stmt"/>
        <line num="166" count="2" type="stmt"/>
      </file>
    </package>
    <package name="lib.validations">
      <metrics statements="36" coveredstatements="28" conditionals="12" coveredconditionals="8" methods="11" coveredmethods="7"/>
      <file name="appointment.ts" path="C:\Users\glaub\OneDrive\AI\aria-clinic\lib\validations\appointment.ts">
        <metrics statements="10" coveredstatements="8" conditionals="6" coveredconditionals="6" methods="4" coveredmethods="3"/>
        <line num="1" count="2" type="stmt"/>
        <line num="3" count="36" type="stmt"/>
        <line num="13" count="36" type="cond" truecount="2" falsecount="0"/>
        <line num="21" count="36" type="stmt"/>
        <line num="22" count="36" type="stmt"/>
        <line num="23" count="36" type="stmt"/>
        <line num="32" count="36" type="stmt"/>
        <line num="33" count="36" type="cond" truecount="4" falsecount="0"/>
        <line num="52" count="0" type="stmt"/>
        <line num="53" count="0" type="stmt"/>
      </file>
      <file name="auth.ts" path="C:\Users\glaub\OneDrive\AI\aria-clinic\lib\validations\auth.ts">
        <metrics statements="13" coveredstatements="12" conditionals="0" coveredconditionals="0" methods="2" coveredmethods="1"/>
        <line num="1" count="2" type="stmt"/>
        <line num="6" count="2" type="stmt"/>
        <line num="16" count="2" type="stmt"/>
        <line num="19" count="14" type="stmt"/>
        <line num="24" count="2" type="stmt"/>
        <line num="33" count="2" type="stmt"/>
        <line num="36" count="0" type="stmt"/>
        <line num="43" count="2" type="stmt"/>
        <line num="52" count="2" type="stmt"/>
        <line num="60" count="7" type="stmt"/>
        <line num="74" count="15" type="stmt"/>
        <line num="84" count="2" type="stmt"/>
        <line num="93" count="2" type="stmt"/>
      </file>
      <file name="profile.ts" path="C:\Users\glaub\OneDrive\AI\aria-clinic\lib\validations\profile.ts">
        <metrics statements="5" coveredstatements="5" conditionals="0" coveredconditionals="0" methods="2" coveredmethods="2"/>
        <line num="1" count="1" type="stmt"/>
        <line num="3" count="7" type="stmt"/>
        <line num="17" count="6" type="stmt"/>
        <line num="21" count="6" type="stmt"/>
        <line num="25" count="6" type="stmt"/>
      </file>
      <file name="waitlist.ts" path="C:\Users\glaub\OneDrive\AI\aria-clinic\lib\validations\waitlist.ts">
        <metrics statements="8" coveredstatements="3" conditionals="6" coveredconditionals="2" methods="3" coveredmethods="1"/>
        <line num="1" count="2" type="stmt"/>
        <line num="3" count="15" type="stmt"/>
        <line num="13" count="7" type="cond" truecount="2" falsecount="0"/>
        <line num="27" count="0" type="stmt"/>
        <line num="28" count="0" type="stmt"/>
        <line num="29" count="0" type="stmt"/>
        <line num="40" count="0" type="stmt"/>
        <line num="41" count="0" type="cond" truecount="0" falsecount="4"/>
      </file>
    </package>
  </project>
</coverage>
