{"C:\\Users\\glaub\\OneDrive\\AI\\aria-clinic\\components\\scheduler\\AppointmentActions.tsx": {"path":"C:\\Users\\glaub\\OneDrive\\AI\\aria-clinic\\components\\scheduler\\AppointmentActions.tsx","statementMap":{"0":{"start":{"line":36,"column":16},"end":{"line":36,"column":35}},"1":{"start":{"line":3,"column":25},"end":{"line":3,"column":null}},"2":{"start":{"line":4,"column":23},"end":{"line":4,"column":null}},"3":{"start":{"line":5,"column":34},"end":{"line":5,"column":null}},"4":{"start":{"line":13,"column":7},"end":{"line":13,"column":null}},"5":{"start":{"line":15,"column":28},"end":{"line":15,"column":null}},"6":{"start":{"line":28,"column":22},"end":{"line":34,"column":null}},"7":{"start":{"line":42,"column":52},"end":{"line":42,"column":null}},"8":{"start":{"line":43,"column":60},"end":{"line":43,"column":null}},"9":{"start":{"line":44,"column":56},"end":{"line":44,"column":null}},"10":{"start":{"line":45,"column":42},"end":{"line":45,"column":null}},"11":{"start":{"line":46,"column":36},"end":{"line":46,"column":null}},"12":{"start":{"line":48,"column":24},"end":{"line":50,"column":null}},"13":{"start":{"line":49,"column":4},"end":{"line":49,"column":null}},"14":{"start":{"line":52,"column":23},"end":{"line":56,"column":null}},"15":{"start":{"line":53,"column":4},"end":{"line":53,"column":null}},"16":{"start":{"line":54,"column":4},"end":{"line":54,"column":null}},"17":{"start":{"line":55,"column":4},"end":{"line":55,"column":null}},"18":{"start":{"line":58,"column":25},"end":{"line":62,"column":null}},"19":{"start":{"line":59,"column":4},"end":{"line":59,"column":null}},"20":{"start":{"line":60,"column":4},"end":{"line":60,"column":null}},"21":{"start":{"line":61,"column":4},"end":{"line":61,"column":null}},"22":{"start":{"line":64,"column":27},"end":{"line":66,"column":null}},"23":{"start":{"line":65,"column":4},"end":{"line":65,"column":null}},"24":{"start":{"line":68,"column":27},"end":{"line":71,"column":null}},"25":{"start":{"line":69,"column":4},"end":{"line":69,"column":null}},"26":{"start":{"line":70,"column":4},"end":{"line":70,"column":null}},"27":{"start":{"line":107,"column":31},"end":{"line":107,"column":null}},"28":{"start":{"line":121,"column":31},"end":{"line":121,"column":null}},"29":{"start":{"line":149,"column":33},"end":{"line":149,"column":null}},"30":{"start":{"line":185,"column":33},"end":{"line":185,"column":null}},"31":{"start":{"line":220,"column":35},"end":{"line":220,"column":null}},"32":{"start":{"line":237,"column":20},"end":{"line":237,"column":null}},"33":{"start":{"line":238,"column":20},"end":{"line":238,"column":null}},"34":{"start":{"line":274,"column":35},"end":{"line":274,"column":null}},"35":{"start":{"line":278,"column":20},"end":{"line":278,"column":41}},"36":{"start":{"line":295,"column":20},"end":{"line":295,"column":null}},"37":{"start":{"line":296,"column":20},"end":{"line":296,"column":null}}},"fnMap":{"0":{"name":"AppointmentActions","decl":{"start":{"line":36,"column":16},"end":{"line":36,"column":35}},"loc":{"start":{"line":41,"column":26},"end":{"line":324,"column":null}}},"1":{"name":"(anonymous_2)","decl":{"start":{"line":48,"column":24},"end":{"line":48,"column":null}},"loc":{"start":{"line":48,"column":24},"end":{"line":50,"column":null}}},"2":{"name":"(anonymous_3)","decl":{"start":{"line":52,"column":23},"end":{"line":52,"column":null}},"loc":{"start":{"line":52,"column":23},"end":{"line":56,"column":null}}},"3":{"name":"(anonymous_4)","decl":{"start":{"line":58,"column":25},"end":{"line":58,"column":null}},"loc":{"start":{"line":58,"column":25},"end":{"line":62,"column":null}}},"4":{"name":"(anonymous_5)","decl":{"start":{"line":64,"column":27},"end":{"line":64,"column":null}},"loc":{"start":{"line":64,"column":27},"end":{"line":66,"column":null}}},"5":{"name":"(anonymous_6)","decl":{"start":{"line":68,"column":27},"end":{"line":68,"column":null}},"loc":{"start":{"line":68,"column":27},"end":{"line":71,"column":null}}},"6":{"name":"(anonymous_7)","decl":{"start":{"line":107,"column":25},"end":{"line":107,"column":31}},"loc":{"start":{"line":107,"column":31},"end":{"line":107,"column":null}}},"7":{"name":"(anonymous_8)","decl":{"start":{"line":121,"column":25},"end":{"line":121,"column":31}},"loc":{"start":{"line":121,"column":31},"end":{"line":121,"column":null}}},"8":{"name":"(anonymous_9)","decl":{"start":{"line":149,"column":27},"end":{"line":149,"column":33}},"loc":{"start":{"line":149,"column":33},"end":{"line":149,"column":null}}},"9":{"name":"(anonymous_10)","decl":{"start":{"line":185,"column":27},"end":{"line":185,"column":33}},"loc":{"start":{"line":185,"column":33},"end":{"line":185,"column":null}}},"10":{"name":"(anonymous_11)","decl":{"start":{"line":220,"column":28},"end":{"line":220,"column":29}},"loc":{"start":{"line":220,"column":35},"end":{"line":220,"column":null}}},"11":{"name":"(anonymous_12)","decl":{"start":{"line":236,"column":27},"end":{"line":236,"column":null}},"loc":{"start":{"line":236,"column":27},"end":{"line":239,"column":null}}},"12":{"name":"(anonymous_13)","decl":{"start":{"line":274,"column":28},"end":{"line":274,"column":29}},"loc":{"start":{"line":274,"column":35},"end":{"line":274,"column":null}}},"13":{"name":"(anonymous_14)","decl":{"start":{"line":277,"column":37},"end":{"line":277,"column":38}},"loc":{"start":{"line":278,"column":20},"end":{"line":278,"column":41}}},"14":{"name":"(anonymous_15)","decl":{"start":{"line":294,"column":27},"end":{"line":294,"column":null}},"loc":{"start":{"line":294,"column":27},"end":{"line":297,"column":null}}}},"branchMap":{"0":{"loc":{"start":{"line":39,"column":2},"end":{"line":39,"column":19}},"type":"default-arg","locations":[{"start":{"line":39,"column":14},"end":{"line":39,"column":19}}]},"1":{"loc":{"start":{"line":92,"column":13},"end":{"line":92,"column":null}},"type":"binary-expr","locations":[{"start":{"line":92,"column":13},"end":{"line":92,"column":null}}]},"2":{"loc":{"start":{"line":104,"column":14},"end":{"line":104,"column":null}},"type":"binary-expr","locations":[{"start":{"line":104,"column":14},"end":{"line":104,"column":null}},{"start":{"line":105,"column":14},"end":{"line":105,"column":47}}]},"3":{"loc":{"start":{"line":118,"column":14},"end":{"line":118,"column":null}},"type":"binary-expr","locations":[{"start":{"line":118,"column":14},"end":{"line":118,"column":null}},{"start":{"line":119,"column":14},"end":{"line":119,"column":47}}]},"4":{"loc":{"start":{"line":132,"column":14},"end":{"line":132,"column":null}},"type":"binary-expr","locations":[{"start":{"line":132,"column":14},"end":{"line":132,"column":null}},{"start":{"line":133,"column":14},"end":{"line":133,"column":47}}]},"5":{"loc":{"start":{"line":146,"column":13},"end":{"line":146,"column":null}},"type":"binary-expr","locations":[{"start":{"line":146,"column":13},"end":{"line":146,"column":null}},{"start":{"line":147,"column":14},"end":{"line":147,"column":null}}]},"6":{"loc":{"start":{"line":163,"column":7},"end":{"line":163,"column":null}},"type":"binary-expr","locations":[{"start":{"line":163,"column":7},"end":{"line":163,"column":null}}]},"7":{"loc":{"start":{"line":198,"column":7},"end":{"line":198,"column":null}},"type":"binary-expr","locations":[{"start":{"line":198,"column":7},"end":{"line":198,"column":null}}]},"8":{"loc":{"start":{"line":252,"column":7},"end":{"line":252,"column":null}},"type":"binary-expr","locations":[{"start":{"line":252,"column":7},"end":{"line":252,"column":null}}]}},"s":{"0":12,"1":1,"2":1,"3":1,"4":1,"5":1,"6":1,"7":18,"8":18,"9":18,"10":18,"11":18,"12":18,"13":1,"14":18,"15":0,"16":0,"17":0,"18":18,"19":0,"20":0,"21":0,"22":18,"23":1,"24":18,"25":1,"26":1,"27":2,"28":1,"29":2,"30":0,"31":0,"32":0,"33":0,"34":0,"35":10,"36":0,"37":0},"f":{"0":18,"1":1,"2":0,"3":0,"4":1,"5":1,"6":2,"7":1,"8":2,"9":0,"10":0,"11":0,"12":0,"13":10,"14":0},"b":{"0":[17],"1":[18],"2":[18,2],"3":[18,2],"4":[18,2],"5":[18,18],"6":[18],"7":[18],"8":[18]}}
,"C:\\Users\\glaub\\OneDrive\\AI\\aria-clinic\\components\\scheduler\\AppointmentForm.tsx": {"path":"C:\\Users\\glaub\\OneDrive\\AI\\aria-clinic\\components\\scheduler\\AppointmentForm.tsx","statementMap":{"0":{"start":{"line":24,"column":16},"end":{"line":24,"column":32}},"1":{"start":{"line":3,"column":25},"end":{"line":3,"column":null}},"2":{"start":{"line":4,"column":24},"end":{"line":4,"column":null}},"3":{"start":{"line":5,"column":28},"end":{"line":5,"column":null}},"4":{"start":{"line":6,"column":23},"end":{"line":6,"column":null}},"5":{"start":{"line":7,"column":34},"end":{"line":7,"column":null}},"6":{"start":{"line":8,"column":37},"end":{"line":8,"column":null}},"7":{"start":{"line":9,"column":59},"end":{"line":9,"column":null}},"8":{"start":{"line":10,"column":31},"end":{"line":10,"column":null}},"9":{"start":{"line":11,"column":51},"end":{"line":11,"column":null}},"10":{"start":{"line":33,"column":54},"end":{"line":33,"column":null}},"11":{"start":{"line":34,"column":28},"end":{"line":34,"column":null}},"12":{"start":{"line":43,"column":6},"end":{"line":61,"column":null}},"13":{"start":{"line":63,"column":23},"end":{"line":63,"column":null}},"14":{"start":{"line":64,"column":27},"end":{"line":64,"column":null}},"15":{"start":{"line":65,"column":27},"end":{"line":65,"column":null}},"16":{"start":{"line":66,"column":23},"end":{"line":66,"column":null}},"17":{"start":{"line":70,"column":4},"end":{"line":78,"column":10}},"18":{"start":{"line":80,"column":24},"end":{"line":115,"column":null}},"19":{"start":{"line":81,"column":4},"end":{"line":81,"column":null}},"20":{"start":{"line":82,"column":4},"end":{"line":82,"column":null}},"21":{"start":{"line":85,"column":19},"end":{"line":85,"column":null}},"22":{"start":{"line":85,"column":39},"end":{"line":85,"column":61}},"23":{"start":{"line":86,"column":4},"end":{"line":89,"column":null}},"24":{"start":{"line":87,"column":6},"end":{"line":87,"column":null}},"25":{"start":{"line":88,"column":6},"end":{"line":88,"column":null}},"26":{"start":{"line":99,"column":35},"end":{"line":99,"column":63}},"27":{"start":{"line":102,"column":4},"end":{"line":106,"column":null}},"28":{"start":{"line":103,"column":6},"end":{"line":103,"column":null}},"29":{"start":{"line":104,"column":6},"end":{"line":104,"column":null}},"30":{"start":{"line":105,"column":6},"end":{"line":105,"column":null}},"31":{"start":{"line":108,"column":4},"end":{"line":114,"column":null}},"32":{"start":{"line":109,"column":6},"end":{"line":109,"column":null}},"33":{"start":{"line":110,"column":6},"end":{"line":110,"column":null}},"34":{"start":{"line":112,"column":22},"end":{"line":112,"column":null}},"35":{"start":{"line":113,"column":6},"end":{"line":113,"column":null}},"36":{"start":{"line":177,"column":18},"end":{"line":177,"column":42}},"37":{"start":{"line":195,"column":20},"end":{"line":197,"column":null}},"38":{"start":{"line":196,"column":22},"end":{"line":196,"column":null}},"39":{"start":{"line":198,"column":20},"end":{"line":198,"column":null}},"40":{"start":{"line":215,"column":18},"end":{"line":215,"column":40}},"41":{"start":{"line":238,"column":42},"end":{"line":238,"column":null}}},"fnMap":{"0":{"name":"AppointmentForm","decl":{"start":{"line":24,"column":16},"end":{"line":24,"column":32}},"loc":{"start":{"line":32,"column":23},"end":{"line":317,"column":null}}},"1":{"name":"(anonymous_2)","decl":{"start":{"line":80,"column":24},"end":{"line":80,"column":31}},"loc":{"start":{"line":80,"column":31},"end":{"line":115,"column":null}}},"2":{"name":"(anonymous_3)","decl":{"start":{"line":85,"column":32},"end":{"line":85,"column":33}},"loc":{"start":{"line":85,"column":39},"end":{"line":85,"column":61}}},"3":{"name":"(anonymous_4)","decl":{"start":{"line":99,"column":26},"end":{"line":99,"column":27}},"loc":{"start":{"line":99,"column":35},"end":{"line":99,"column":63}}},"4":{"name":"(anonymous_5)","decl":{"start":{"line":176,"column":29},"end":{"line":176,"column":30}},"loc":{"start":{"line":177,"column":18},"end":{"line":177,"column":42}}},"5":{"name":"(anonymous_6)","decl":{"start":{"line":194,"column":30},"end":{"line":194,"column":31}},"loc":{"start":{"line":194,"column":31},"end":{"line":199,"column":null}}},"6":{"name":"(anonymous_7)","decl":{"start":{"line":214,"column":40},"end":{"line":214,"column":41}},"loc":{"start":{"line":215,"column":18},"end":{"line":215,"column":40}}},"7":{"name":"(anonymous_8)","decl":{"start":{"line":238,"column":32},"end":{"line":238,"column":33}},"loc":{"start":{"line":238,"column":42},"end":{"line":238,"column":null}}}},"branchMap":{"0":{"loc":{"start":{"line":29,"column":2},"end":{"line":29,"column":19}},"type":"default-arg","locations":[{"start":{"line":29,"column":14},"end":{"line":29,"column":19}}]},"1":{"loc":{"start":{"line":46,"column":20},"end":{"line":60,"column":null}},"type":"cond-expr","locations":[{"start":{"line":47,"column":8},"end":{"line":55,"column":null}},{"start":{"line":56,"column":8},"end":{"line":60,"column":null}}]},"2":{"loc":{"start":{"line":70,"column":4},"end":{"line":78,"column":10}},"type":"cond-expr","locations":[{"start":{"line":71,"column":8},"end":{"line":76,"column":null}},{"start":{"line":78,"column":8},"end":{"line":78,"column":10}}]},"3":{"loc":{"start":{"line":70,"column":4},"end":{"line":70,"column":null}},"type":"binary-expr","locations":[{"start":{"line":70,"column":4},"end":{"line":70,"column":24}},{"start":{"line":70,"column":24},"end":{"line":70,"column":40}},{"start":{"line":70,"column":40},"end":{"line":70,"column":null}}]},"4":{"loc":{"start":{"line":86,"column":4},"end":{"line":89,"column":null}},"type":"if","locations":[{"start":{"line":86,"column":4},"end":{"line":89,"column":null}},{"start":{},"end":{}}]},"5":{"loc":{"start":{"line":102,"column":4},"end":{"line":106,"column":null}},"type":"if","locations":[{"start":{"line":102,"column":4},"end":{"line":106,"column":null}},{"start":{},"end":{}}]},"6":{"loc":{"start":{"line":112,"column":22},"end":{"line":112,"column":null}},"type":"cond-expr","locations":[{"start":{"line":112,"column":45},"end":{"line":112,"column":56}},{"start":{"line":112,"column":59},"end":{"line":112,"column":null}}]},"7":{"loc":{"start":{"line":119,"column":7},"end":{"line":119,"column":null}},"type":"binary-expr","locations":[{"start":{"line":119,"column":7},"end":{"line":119,"column":null}}]},"8":{"loc":{"start":{"line":130,"column":7},"end":{"line":130,"column":null}},"type":"binary-expr","locations":[{"start":{"line":130,"column":7},"end":{"line":130,"column":null}}]},"9":{"loc":{"start":{"line":160,"column":15},"end":{"line":160,"column":33}},"type":"binary-expr","locations":[{"start":{"line":160,"column":15},"end":{"line":160,"column":33}}]},"10":{"loc":{"start":{"line":182,"column":15},"end":{"line":182,"column":30}},"type":"binary-expr","locations":[{"start":{"line":182,"column":15},"end":{"line":182,"column":30}}]},"11":{"loc":{"start":{"line":195,"column":20},"end":{"line":197,"column":null}},"type":"if","locations":[{"start":{"line":195,"column":20},"end":{"line":197,"column":null}},{"start":{},"end":{}}]},"12":{"loc":{"start":{"line":205,"column":15},"end":{"line":205,"column":26}},"type":"binary-expr","locations":[{"start":{"line":205,"column":15},"end":{"line":205,"column":26}}]},"13":{"loc":{"start":{"line":226,"column":15},"end":{"line":226,"column":30}},"type":"binary-expr","locations":[{"start":{"line":226,"column":15},"end":{"line":226,"column":30}}]},"14":{"loc":{"start":{"line":232,"column":13},"end":{"line":232,"column":29}},"type":"binary-expr","locations":[{"start":{"line":232,"column":13},"end":{"line":232,"column":29}},{"start":{"line":232,"column":29},"end":{"line":232,"column":49}},{"start":{"line":232,"column":49},"end":{"line":232,"column":null}}]},"15":{"loc":{"start":{"line":242,"column":17},"end":{"line":242,"column":33}},"type":"binary-expr","locations":[{"start":{"line":242,"column":17},"end":{"line":242,"column":33}}]},"16":{"loc":{"start":{"line":262,"column":15},"end":{"line":262,"column":26}},"type":"binary-expr","locations":[{"start":{"line":262,"column":15},"end":{"line":262,"column":26}}]},"17":{"loc":{"start":{"line":279,"column":15},"end":{"line":279,"column":27}},"type":"binary-expr","locations":[{"start":{"line":279,"column":15},"end":{"line":279,"column":27}}]},"18":{"loc":{"start":{"line":293,"column":17},"end":{"line":297,"column":31}},"type":"cond-expr","locations":[{"start":{"line":294,"column":20},"end":{"line":294,"column":null}},{"start":{"line":295,"column":20},"end":{"line":297,"column":31}}]},"19":{"loc":{"start":{"line":295,"column":20},"end":{"line":297,"column":31}},"type":"cond-expr","locations":[{"start":{"line":296,"column":22},"end":{"line":296,"column":null}},{"start":{"line":297,"column":22},"end":{"line":297,"column":31}}]},"20":{"loc":{"start":{"line":300,"column":15},"end":{"line":300,"column":null}},"type":"binary-expr","locations":[{"start":{"line":300,"column":15},"end":{"line":300,"column":null}}]}},"s":{"0":14,"1":1,"2":1,"3":1,"4":1,"5":1,"6":1,"7":1,"8":1,"9":1,"10":29,"11":29,"12":29,"13":29,"14":29,"15":29,"16":29,"17":29,"18":29,"19":0,"20":0,"21":0,"22":0,"23":0,"24":0,"25":0,"26":0,"27":0,"28":0,"29":0,"30":0,"31":0,"32":0,"33":0,"34":0,"35":0,"36":54,"37":14,"38":14,"39":0,"40":87,"41":0},"f":{"0":29,"1":0,"2":0,"3":0,"4":54,"5":14,"6":87,"7":0},"b":{"0":[27],"1":[0,29],"2":[0,29],"3":[29,0,0],"4":[0,0],"5":[0,0],"6":[0,0],"7":[29],"8":[29],"9":[29],"10":[29],"11":[14,0],"12":[29],"13":[29],"14":[29,15,0],"15":[0],"16":[29],"17":[29],"18":[2,27],"19":[0,27],"20":[29]}}
,"C:\\Users\\glaub\\OneDrive\\AI\\aria-clinic\\components\\scheduler\\CalendarView.tsx": {"path":"C:\\Users\\glaub\\OneDrive\\AI\\aria-clinic\\components\\scheduler\\CalendarView.tsx","statementMap":{"0":{"start":{"line":10,"column":16},"end":{"line":10,"column":29}},"1":{"start":{"line":3,"column":32},"end":{"line":3,"column":null}},"2":{"start":{"line":11,"column":40},"end":{"line":11,"column":null}},"3":{"start":{"line":12,"column":16},"end":{"line":12,"column":null}},"4":{"start":{"line":14,"column":25},"end":{"line":14,"column":null}},"5":{"start":{"line":14,"column":41},"end":{"line":14,"column":null}},"6":{"start":{"line":15,"column":29},"end":{"line":15,"column":null}},"7":{"start":{"line":15,"column":45},"end":{"line":15,"column":null}},"8":{"start":{"line":17,"column":22},"end":{"line":17,"column":null}},"9":{"start":{"line":18,"column":19},"end":{"line":18,"column":null}},"10":{"start":{"line":19,"column":20},"end":{"line":19,"column":null}},"11":{"start":{"line":21,"column":28},"end":{"line":21,"column":null}},"12":{"start":{"line":21,"column":34},"end":{"line":21,"column":null}},"13":{"start":{"line":22,"column":24},"end":{"line":22,"column":null}},"14":{"start":{"line":22,"column":30},"end":{"line":22,"column":null}},"15":{"start":{"line":24,"column":18},"end":{"line":30,"column":null}},"16":{"start":{"line":25,"column":4},"end":{"line":28,"column":null}},"17":{"start":{"line":32,"column":21},"end":{"line":39,"column":null}},"18":{"start":{"line":33,"column":4},"end":{"line":37,"column":null}},"19":{"start":{"line":41,"column":25},"end":{"line":43,"column":null}},"20":{"start":{"line":42,"column":4},"end":{"line":42,"column":null}},"21":{"start":{"line":45,"column":37},"end":{"line":45,"column":null}},"22":{"start":{"line":45,"column":76},"end":{"line":45,"column":null}},"23":{"start":{"line":46,"column":2},"end":{"line":48,"column":null}},"24":{"start":{"line":46,"column":15},"end":{"line":46,"column":18}},"25":{"start":{"line":47,"column":4},"end":{"line":47,"column":null}},"26":{"start":{"line":74,"column":10},"end":{"line":74,"column":25}},"27":{"start":{"line":83,"column":10},"end":{"line":84,"column":null}},"28":{"start":{"line":85,"column":27},"end":{"line":85,"column":null}}},"fnMap":{"0":{"name":"CalendarView","decl":{"start":{"line":10,"column":16},"end":{"line":10,"column":29}},"loc":{"start":{"line":10,"column":78},"end":{"line":101,"column":null}}},"1":{"name":"(anonymous_5)","decl":{"start":{"line":14,"column":25},"end":{"line":14,"column":26}},"loc":{"start":{"line":14,"column":41},"end":{"line":14,"column":null}}},"2":{"name":"(anonymous_6)","decl":{"start":{"line":15,"column":29},"end":{"line":15,"column":30}},"loc":{"start":{"line":15,"column":45},"end":{"line":15,"column":null}}},"3":{"name":"(anonymous_7)","decl":{"start":{"line":21,"column":28},"end":{"line":21,"column":34}},"loc":{"start":{"line":21,"column":34},"end":{"line":21,"column":null}}},"4":{"name":"(anonymous_8)","decl":{"start":{"line":22,"column":24},"end":{"line":22,"column":30}},"loc":{"start":{"line":22,"column":30},"end":{"line":22,"column":null}}},"5":{"name":"(anonymous_9)","decl":{"start":{"line":24,"column":18},"end":{"line":24,"column":19}},"loc":{"start":{"line":24,"column":19},"end":{"line":30,"column":null}}},"6":{"name":"(anonymous_10)","decl":{"start":{"line":32,"column":21},"end":{"line":32,"column":22}},"loc":{"start":{"line":32,"column":22},"end":{"line":39,"column":null}}},"7":{"name":"(anonymous_11)","decl":{"start":{"line":41,"column":25},"end":{"line":41,"column":26}},"loc":{"start":{"line":41,"column":26},"end":{"line":43,"column":null}}},"8":{"name":"(anonymous_12)","decl":{"start":{"line":45,"column":70},"end":{"line":45,"column":76}},"loc":{"start":{"line":45,"column":76},"end":{"line":45,"column":null}}},"9":{"name":"(anonymous_13)","decl":{"start":{"line":73,"column":63},"end":{"line":73,"column":null}},"loc":{"start":{"line":74,"column":10},"end":{"line":74,"column":25}}},"10":{"name":"(anonymous_14)","decl":{"start":{"line":82,"column":18},"end":{"line":82,"column":19}},"loc":{"start":{"line":83,"column":10},"end":{"line":84,"column":null}}},"11":{"name":"(anonymous_15)","decl":{"start":{"line":85,"column":21},"end":{"line":85,"column":27}},"loc":{"start":{"line":85,"column":27},"end":{"line":85,"column":null}}}},"branchMap":{"0":{"loc":{"start":{"line":26,"column":6},"end":{"line":28,"column":null}},"type":"binary-expr","locations":[{"start":{"line":26,"column":6},"end":{"line":26,"column":null}},{"start":{"line":27,"column":6},"end":{"line":27,"column":null}},{"start":{"line":28,"column":6},"end":{"line":28,"column":null}}]},"1":{"loc":{"start":{"line":34,"column":6},"end":{"line":37,"column":null}},"type":"binary-expr","locations":[{"start":{"line":34,"column":6},"end":{"line":34,"column":null}},{"start":{"line":35,"column":6},"end":{"line":35,"column":null}},{"start":{"line":36,"column":6},"end":{"line":36,"column":null}},{"start":{"line":37,"column":6},"end":{"line":37,"column":null}}]},"2":{"loc":{"start":{"line":85,"column":27},"end":{"line":85,"column":null}},"type":"binary-expr","locations":[{"start":{"line":85,"column":27},"end":{"line":85,"column":34}},{"start":{"line":85,"column":34},"end":{"line":85,"column":null}}]},"3":{"loc":{"start":{"line":89,"column":16},"end":{"line":89,"column":56}},"type":"cond-expr","locations":[{"start":{"line":89,"column":23},"end":{"line":89,"column":53}},{"start":{"line":89,"column":53},"end":{"line":89,"column":56}}]},"4":{"loc":{"start":{"line":90,"column":16},"end":{"line":90,"column":90}},"type":"cond-expr","locations":[{"start":{"line":90,"column":32},"end":{"line":90,"column":87}},{"start":{"line":90,"column":87},"end":{"line":90,"column":90}}]},"5":{"loc":{"start":{"line":91,"column":16},"end":{"line":91,"column":96}},"type":"cond-expr","locations":[{"start":{"line":91,"column":35},"end":{"line":91,"column":93}},{"start":{"line":91,"column":93},"end":{"line":91,"column":96}}]},"6":{"loc":{"start":{"line":92,"column":16},"end":{"line":92,"column":124}},"type":"cond-expr","locations":[{"start":{"line":92,"column":59},"end":{"line":92,"column":121}},{"start":{"line":92,"column":121},"end":{"line":92,"column":124}}]},"7":{"loc":{"start":{"line":92,"column":16},"end":{"line":92,"column":59}},"type":"binary-expr","locations":[{"start":{"line":92,"column":16},"end":{"line":92,"column":23}},{"start":{"line":92,"column":23},"end":{"line":92,"column":40}},{"start":{"line":92,"column":40},"end":{"line":92,"column":59}}]}},"s":{"0":24,"1":1,"2":39,"3":39,"4":39,"5":39,"6":39,"7":39,"8":39,"9":39,"10":39,"11":39,"12":13,"13":39,"14":2,"15":39,"16":2536,"17":39,"18":2515,"19":39,"20":4,"21":39,"22":144,"23":39,"24":39,"25":1196,"26":273,"27":1340,"28":4},"f":{"0":39,"1":39,"2":39,"3":13,"4":2,"5":2536,"6":2515,"7":4,"8":144,"9":273,"10":1340,"11":4},"b":{"0":[2536,78,44],"1":[2515,452,14,6],"2":[4,4],"3":[144,1196],"4":[21,1319],"5":[3,1337],"6":[1172,168],"7":[1340,1196,1175]}}
,"C:\\Users\\glaub\\OneDrive\\AI\\aria-clinic\\components\\scheduler\\StatusBadge.tsx": {"path":"C:\\Users\\glaub\\OneDrive\\AI\\aria-clinic\\components\\scheduler\\StatusBadge.tsx","statementMap":{"0":{"start":{"line":29,"column":16},"end":{"line":29,"column":28}},"1":{"start":{"line":4,"column":22},"end":{"line":4,"column":null}},"2":{"start":{"line":6,"column":56},"end":{"line":13,"column":null}},"3":{"start":{"line":15,"column":56},"end":{"line":22,"column":null}},"4":{"start":{"line":30,"column":20},"end":{"line":30,"column":null}}},"fnMap":{"0":{"name":"StatusBadge","decl":{"start":{"line":29,"column":16},"end":{"line":29,"column":28}},"loc":{"start":{"line":29,"column":69},"end":{"line":37,"column":null}}}},"branchMap":{"0":{"loc":{"start":{"line":29,"column":38},"end":{"line":29,"column":49}},"type":"default-arg","locations":[{"start":{"line":29,"column":45},"end":{"line":29,"column":49}}]},"1":{"loc":{"start":{"line":30,"column":20},"end":{"line":30,"column":null}},"type":"cond-expr","locations":[{"start":{"line":30,"column":36},"end":{"line":30,"column":58}},{"start":{"line":30,"column":58},"end":{"line":30,"column":null}}]}},"s":{"0":18,"1":1,"2":1,"3":1,"4":18},"f":{"0":18},"b":{"0":[18],"1":[0,18]}}
,"C:\\Users\\glaub\\OneDrive\\AI\\aria-clinic\\components\\scheduler\\WaitlistForm.tsx": {"path":"C:\\Users\\glaub\\OneDrive\\AI\\aria-clinic\\components\\scheduler\\WaitlistForm.tsx","statementMap":{"0":{"start":{"line":33,"column":16},"end":{"line":33,"column":29}},"1":{"start":{"line":3,"column":28},"end":{"line":3,"column":null}},"2":{"start":{"line":4,"column":24},"end":{"line":4,"column":null}},"3":{"start":{"line":5,"column":28},"end":{"line":5,"column":null}},"4":{"start":{"line":6,"column":23},"end":{"line":6,"column":null}},"5":{"start":{"line":15,"column":7},"end":{"line":15,"column":null}},"6":{"start":{"line":16,"column":22},"end":{"line":16,"column":null}},"7":{"start":{"line":23,"column":7},"end":{"line":23,"column":null}},"8":{"start":{"line":25,"column":53},"end":{"line":25,"column":null}},"9":{"start":{"line":38,"column":15},"end":{"line":46,"column":null}},"10":{"start":{"line":48,"column":23},"end":{"line":57,"column":null}},"11":{"start":{"line":50,"column":6},"end":{"line":55,"column":null}},"12":{"start":{"line":51,"column":8},"end":{"line":51,"column":null}},"13":{"start":{"line":52,"column":8},"end":{"line":52,"column":null}},"14":{"start":{"line":54,"column":8},"end":{"line":54,"column":null}},"15":{"start":{"line":102,"column":20},"end":{"line":102,"column":48}},"16":{"start":{"line":128,"column":33},"end":{"line":128,"column":null}},"17":{"start":{"line":129,"column":20},"end":{"line":129,"column":null}}},"fnMap":{"0":{"name":"WaitlistForm","decl":{"start":{"line":33,"column":16},"end":{"line":33,"column":29}},"loc":{"start":{"line":37,"column":20},"end":{"line":176,"column":null}}},"1":{"name":"(anonymous_2)","decl":{"start":{"line":49,"column":4},"end":{"line":49,"column":11}},"loc":{"start":{"line":49,"column":11},"end":{"line":56,"column":null}}},"2":{"name":"(anonymous_5)","decl":{"start":{"line":101,"column":31},"end":{"line":101,"column":32}},"loc":{"start":{"line":102,"column":20},"end":{"line":102,"column":48}}},"3":{"name":"(anonymous_7)","decl":{"start":{"line":127,"column":28},"end":{"line":127,"column":29}},"loc":{"start":{"line":127,"column":29},"end":{"line":130,"column":null}}}},"branchMap":{"0":{"loc":{"start":{"line":36,"column":2},"end":{"line":36,"column":19}},"type":"default-arg","locations":[{"start":{"line":36,"column":14},"end":{"line":36,"column":19}}]},"1":{"loc":{"start":{"line":75,"column":25},"end":{"line":75,"column":null}},"type":"binary-expr","locations":[{"start":{"line":75,"column":25},"end":{"line":75,"column":36}},{"start":{"line":75,"column":40},"end":{"line":75,"column":null}}]},"2":{"loc":{"start":{"line":92,"column":23},"end":{"line":92,"column":null}},"type":"binary-expr","locations":[{"start":{"line":92,"column":23},"end":{"line":92,"column":34}},{"start":{"line":92,"column":38},"end":{"line":92,"column":null}}]},"3":{"loc":{"start":{"line":128,"column":33},"end":{"line":128,"column":null}},"type":"cond-expr","locations":[{"start":{"line":128,"column":50},"end":{"line":128,"column":77}},{"start":{"line":128,"column":77},"end":{"line":128,"column":null}}]},"4":{"loc":{"start":{"line":132,"column":20},"end":{"line":134,"column":null}},"type":"cond-expr","locations":[{"start":{"line":133,"column":24},"end":{"line":133,"column":63}},{"start":{"line":134,"column":24},"end":{"line":134,"column":null}}]},"5":{"loc":{"start":{"line":159,"column":25},"end":{"line":159,"column":null}},"type":"binary-expr","locations":[{"start":{"line":159,"column":25},"end":{"line":159,"column":36}},{"start":{"line":159,"column":40},"end":{"line":159,"column":null}}]},"6":{"loc":{"start":{"line":171,"column":11},"end":{"line":171,"column":null}},"type":"cond-expr","locations":[{"start":{"line":171,"column":23},"end":{"line":171,"column":49}},{"start":{"line":171,"column":49},"end":{"line":171,"column":null}}]}},"s":{"0":4,"1":1,"2":1,"3":1,"4":1,"5":1,"6":1,"7":1,"8":1,"9":9,"10":9,"11":0,"12":0,"13":0,"14":0,"15":18,"16":0,"17":0},"f":{"0":9,"1":0,"2":18,"3":0},"b":{"0":[0],"1":[9,9],"2":[9,9],"3":[0,0],"4":[0,9],"5":[9,9],"6":[2,7]}}
,"C:\\Users\\glaub\\OneDrive\\AI\\aria-clinic\\components\\ui\\badge.tsx": {"path":"C:\\Users\\glaub\\OneDrive\\AI\\aria-clinic\\components\\ui\\badge.tsx","statementMap":{"0":{"start":{"line":52,"column":9},"end":{"line":52,"column":16}},"1":{"start":{"line":52,"column":16},"end":{"line":52,"column":null}},"2":{"start":{"line":1,"column":27},"end":{"line":1,"column":null}},"3":{"start":{"line":2,"column":26},"end":{"line":2,"column":null}},"4":{"start":{"line":3,"column":39},"end":{"line":3,"column":null}},"5":{"start":{"line":5,"column":19},"end":{"line":5,"column":null}},"6":{"start":{"line":7,"column":22},"end":{"line":27,"column":null}},"7":{"start":{"line":36,"column":2},"end":{"line":49,"column":null}}},"fnMap":{"0":{"name":"Badge","decl":{"start":{"line":30,"column":9},"end":{"line":30,"column":15}},"loc":{"start":{"line":35,"column":72},"end":{"line":50,"column":null}}}},"branchMap":{"0":{"loc":{"start":{"line":32,"column":2},"end":{"line":32,"column":21}},"type":"default-arg","locations":[{"start":{"line":32,"column":12},"end":{"line":32,"column":21}}]}},"s":{"0":18,"1":0,"2":1,"3":1,"4":1,"5":1,"6":1,"7":18},"f":{"0":18},"b":{"0":[0]}}
,"C:\\Users\\glaub\\OneDrive\\AI\\aria-clinic\\components\\ui\\button.tsx": {"path":"C:\\Users\\glaub\\OneDrive\\AI\\aria-clinic\\components\\ui\\button.tsx","statementMap":{"0":{"start":{"line":58,"column":9},"end":{"line":58,"column":17}},"1":{"start":{"line":58,"column":17},"end":{"line":58,"column":null}},"2":{"start":{"line":1,"column":42},"end":{"line":1,"column":null}},"3":{"start":{"line":2,"column":39},"end":{"line":2,"column":null}},"4":{"start":{"line":4,"column":19},"end":{"line":4,"column":null}},"5":{"start":{"line":6,"column":23},"end":{"line":40,"column":null}}},"fnMap":{"0":{"name":"Button","decl":{"start":{"line":43,"column":9},"end":{"line":43,"column":16}},"loc":{"start":{"line":48,"column":62},"end":{"line":56,"column":null}}}},"branchMap":{"0":{"loc":{"start":{"line":45,"column":2},"end":{"line":45,"column":21}},"type":"default-arg","locations":[{"start":{"line":45,"column":12},"end":{"line":45,"column":21}}]},"1":{"loc":{"start":{"line":46,"column":2},"end":{"line":46,"column":18}},"type":"default-arg","locations":[{"start":{"line":46,"column":9},"end":{"line":46,"column":18}}]}},"s":{"0":159,"1":0,"2":3,"3":3,"4":3,"5":3},"f":{"0":159},"b":{"0":[59],"1":[159]}}
,"C:\\Users\\glaub\\OneDrive\\AI\\aria-clinic\\components\\ui\\card.tsx": {"path":"C:\\Users\\glaub\\OneDrive\\AI\\aria-clinic\\components\\ui\\card.tsx","statementMap":{"0":{"start":{"line":96,"column":2},"end":{"line":96,"column":null}},"1":{"start":{"line":100,"column":2},"end":{"line":100,"column":null}},"2":{"start":{"line":102,"column":2},"end":{"line":102,"column":null}},"3":{"start":{"line":101,"column":2},"end":{"line":101,"column":null}},"4":{"start":{"line":98,"column":2},"end":{"line":98,"column":null}},"5":{"start":{"line":97,"column":2},"end":{"line":97,"column":null}},"6":{"start":{"line":99,"column":2},"end":{"line":99,"column":null}},"7":{"start":{"line":1,"column":23},"end":{"line":1,"column":null}},"8":{"start":{"line":3,"column":19},"end":{"line":3,"column":null}}},"fnMap":{"0":{"name":"Card","decl":{"start":{"line":5,"column":9},"end":{"line":5,"column":14}},"loc":{"start":{"line":9,"column":60},"end":{"line":21,"column":null}}},"1":{"name":"CardHeader","decl":{"start":{"line":23,"column":9},"end":{"line":23,"column":20}},"loc":{"start":{"line":23,"column":72},"end":{"line":34,"column":null}}},"2":{"name":"CardTitle","decl":{"start":{"line":36,"column":9},"end":{"line":36,"column":19}},"loc":{"start":{"line":36,"column":71},"end":{"line":47,"column":null}}},"3":{"name":"CardDescription","decl":{"start":{"line":49,"column":9},"end":{"line":49,"column":25}},"loc":{"start":{"line":49,"column":77},"end":{"line":57,"column":null}}},"4":{"name":"CardAction","decl":{"start":{"line":59,"column":9},"end":{"line":59,"column":20}},"loc":{"start":{"line":59,"column":72},"end":{"line":70,"column":null}}},"5":{"name":"CardContent","decl":{"start":{"line":72,"column":9},"end":{"line":72,"column":21}},"loc":{"start":{"line":72,"column":73},"end":{"line":80,"column":null}}},"6":{"name":"CardFooter","decl":{"start":{"line":82,"column":9},"end":{"line":82,"column":20}},"loc":{"start":{"line":82,"column":72},"end":{"line":93,"column":null}}}},"branchMap":{"0":{"loc":{"start":{"line":7,"column":2},"end":{"line":7,"column":18}},"type":"default-arg","locations":[{"start":{"line":7,"column":9},"end":{"line":7,"column":18}}]}},"s":{"0":88,"1":0,"2":88,"3":0,"4":0,"5":0,"6":0,"7":2,"8":2},"f":{"0":88,"1":0,"2":0,"3":0,"4":0,"5":88,"6":0},"b":{"0":[88]}}
,"C:\\Users\\glaub\\OneDrive\\AI\\aria-clinic\\components\\ui\\form.tsx": {"path":"C:\\Users\\glaub\\OneDrive\\AI\\aria-clinic\\components\\ui\\form.tsx","statementMap":{"0":{"start":{"line":167,"column":2},"end":{"line":167,"column":null}},"1":{"start":{"line":170,"column":2},"end":{"line":170,"column":null}},"2":{"start":{"line":171,"column":2},"end":{"line":171,"column":null}},"3":{"start":{"line":173,"column":2},"end":{"line":173,"column":null}},"4":{"start":{"line":168,"column":2},"end":{"line":168,"column":null}},"5":{"start":{"line":169,"column":2},"end":{"line":169,"column":null}},"6":{"start":{"line":172,"column":2},"end":{"line":172,"column":null}},"7":{"start":{"line":166,"column":2},"end":{"line":166,"column":null}},"8":{"start":{"line":3,"column":23},"end":{"line":3,"column":null}},"9":{"start":{"line":4,"column":21},"end":{"line":4,"column":null}},"10":{"start":{"line":12,"column":7},"end":{"line":12,"column":null}},"11":{"start":{"line":14,"column":13},"end":{"line":14,"column":25}},"12":{"start":{"line":23,"column":25},"end":{"line":24,"column":null}},"13":{"start":{"line":38,"column":21},"end":{"line":59,"column":null}},"14":{"start":{"line":39,"column":23},"end":{"line":39,"column":null}},"15":{"start":{"line":40,"column":22},"end":{"line":40,"column":null}},"16":{"start":{"line":41,"column":39},"end":{"line":41,"column":null}},"17":{"start":{"line":43,"column":21},"end":{"line":43,"column":null}},"18":{"start":{"line":45,"column":2},"end":{"line":47,"column":null}},"19":{"start":{"line":46,"column":4},"end":{"line":46,"column":null}},"20":{"start":{"line":49,"column":17},"end":{"line":49,"column":null}},"21":{"start":{"line":51,"column":2},"end":{"line":58,"column":null}},"22":{"start":{"line":65,"column":24},"end":{"line":66,"column":null}},"23":{"start":{"line":69,"column":17},"end":{"line":80,"column":null}},"24":{"start":{"line":73,"column":13},"end":{"line":73,"column":null}},"25":{"start":{"line":81,"column":0},"end":{"line":81,"column":null}},"26":{"start":{"line":83,"column":18},"end":{"line":99,"column":null}},"27":{"start":{"line":87,"column":32},"end":{"line":87,"column":null}},"28":{"start":{"line":100,"column":0},"end":{"line":100,"column":null}},"29":{"start":{"line":102,"column":20},"end":{"line":121,"column":null}},"30":{"start":{"line":106,"column":66},"end":{"line":106,"column":null}},"31":{"start":{"line":122,"column":0},"end":{"line":122,"column":null}},"32":{"start":{"line":124,"column":24},"end":{"line":138,"column":null}},"33":{"start":{"line":128,"column":32},"end":{"line":128,"column":null}},"34":{"start":{"line":139,"column":0},"end":{"line":139,"column":null}},"35":{"start":{"line":141,"column":20},"end":{"line":162,"column":null}},"36":{"start":{"line":145,"column":35},"end":{"line":145,"column":null}},"37":{"start":{"line":146,"column":15},"end":{"line":146,"column":null}},"38":{"start":{"line":148,"column":2},"end":{"line":150,"column":null}},"39":{"start":{"line":149,"column":4},"end":{"line":149,"column":null}},"40":{"start":{"line":163,"column":0},"end":{"line":163,"column":null}}},"fnMap":{"0":{"name":"(anonymous_13)","decl":{"start":{"line":38,"column":21},"end":{"line":38,"column":null}},"loc":{"start":{"line":38,"column":21},"end":{"line":59,"column":null}}},"1":{"name":"(anonymous_14)","decl":{"start":{"line":72,"column":2},"end":{"line":72,"column":3}},"loc":{"start":{"line":72,"column":28},"end":{"line":80,"column":null}}},"2":{"name":"(anonymous_15)","decl":{"start":{"line":86,"column":2},"end":{"line":86,"column":3}},"loc":{"start":{"line":86,"column":28},"end":{"line":99,"column":null}}},"3":{"name":"(anonymous_16)","decl":{"start":{"line":105,"column":2},"end":{"line":105,"column":3}},"loc":{"start":{"line":105,"column":17},"end":{"line":121,"column":null}}},"4":{"name":"(anonymous_17)","decl":{"start":{"line":127,"column":2},"end":{"line":127,"column":3}},"loc":{"start":{"line":127,"column":28},"end":{"line":138,"column":null}}},"5":{"name":"(anonymous_18)","decl":{"start":{"line":144,"column":2},"end":{"line":144,"column":3}},"loc":{"start":{"line":144,"column":38},"end":{"line":162,"column":null}}}},"branchMap":{"0":{"loc":{"start":{"line":45,"column":2},"end":{"line":47,"column":null}},"type":"if","locations":[{"start":{"line":45,"column":2},"end":{"line":47,"column":null}},{"start":{},"end":{}}]},"1":{"loc":{"start":{"line":77,"column":45},"end":{"line":77,"column":62}},"type":"binary-expr","locations":[{"start":{"line":77,"column":45},"end":{"line":77,"column":58}},{"start":{"line":77,"column":58},"end":{"line":77,"column":62}}]},"2":{"loc":{"start":{"line":94,"column":8},"end":{"line":94,"column":null}},"type":"cond-expr","locations":[{"start":{"line":94,"column":16},"end":{"line":94,"column":37}},{"start":{"line":94,"column":37},"end":{"line":94,"column":null}}]},"3":{"loc":{"start":{"line":95,"column":10},"end":{"line":95,"column":27}},"type":"binary-expr","locations":[{"start":{"line":95,"column":10},"end":{"line":95,"column":23}},{"start":{"line":95,"column":23},"end":{"line":95,"column":27}}]},"4":{"loc":{"start":{"line":113,"column":8},"end":{"line":115,"column":51}},"type":"cond-expr","locations":[{"start":{"line":114,"column":12},"end":{"line":114,"column":34}},{"start":{"line":115,"column":12},"end":{"line":115,"column":51}}]},"5":{"loc":{"start":{"line":134,"column":50},"end":{"line":134,"column":67}},"type":"binary-expr","locations":[{"start":{"line":134,"column":50},"end":{"line":134,"column":63}},{"start":{"line":134,"column":63},"end":{"line":134,"column":67}}]},"6":{"loc":{"start":{"line":146,"column":15},"end":{"line":146,"column":null}},"type":"cond-expr","locations":[{"start":{"line":146,"column":23},"end":{"line":146,"column":48}},{"start":{"line":146,"column":48},"end":{"line":146,"column":null}}]},"7":{"loc":{"start":{"line":148,"column":2},"end":{"line":150,"column":null}},"type":"if","locations":[{"start":{"line":148,"column":2},"end":{"line":150,"column":null}},{"start":{},"end":{}}]},"8":{"loc":{"start":{"line":156,"column":57},"end":{"line":156,"column":74}},"type":"binary-expr","locations":[{"start":{"line":156,"column":57},"end":{"line":156,"column":70}},{"start":{"line":156,"column":70},"end":{"line":156,"column":74}}]}},"s":{"0":9,"1":36,"2":27,"3":36,"4":36,"5":36,"6":36,"7":0,"8":1,"9":1,"10":1,"11":1,"12":1,"13":1,"14":135,"15":135,"16":135,"17":135,"18":135,"19":0,"20":135,"21":135,"22":1,"23":1,"24":36,"25":1,"26":1,"27":36,"28":1,"29":1,"30":36,"31":1,"32":1,"33":27,"34":1,"35":1,"36":36,"37":36,"38":36,"39":35,"40":1},"f":{"0":135,"1":36,"2":36,"3":36,"4":27,"5":36},"b":{"0":[0,135],"1":[36,36],"2":[1,35],"3":[36,36],"4":[35,1],"5":[27,27],"6":[1,35],"7":[35,1],"8":[1,1]}}
,"C:\\Users\\glaub\\OneDrive\\AI\\aria-clinic\\components\\ui\\input.tsx": {"path":"C:\\Users\\glaub\\OneDrive\\AI\\aria-clinic\\components\\ui\\input.tsx","statementMap":{"0":{"start":{"line":15,"column":9},"end":{"line":15,"column":null}},"1":{"start":{"line":1,"column":23},"end":{"line":1,"column":null}},"2":{"start":{"line":13,"column":0},"end":{"line":13,"column":null}}},"fnMap":{},"branchMap":{"0":{"loc":{"start":{"line":7,"column":369},"end":{"line":7,"column":386}},"type":"binary-expr","locations":[{"start":{"line":7,"column":369},"end":{"line":7,"column":382}},{"start":{"line":7,"column":382},"end":{"line":7,"column":386}}]}},"s":{"0":27,"1":1,"2":1},"f":{},"b":{"0":[27,27]}}
,"C:\\Users\\glaub\\OneDrive\\AI\\aria-clinic\\components\\ui\\select.tsx": {"path":"C:\\Users\\glaub\\OneDrive\\AI\\aria-clinic\\components\\ui\\select.tsx","statementMap":{"0":{"start":{"line":88,"column":2},"end":{"line":88,"column":null}},"1":{"start":{"line":92,"column":2},"end":{"line":92,"column":null}},"2":{"start":{"line":89,"column":2},"end":{"line":89,"column":null}},"3":{"start":{"line":93,"column":2},"end":{"line":93,"column":null}},"4":{"start":{"line":94,"column":2},"end":{"line":94,"column":null}},"5":{"start":{"line":91,"column":2},"end":{"line":91,"column":null}},"6":{"start":{"line":90,"column":2},"end":{"line":90,"column":null}},"7":{"start":{"line":3,"column":23},"end":{"line":3,"column":null}},"8":{"start":{"line":4,"column":33},"end":{"line":4,"column":null}},"9":{"start":{"line":5,"column":35},"end":{"line":5,"column":null}},"10":{"start":{"line":7,"column":15},"end":{"line":7,"column":35}},"11":{"start":{"line":9,"column":20},"end":{"line":9,"column":41}},"12":{"start":{"line":11,"column":20},"end":{"line":11,"column":41}},"13":{"start":{"line":28,"column":0},"end":{"line":28,"column":null}},"14":{"start":{"line":53,"column":0},"end":{"line":53,"column":null}},"15":{"start":{"line":73,"column":0},"end":{"line":73,"column":null}},"16":{"start":{"line":85,"column":0},"end":{"line":85,"column":null}}},"fnMap":{},"branchMap":{"0":{"loc":{"start":{"line":19,"column":300},"end":{"line":19,"column":317}},"type":"binary-expr","locations":[{"start":{"line":19,"column":300},"end":{"line":19,"column":313}},{"start":{"line":19,"column":313},"end":{"line":19,"column":317}}]},"1":{"loc":{"start":{"line":33,"column":26},"end":{"line":33,"column":45}},"type":"default-arg","locations":[{"start":{"line":33,"column":37},"end":{"line":33,"column":45}}]},"2":{"loc":{"start":{"line":37,"column":451},"end":{"line":37,"column":468}},"type":"binary-expr","locations":[{"start":{"line":37,"column":451},"end":{"line":37,"column":464}},{"start":{"line":37,"column":464},"end":{"line":37,"column":468}}]},"3":{"loc":{"start":{"line":43,"column":10},"end":{"line":45,"column":null}},"type":"cond-expr","locations":[{"start":{"line":44,"column":14},"end":{"line":44,"column":null}},{"start":{"line":45,"column":14},"end":{"line":45,"column":null}}]},"4":{"loc":{"start":{"line":61,"column":236},"end":{"line":61,"column":253}},"type":"binary-expr","locations":[{"start":{"line":61,"column":236},"end":{"line":61,"column":249}},{"start":{"line":61,"column":249},"end":{"line":61,"column":253}}]},"5":{"loc":{"start":{"line":81,"column":43},"end":{"line":81,"column":60}},"type":"binary-expr","locations":[{"start":{"line":81,"column":43},"end":{"line":81,"column":56}},{"start":{"line":81,"column":56},"end":{"line":81,"column":60}}]}},"s":{"0":9,"1":9,"2":0,"3":18,"4":0,"5":9,"6":9,"7":1,"8":1,"9":1,"10":1,"11":1,"12":1,"13":1,"14":1,"15":1,"16":1},"f":{},"b":{"0":[9,9],"1":[9],"2":[9,9],"3":[9,0],"4":[12,12],"5":[0,0]}}
,"C:\\Users\\glaub\\OneDrive\\AI\\aria-clinic\\lib\\utils.ts": {"path":"C:\\Users\\glaub\\OneDrive\\AI\\aria-clinic\\lib\\utils.ts","statementMap":{"0":{"start":{"line":4,"column":16},"end":{"line":4,"column":19}},"1":{"start":{"line":1,"column":38},"end":{"line":1,"column":null}},"2":{"start":{"line":2,"column":24},"end":{"line":2,"column":null}},"3":{"start":{"line":5,"column":2},"end":{"line":5,"column":null}}},"fnMap":{"0":{"name":"cn","decl":{"start":{"line":4,"column":16},"end":{"line":4,"column":19}},"loc":{"start":{"line":4,"column":42},"end":{"line":6,"column":null}}}},"branchMap":{},"s":{"0":353,"1":3,"2":3,"3":353},"f":{"0":353},"b":{}}
,"C:\\Users\\glaub\\OneDrive\\AI\\aria-clinic\\lib\\utils\\scheduler.ts": {"path":"C:\\Users\\glaub\\OneDrive\\AI\\aria-clinic\\lib\\utils\\scheduler.ts","statementMap":{"0":{"start":{"line":30,"column":16},"end":{"line":30,"column":27}},"1":{"start":{"line":76,"column":16},"end":{"line":76,"column":null}},"2":{"start":{"line":21,"column":16},"end":{"line":21,"column":27}},"3":{"start":{"line":145,"column":16},"end":{"line":145,"column":null}},"4":{"start":{"line":105,"column":16},"end":{"line":105,"column":null}},"5":{"start":{"line":158,"column":16},"end":{"line":158,"column":null}},"6":{"start":{"line":38,"column":16},"end":{"line":38,"column":26}},"7":{"start":{"line":54,"column":16},"end":{"line":54,"column":null}},"8":{"start":{"line":13,"column":16},"end":{"line":13,"column":26}},"9":{"start":{"line":14,"column":27},"end":{"line":14,"column":null}},"10":{"start":{"line":15,"column":2},"end":{"line":15,"column":null}},"11":{"start":{"line":22,"column":16},"end":{"line":22,"column":null}},"12":{"start":{"line":23,"column":15},"end":{"line":23,"column":null}},"13":{"start":{"line":24,"column":2},"end":{"line":24,"column":null}},"14":{"start":{"line":31,"column":23},"end":{"line":31,"column":null}},"15":{"start":{"line":32,"column":2},"end":{"line":32,"column":null}},"16":{"start":{"line":39,"column":2},"end":{"line":42,"column":null}},"17":{"start":{"line":60,"column":15},"end":{"line":60,"column":null}},"18":{"start":{"line":61,"column":15},"end":{"line":61,"column":null}},"19":{"start":{"line":62,"column":20},"end":{"line":62,"column":null}},"20":{"start":{"line":63,"column":20},"end":{"line":63,"column":null}},"21":{"start":{"line":66,"column":2},"end":{"line":66,"column":null}},"22":{"start":{"line":81,"column":20},"end":{"line":91,"column":null}},"23":{"start":{"line":83,"column":4},"end":{"line":83,"column":null}},"24":{"start":{"line":83,"column":36},"end":{"line":83,"column":null}},"25":{"start":{"line":86,"column":4},"end":{"line":86,"column":null}},"26":{"start":{"line":86,"column":35},"end":{"line":86,"column":null}},"27":{"start":{"line":87,"column":4},"end":{"line":87,"column":null}},"28":{"start":{"line":87,"column":45},"end":{"line":87,"column":null}},"29":{"start":{"line":90,"column":4},"end":{"line":90,"column":null}},"30":{"start":{"line":93,"column":2},"end":{"line":93,"column":null}},"31":{"start":{"line":112,"column":17},"end":{"line":112,"column":null}},"32":{"start":{"line":112,"column":37},"end":{"line":112,"column":null}},"33":{"start":{"line":113,"column":2},"end":{"line":113,"column":null}},"34":{"start":{"line":113,"column":15},"end":{"line":113,"column":null}},"35":{"start":{"line":116,"column":20},"end":{"line":116,"column":35}},"36":{"start":{"line":117,"column":2},"end":{"line":119,"column":null}},"37":{"start":{"line":118,"column":4},"end":{"line":118,"column":null}},"38":{"start":{"line":121,"column":75},"end":{"line":121,"column":77}},"39":{"start":{"line":122,"column":20},"end":{"line":122,"column":null}},"40":{"start":{"line":123,"column":18},"end":{"line":123,"column":null}},"41":{"start":{"line":126,"column":2},"end":{"line":137,"column":null}},"42":{"start":{"line":126,"column":18},"end":{"line":126,"column":29}},"43":{"start":{"line":127,"column":18},"end":{"line":127,"column":null}},"44":{"start":{"line":128,"column":16},"end":{"line":128,"column":null}},"45":{"start":{"line":130,"column":22},"end":{"line":133,"column":null}},"46":{"start":{"line":136,"column":4},"end":{"line":136,"column":null}},"47":{"start":{"line":139,"column":2},"end":{"line":139,"column":null}},"48":{"start":{"line":150,"column":19},"end":{"line":150,"column":null}},"49":{"start":{"line":150,"column":48},"end":{"line":150,"column":null}},"50":{"start":{"line":151,"column":2},"end":{"line":151,"column":null}},"51":{"start":{"line":151,"column":13},"end":{"line":151,"column":null}},"52":{"start":{"line":152,"column":2},"end":{"line":152,"column":null}},"53":{"start":{"line":152,"column":34},"end":{"line":152,"column":null}},"54":{"start":{"line":164,"column":16},"end":{"line":164,"column":null}},"55":{"start":{"line":165,"column":20},"end":{"line":165,"column":59}},"56":{"start":{"line":165,"column":40},"end":{"line":165,"column":51}},"57":{"start":{"line":166,"column":2},"end":{"line":170,"column":null}}},"fnMap":{"0":{"name":"parseTime","decl":{"start":{"line":13,"column":16},"end":{"line":13,"column":26}},"loc":{"start":{"line":13,"column":41},"end":{"line":16,"column":null}}},"1":{"name":"formatTime","decl":{"start":{"line":21,"column":16},"end":{"line":21,"column":27}},"loc":{"start":{"line":21,"column":42},"end":{"line":25,"column":null}}},"2":{"name":"addMinutes","decl":{"start":{"line":30,"column":16},"end":{"line":30,"column":27}},"loc":{"start":{"line":30,"column":64},"end":{"line":33,"column":null}}},"3":{"name":"isSameDay","decl":{"start":{"line":38,"column":16},"end":{"line":38,"column":26}},"loc":{"start":{"line":38,"column":50},"end":{"line":44,"column":null}}},"4":{"name":"isTimeConflict","decl":{"start":{"line":54,"column":16},"end":{"line":54,"column":null}},"loc":{"start":{"line":58,"column":19},"end":{"line":67,"column":null}}},"5":{"name":"canAssignDoctor","decl":{"start":{"line":76,"column":16},"end":{"line":76,"column":null}},"loc":{"start":{"line":79,"column":29},"end":{"line":94,"column":null}}},"6":{"name":"(anonymous_16)","decl":{"start":{"line":81,"column":40},"end":{"line":81,"column":41}},"loc":{"start":{"line":81,"column":41},"end":{"line":91,"column":null}}},"7":{"name":"getAvailableSlots","decl":{"start":{"line":105,"column":16},"end":{"line":105,"column":null}},"loc":{"start":{"line":110,"column":19},"end":{"line":140,"column":null}}},"8":{"name":"(anonymous_18)","decl":{"start":{"line":112,"column":30},"end":{"line":112,"column":31}},"loc":{"start":{"line":112,"column":37},"end":{"line":112,"column":null}}},"9":{"name":"getAppointmentsForDoctor","decl":{"start":{"line":145,"column":16},"end":{"line":145,"column":null}},"loc":{"start":{"line":148,"column":29},"end":{"line":153,"column":null}}},"10":{"name":"(anonymous_20)","decl":{"start":{"line":150,"column":39},"end":{"line":150,"column":40}},"loc":{"start":{"line":150,"column":48},"end":{"line":150,"column":null}}},"11":{"name":"(anonymous_21)","decl":{"start":{"line":152,"column":25},"end":{"line":152,"column":26}},"loc":{"start":{"line":152,"column":34},"end":{"line":152,"column":null}}},"12":{"name":"getDoctorAvailabilitySummary","decl":{"start":{"line":158,"column":16},"end":{"line":158,"column":null}},"loc":{"start":{"line":162,"column":19},"end":{"line":171,"column":null}}},"13":{"name":"(anonymous_23)","decl":{"start":{"line":165,"column":33},"end":{"line":165,"column":34}},"loc":{"start":{"line":165,"column":40},"end":{"line":165,"column":51}}}},"branchMap":{"0":{"loc":{"start":{"line":40,"column":4},"end":{"line":42,"column":null}},"type":"binary-expr","locations":[{"start":{"line":40,"column":4},"end":{"line":40,"column":null}},{"start":{"line":41,"column":4},"end":{"line":41,"column":null}},{"start":{"line":42,"column":4},"end":{"line":42,"column":null}}]},"1":{"loc":{"start":{"line":66,"column":9},"end":{"line":66,"column":null}},"type":"binary-expr","locations":[{"start":{"line":66,"column":9},"end":{"line":66,"column":29}},{"start":{"line":66,"column":29},"end":{"line":66,"column":null}}]},"2":{"loc":{"start":{"line":83,"column":4},"end":{"line":83,"column":null}},"type":"if","locations":[{"start":{"line":83,"column":4},"end":{"line":83,"column":null}},{"start":{},"end":{}}]},"3":{"loc":{"start":{"line":86,"column":4},"end":{"line":86,"column":null}},"type":"if","locations":[{"start":{"line":86,"column":4},"end":{"line":86,"column":null}},{"start":{},"end":{}}]},"4":{"loc":{"start":{"line":87,"column":4},"end":{"line":87,"column":null}},"type":"if","locations":[{"start":{"line":87,"column":4},"end":{"line":87,"column":null}},{"start":{},"end":{}}]},"5":{"loc":{"start":{"line":108,"column":2},"end":{"line":108,"column":27}},"type":"default-arg","locations":[{"start":{"line":108,"column":25},"end":{"line":108,"column":27}}]},"6":{"loc":{"start":{"line":113,"column":2},"end":{"line":113,"column":null}},"type":"if","locations":[{"start":{"line":113,"column":2},"end":{"line":113,"column":null}},{"start":{},"end":{}}]},"7":{"loc":{"start":{"line":117,"column":2},"end":{"line":119,"column":null}},"type":"if","locations":[{"start":{"line":117,"column":2},"end":{"line":119,"column":null}},{"start":{},"end":{}}]},"8":{"loc":{"start":{"line":151,"column":2},"end":{"line":151,"column":null}},"type":"if","locations":[{"start":{"line":151,"column":2},"end":{"line":151,"column":null}},{"start":{},"end":{}}]}},"s":{"0":0,"1":0,"2":0,"3":0,"4":0,"5":0,"6":0,"7":0,"8":0,"9":0,"10":0,"11":0,"12":0,"13":0,"14":0,"15":0,"16":0,"17":0,"18":0,"19":0,"20":0,"21":0,"22":0,"23":0,"24":0,"25":0,"26":0,"27":0,"28":0,"29":0,"30":0,"31":0,"32":0,"33":0,"34":0,"35":0,"36":0,"37":0,"38":0,"39":0,"40":0,"41":0,"42":0,"43":0,"44":0,"45":0,"46":0,"47":0,"48":0,"49":0,"50":0,"51":0,"52":0,"53":0,"54":0,"55":0,"56":0,"57":0},"f":{"0":0,"1":0,"2":0,"3":0,"4":0,"5":0,"6":0,"7":0,"8":0,"9":0,"10":0,"11":0,"12":0,"13":0},"b":{"0":[0,0,0],"1":[0,0],"2":[0,0],"3":[0,0],"4":[0,0],"5":[0],"6":[0,0],"7":[0,0],"8":[0,0]}}
,"C:\\Users\\glaub\\OneDrive\\AI\\aria-clinic\\lib\\validations\\appointment.ts": {"path":"C:\\Users\\glaub\\OneDrive\\AI\\aria-clinic\\lib\\validations\\appointment.ts","statementMap":{"0":{"start":{"line":3,"column":13},"end":{"line":3,"column":37}},"1":{"start":{"line":52,"column":16},"end":{"line":52,"column":45}},"2":{"start":{"line":1,"column":18},"end":{"line":1,"column":null}},"3":{"start":{"line":3,"column":37},"end":{"line":47,"column":null}},"4":{"start":{"line":13,"column":17},"end":{"line":13,"column":null}},"5":{"start":{"line":21,"column":20},"end":{"line":21,"column":null}},"6":{"start":{"line":22,"column":6},"end":{"line":22,"column":null}},"7":{"start":{"line":23,"column":6},"end":{"line":23,"column":null}},"8":{"start":{"line":32,"column":31},"end":{"line":32,"column":null}},"9":{"start":{"line":33,"column":6},"end":{"line":33,"column":null}},"10":{"start":{"line":53,"column":2},"end":{"line":56,"column":null}}},"fnMap":{"0":{"name":"(anonymous_3)","decl":{"start":{"line":13,"column":6},"end":{"line":13,"column":7}},"loc":{"start":{"line":13,"column":17},"end":{"line":13,"column":null}}},"1":{"name":"(anonymous_4)","decl":{"start":{"line":20,"column":4},"end":{"line":20,"column":5}},"loc":{"start":{"line":20,"column":5},"end":{"line":24,"column":null}}},"2":{"name":"(anonymous_5)","decl":{"start":{"line":31,"column":12},"end":{"line":31,"column":13}},"loc":{"start":{"line":31,"column":13},"end":{"line":34,"column":7}}},"3":{"name":"convertFormDataToAppointment","decl":{"start":{"line":52,"column":16},"end":{"line":52,"column":45}},"loc":{"start":{"line":52,"column":70},"end":{"line":57,"column":null}}}},"branchMap":{"0":{"loc":{"start":{"line":13,"column":17},"end":{"line":13,"column":null}},"type":"binary-expr","locations":[{"start":{"line":13,"column":17},"end":{"line":13,"column":27}},{"start":{"line":13,"column":27},"end":{"line":13,"column":null}}]},"1":{"loc":{"start":{"line":33,"column":13},"end":{"line":33,"column":null}},"type":"binary-expr","locations":[{"start":{"line":33,"column":13},"end":{"line":33,"column":27}},{"start":{"line":33,"column":27},"end":{"line":33,"column":42}},{"start":{"line":33,"column":42},"end":{"line":33,"column":58}},{"start":{"line":33,"column":58},"end":{"line":33,"column":null}}]}},"s":{"0":29,"1":0,"2":1,"3":1,"4":1,"5":0,"6":0,"7":0,"8":0,"9":0,"10":0},"f":{"0":1,"1":0,"2":0,"3":0},"b":{"0":[1,0],"1":[0,0,0,0]}}
,"C:\\Users\\glaub\\OneDrive\\AI\\aria-clinic\\lib\\validations\\waitlist.ts": {"path":"C:\\Users\\glaub\\OneDrive\\AI\\aria-clinic\\lib\\validations\\waitlist.ts","statementMap":{"0":{"start":{"line":3,"column":13},"end":{"line":3,"column":34}},"1":{"start":{"line":1,"column":18},"end":{"line":1,"column":null}},"2":{"start":{"line":3,"column":34},"end":{"line":45,"column":null}},"3":{"start":{"line":13,"column":17},"end":{"line":13,"column":null}},"4":{"start":{"line":27,"column":22},"end":{"line":27,"column":null}},"5":{"start":{"line":28,"column":8},"end":{"line":28,"column":null}},"6":{"start":{"line":29,"column":8},"end":{"line":29,"column":null}},"7":{"start":{"line":40,"column":31},"end":{"line":40,"column":null}},"8":{"start":{"line":41,"column":6},"end":{"line":41,"column":null}}},"fnMap":{"0":{"name":"(anonymous_1)","decl":{"start":{"line":13,"column":6},"end":{"line":13,"column":7}},"loc":{"start":{"line":13,"column":17},"end":{"line":13,"column":null}}},"1":{"name":"(anonymous_2)","decl":{"start":{"line":26,"column":6},"end":{"line":26,"column":7}},"loc":{"start":{"line":26,"column":7},"end":{"line":30,"column":null}}},"2":{"name":"(anonymous_3)","decl":{"start":{"line":39,"column":12},"end":{"line":39,"column":13}},"loc":{"start":{"line":39,"column":13},"end":{"line":42,"column":7}}}},"branchMap":{"0":{"loc":{"start":{"line":13,"column":17},"end":{"line":13,"column":null}},"type":"binary-expr","locations":[{"start":{"line":13,"column":17},"end":{"line":13,"column":27}},{"start":{"line":13,"column":27},"end":{"line":13,"column":null}}]},"1":{"loc":{"start":{"line":41,"column":13},"end":{"line":41,"column":null}},"type":"binary-expr","locations":[{"start":{"line":41,"column":13},"end":{"line":41,"column":27}},{"start":{"line":41,"column":27},"end":{"line":41,"column":42}},{"start":{"line":41,"column":42},"end":{"line":41,"column":58}},{"start":{"line":41,"column":58},"end":{"line":41,"column":null}}]}},"s":{"0":9,"1":1,"2":1,"3":1,"4":0,"5":0,"6":0,"7":0,"8":0},"f":{"0":1,"1":0,"2":0},"b":{"0":[1,0],"1":[0,0,0,0]}}
}
