{"C:\\Users\\glaub\\OneDrive\\AI\\aria-clinic\\components\\dashboard\\FinancialChart.tsx": {"path":"C:\\Users\\glaub\\OneDrive\\AI\\aria-clinic\\components\\dashboard\\FinancialChart.tsx","statementMap":{"0":{"start":{"line":43,"column":24},"end":{"line":43,"column":39}},"1":{"start":{"line":12,"column":7},"end":{"line":12,"column":null}},"2":{"start":{"line":23,"column":22},"end":{"line":37,"column":null}},"3":{"start":{"line":24,"column":2},"end":{"line":35,"column":null}},"4":{"start":{"line":25,"column":17},"end":{"line":25,"column":35}},"5":{"start":{"line":26,"column":4},"end":{"line":26,"column":null}},"6":{"start":{"line":26,"column":15},"end":{"line":26,"column":null}},"7":{"start":{"line":36,"column":2},"end":{"line":36,"column":null}},"8":{"start":{"line":39,"column":20},"end":{"line":41,"column":null}},"9":{"start":{"line":40,"column":2},"end":{"line":40,"column":null}},"10":{"start":{"line":77,"column":29},"end":{"line":77,"column":null}},"11":{"start":{"line":97,"column":42},"end":{"line":97,"column":60}},"12":{"start":{"line":103,"column":46},"end":{"line":103,"column":58}},"13":{"start":{"line":109,"column":46},"end":{"line":109,"column":58}},"14":{"start":{"line":118,"column":69},"end":{"line":118,"column":96}}},"fnMap":{"0":{"name":"(anonymous_1)","decl":{"start":{"line":23,"column":22},"end":{"line":23,"column":23}},"loc":{"start":{"line":23,"column":92},"end":{"line":37,"column":null}}},"1":{"name":"(anonymous_2)","decl":{"start":{"line":39,"column":20},"end":{"line":39,"column":21}},"loc":{"start":{"line":39,"column":21},"end":{"line":41,"column":null}}},"2":{"name":"FinancialChart","decl":{"start":{"line":43,"column":24},"end":{"line":43,"column":39}},"loc":{"start":{"line":43,"column":68},"end":{"line":122,"column":null}}},"3":{"name":"(anonymous_4)","decl":{"start":{"line":77,"column":23},"end":{"line":77,"column":29}},"loc":{"start":{"line":77,"column":29},"end":{"line":77,"column":null}}},"4":{"name":"(anonymous_5)","decl":{"start":{"line":97,"column":27},"end":{"line":97,"column":28}},"loc":{"start":{"line":97,"column":42},"end":{"line":97,"column":60}}},"5":{"name":"(anonymous_6)","decl":{"start":{"line":103,"column":36},"end":{"line":103,"column":37}},"loc":{"start":{"line":103,"column":46},"end":{"line":103,"column":58}}},"6":{"name":"(anonymous_7)","decl":{"start":{"line":109,"column":36},"end":{"line":109,"column":37}},"loc":{"start":{"line":109,"column":46},"end":{"line":109,"column":58}}},"7":{"name":"(anonymous_8)","decl":{"start":{"line":118,"column":62},"end":{"line":118,"column":63}},"loc":{"start":{"line":118,"column":69},"end":{"line":118,"column":96}}}},"branchMap":{"0":{"loc":{"start":{"line":24,"column":2},"end":{"line":35,"column":null}},"type":"if","locations":[{"start":{"line":24,"column":2},"end":{"line":35,"column":null}},{"start":{},"end":{}}]},"1":{"loc":{"start":{"line":24,"column":6},"end":{"line":24,"column":41}},"type":"binary-expr","locations":[{"start":{"line":24,"column":6},"end":{"line":24,"column":16}},{"start":{"line":24,"column":16},"end":{"line":24,"column":27}},{"start":{"line":24,"column":27},"end":{"line":24,"column":41}}]},"2":{"loc":{"start":{"line":26,"column":4},"end":{"line":26,"column":null}},"type":"if","locations":[{"start":{"line":26,"column":4},"end":{"line":26,"column":null}},{"start":{},"end":{}}]}},"s":{"0":16,"1":1,"2":1,"3":0,"4":0,"5":0,"6":0,"7":0,"8":1,"9":0,"10":0,"11":181,"12":181,"13":181,"14":181},"f":{"0":0,"1":0,"2":16,"3":0,"4":181,"5":181,"6":181,"7":181},"b":{"0":[0,0],"1":[0,0,0],"2":[0,0]}}
,"C:\\Users\\glaub\\OneDrive\\AI\\aria-clinic\\components\\dashboard\\Header.tsx": {"path":"C:\\Users\\glaub\\OneDrive\\AI\\aria-clinic\\components\\dashboard\\Header.tsx","statementMap":{"0":{"start":{"line":6,"column":24},"end":{"line":6,"column":null}},"1":{"start":{"line":3,"column":25},"end":{"line":3,"column":null}},"2":{"start":{"line":4,"column":40},"end":{"line":4,"column":null}},"3":{"start":{"line":7,"column":44},"end":{"line":7,"column":null}},"4":{"start":{"line":37,"column":29},"end":{"line":37,"column":null}},"5":{"start":{"line":67,"column":33},"end":{"line":67,"column":null}},"6":{"start":{"line":74,"column":33},"end":{"line":74,"column":null}}},"fnMap":{"0":{"name":"Header","decl":{"start":{"line":6,"column":24},"end":{"line":6,"column":null}},"loc":{"start":{"line":6,"column":24},"end":{"line":85,"column":null}}},"1":{"name":"(anonymous_2)","decl":{"start":{"line":37,"column":23},"end":{"line":37,"column":29}},"loc":{"start":{"line":37,"column":29},"end":{"line":37,"column":null}}},"2":{"name":"(anonymous_3)","decl":{"start":{"line":67,"column":27},"end":{"line":67,"column":33}},"loc":{"start":{"line":67,"column":33},"end":{"line":67,"column":null}}},"3":{"name":"(anonymous_4)","decl":{"start":{"line":74,"column":27},"end":{"line":74,"column":33}},"loc":{"start":{"line":74,"column":33},"end":{"line":74,"column":null}}}},"branchMap":{"0":{"loc":{"start":{"line":49,"column":18},"end":{"line":49,"column":null}},"type":"cond-expr","locations":[{"start":{"line":49,"column":34},"end":{"line":49,"column":49}},{"start":{"line":49,"column":49},"end":{"line":49,"column":null}}]},"1":{"loc":{"start":{"line":55,"column":13},"end":{"line":55,"column":null}},"type":"binary-expr","locations":[{"start":{"line":55,"column":13},"end":{"line":55,"column":null}}]}},"s":{"0":5,"1":1,"2":1,"3":8,"4":3,"5":0,"6":0},"f":{"0":8,"1":3,"2":0,"3":0},"b":{"0":[2,6],"1":[8]}}
,"C:\\Users\\glaub\\OneDrive\\AI\\aria-clinic\\components\\dashboard\\KPICard.tsx": {"path":"C:\\Users\\glaub\\OneDrive\\AI\\aria-clinic\\components\\dashboard\\KPICard.tsx","statementMap":{"0":{"start":{"line":40,"column":24},"end":{"line":40,"column":32}},"1":{"start":{"line":1,"column":53},"end":{"line":1,"column":null}},"2":{"start":{"line":13,"column":21},"end":{"line":38,"column":null}},"3":{"start":{"line":49,"column":21},"end":{"line":49,"column":null}},"4":{"start":{"line":50,"column":18},"end":{"line":50,"column":37}}},"fnMap":{"0":{"name":"KPICard","decl":{"start":{"line":40,"column":24},"end":{"line":40,"column":32}},"loc":{"start":{"line":48,"column":15},"end":{"line":96,"column":null}}}},"branchMap":{"0":{"loc":{"start":{"line":74,"column":13},"end":{"line":74,"column":null}},"type":"cond-expr","locations":[{"start":{"line":74,"column":41},"end":{"line":74,"column":66}},{"start":{"line":74,"column":66},"end":{"line":74,"column":null}}]},"1":{"loc":{"start":{"line":86,"column":12},"end":{"line":88,"column":13}},"type":"cond-expr","locations":[{"start":{"line":86,"column":12},"end":{"line":88,"column":13}}]}},"s":{"0":16,"1":1,"2":1,"3":16,"4":16},"f":{"0":16},"b":{"0":[15,1],"1":[15]}}
,"C:\\Users\\glaub\\OneDrive\\AI\\aria-clinic\\components\\dashboard\\PatientTable.tsx": {"path":"C:\\Users\\glaub\\OneDrive\\AI\\aria-clinic\\components\\dashboard\\PatientTable.tsx","statementMap":{"0":{"start":{"line":122,"column":0},"end":{"line":122,"column":15}},"1":{"start":{"line":3,"column":25},"end":{"line":3,"column":null}},"2":{"start":{"line":4,"column":39},"end":{"line":4,"column":null}},"3":{"start":{"line":5,"column":43},"end":{"line":5,"column":null}},"4":{"start":{"line":14,"column":21},"end":{"line":120,"column":null}},"5":{"start":{"line":15,"column":36},"end":{"line":15,"column":null}},"6":{"start":{"line":16,"column":36},"end":{"line":16,"column":null}},"7":{"start":{"line":18,"column":21},"end":{"line":27,"column":null}},"8":{"start":{"line":19,"column":4},"end":{"line":26,"column":null}},"9":{"start":{"line":21,"column":6},"end":{"line":21,"column":null}},"10":{"start":{"line":24,"column":6},"end":{"line":24,"column":null}},"11":{"start":{"line":25,"column":6},"end":{"line":25,"column":null}},"12":{"start":{"line":29,"column":21},"end":{"line":49,"column":null}},"13":{"start":{"line":30,"column":4},"end":{"line":30,"column":null}},"14":{"start":{"line":30,"column":20},"end":{"line":30,"column":null}},"15":{"start":{"line":32,"column":34},"end":{"line":32,"column":null}},"16":{"start":{"line":33,"column":34},"end":{"line":33,"column":null}},"17":{"start":{"line":35,"column":4},"end":{"line":44,"column":null}},"18":{"start":{"line":36,"column":6},"end":{"line":36,"column":null}},"19":{"start":{"line":37,"column":6},"end":{"line":37,"column":null}},"20":{"start":{"line":38,"column":11},"end":{"line":44,"column":null}},"21":{"start":{"line":39,"column":6},"end":{"line":39,"column":null}},"22":{"start":{"line":40,"column":6},"end":{"line":40,"column":null}},"23":{"start":{"line":41,"column":11},"end":{"line":44,"column":null}},"24":{"start":{"line":42,"column":6},"end":{"line":42,"column":null}},"25":{"start":{"line":43,"column":6},"end":{"line":43,"column":null}},"26":{"start":{"line":46,"column":4},"end":{"line":46,"column":null}},"27":{"start":{"line":46,"column":25},"end":{"line":46,"column":null}},"28":{"start":{"line":47,"column":4},"end":{"line":47,"column":null}},"29":{"start":{"line":47,"column":25},"end":{"line":47,"column":null}},"30":{"start":{"line":48,"column":4},"end":{"line":48,"column":null}},"31":{"start":{"line":51,"column":22},"end":{"line":58,"column":null}},"32":{"start":{"line":52,"column":4},"end":{"line":52,"column":null}},"33":{"start":{"line":52,"column":29},"end":{"line":52,"column":null}},"34":{"start":{"line":60,"column":21},"end":{"line":67,"column":null}},"35":{"start":{"line":61,"column":17},"end":{"line":61,"column":null}},"36":{"start":{"line":62,"column":4},"end":{"line":66,"column":null}},"37":{"start":{"line":76,"column":29},"end":{"line":76,"column":null}},"38":{"start":{"line":89,"column":29},"end":{"line":89,"column":null}},"39":{"start":{"line":96,"column":29},"end":{"line":96,"column":null}},"40":{"start":{"line":105,"column":12},"end":{"line":106,"column":null}},"41":{"start":{"line":122,"column":15},"end":{"line":122,"column":null}}},"fnMap":{"0":{"name":"(anonymous_1)","decl":{"start":{"line":14,"column":21},"end":{"line":14,"column":22}},"loc":{"start":{"line":14,"column":63},"end":{"line":120,"column":null}}},"1":{"name":"(anonymous_2)","decl":{"start":{"line":18,"column":21},"end":{"line":18,"column":22}},"loc":{"start":{"line":18,"column":22},"end":{"line":27,"column":null}}},"2":{"name":"(anonymous_3)","decl":{"start":{"line":29,"column":36},"end":{"line":29,"column":37}},"loc":{"start":{"line":29,"column":40},"end":{"line":49,"column":null}}},"3":{"name":"(anonymous_4)","decl":{"start":{"line":51,"column":22},"end":{"line":51,"column":23}},"loc":{"start":{"line":51,"column":23},"end":{"line":58,"column":null}}},"4":{"name":"(anonymous_5)","decl":{"start":{"line":60,"column":21},"end":{"line":60,"column":22}},"loc":{"start":{"line":60,"column":22},"end":{"line":67,"column":null}}},"5":{"name":"(anonymous_6)","decl":{"start":{"line":76,"column":23},"end":{"line":76,"column":29}},"loc":{"start":{"line":76,"column":29},"end":{"line":76,"column":null}}},"6":{"name":"(anonymous_7)","decl":{"start":{"line":89,"column":23},"end":{"line":89,"column":29}},"loc":{"start":{"line":89,"column":29},"end":{"line":89,"column":null}}},"7":{"name":"(anonymous_8)","decl":{"start":{"line":96,"column":23},"end":{"line":96,"column":29}},"loc":{"start":{"line":96,"column":29},"end":{"line":96,"column":null}}},"8":{"name":"(anonymous_9)","decl":{"start":{"line":104,"column":26},"end":{"line":104,"column":27}},"loc":{"start":{"line":105,"column":12},"end":{"line":106,"column":null}}}},"branchMap":{"0":{"loc":{"start":{"line":14,"column":24},"end":{"line":14,"column":42}},"type":"default-arg","locations":[{"start":{"line":14,"column":31},"end":{"line":14,"column":42}}]},"1":{"loc":{"start":{"line":19,"column":4},"end":{"line":26,"column":null}},"type":"if","locations":[{"start":{"line":19,"column":4},"end":{"line":26,"column":null}},{"start":{"line":22,"column":11},"end":{"line":26,"column":null}}]},"2":{"loc":{"start":{"line":21,"column":19},"end":{"line":21,"column":null}},"type":"cond-expr","locations":[{"start":{"line":21,"column":41},"end":{"line":21,"column":50}},{"start":{"line":21,"column":50},"end":{"line":21,"column":null}}]},"3":{"loc":{"start":{"line":30,"column":4},"end":{"line":30,"column":null}},"type":"if","locations":[{"start":{"line":30,"column":4},"end":{"line":30,"column":null}},{"start":{},"end":{}}]},"4":{"loc":{"start":{"line":35,"column":4},"end":{"line":44,"column":null}},"type":"if","locations":[{"start":{"line":35,"column":4},"end":{"line":44,"column":null}},{"start":{"line":38,"column":11},"end":{"line":44,"column":null}}]},"5":{"loc":{"start":{"line":38,"column":11},"end":{"line":44,"column":null}},"type":"if","locations":[{"start":{"line":38,"column":11},"end":{"line":44,"column":null}},{"start":{"line":41,"column":11},"end":{"line":44,"column":null}}]},"6":{"loc":{"start":{"line":41,"column":11},"end":{"line":44,"column":null}},"type":"if","locations":[{"start":{"line":41,"column":11},"end":{"line":44,"column":null}},{"start":{},"end":{}}]},"7":{"loc":{"start":{"line":46,"column":4},"end":{"line":46,"column":null}},"type":"if","locations":[{"start":{"line":46,"column":4},"end":{"line":46,"column":null}},{"start":{},"end":{}}]},"8":{"loc":{"start":{"line":46,"column":32},"end":{"line":46,"column":null}},"type":"cond-expr","locations":[{"start":{"line":46,"column":54},"end":{"line":46,"column":59}},{"start":{"line":46,"column":59},"end":{"line":46,"column":null}}]},"9":{"loc":{"start":{"line":47,"column":4},"end":{"line":47,"column":null}},"type":"if","locations":[{"start":{"line":47,"column":4},"end":{"line":47,"column":null}},{"start":{},"end":{}}]},"10":{"loc":{"start":{"line":47,"column":32},"end":{"line":47,"column":null}},"type":"cond-expr","locations":[{"start":{"line":47,"column":54},"end":{"line":47,"column":58}},{"start":{"line":47,"column":58},"end":{"line":47,"column":null}}]},"11":{"loc":{"start":{"line":52,"column":4},"end":{"line":52,"column":null}},"type":"if","locations":[{"start":{"line":52,"column":4},"end":{"line":52,"column":null}},{"start":{},"end":{}}]},"12":{"loc":{"start":{"line":54,"column":6},"end":{"line":56,"column":7}},"type":"cond-expr","locations":[{"start":{"line":54,"column":6},"end":{"line":56,"column":7}}]},"13":{"loc":{"start":{"line":77,"column":25},"end":{"line":77,"column":null}},"type":"cond-expr","locations":[{"start":{"line":77,"column":49},"end":{"line":77,"column":101}},{"start":{"line":77,"column":101},"end":{"line":77,"column":null}}]},"14":{"loc":{"start":{"line":77,"column":49},"end":{"line":77,"column":101}},"type":"cond-expr","locations":[{"start":{"line":77,"column":71},"end":{"line":77,"column":85}},{"start":{"line":77,"column":85},"end":{"line":77,"column":101}}]},"15":{"loc":{"start":{"line":90,"column":25},"end":{"line":90,"column":null}},"type":"cond-expr","locations":[{"start":{"line":90,"column":53},"end":{"line":90,"column":105}},{"start":{"line":90,"column":105},"end":{"line":90,"column":null}}]},"16":{"loc":{"start":{"line":90,"column":53},"end":{"line":90,"column":105}},"type":"cond-expr","locations":[{"start":{"line":90,"column":75},"end":{"line":90,"column":89}},{"start":{"line":90,"column":89},"end":{"line":90,"column":105}}]},"17":{"loc":{"start":{"line":97,"column":25},"end":{"line":97,"column":null}},"type":"cond-expr","locations":[{"start":{"line":97,"column":60},"end":{"line":97,"column":112}},{"start":{"line":97,"column":112},"end":{"line":97,"column":null}}]},"18":{"loc":{"start":{"line":97,"column":60},"end":{"line":97,"column":112}},"type":"cond-expr","locations":[{"start":{"line":97,"column":82},"end":{"line":97,"column":96}},{"start":{"line":97,"column":96},"end":{"line":97,"column":112}}]}},"s":{"0":19,"1":1,"2":1,"3":1,"4":1,"5":30,"6":30,"7":30,"8":11,"9":3,"10":8,"11":8,"12":30,"13":389,"14":0,"15":389,"16":389,"17":389,"18":194,"19":194,"20":195,"21":42,"22":42,"23":153,"24":153,"25":153,"26":389,"27":295,"28":94,"29":78,"30":16,"31":30,"32":90,"33":60,"34":30,"35":281,"36":281,"37":8,"38":2,"39":1,"40":281,"41":1},"f":{"0":30,"1":11,"2":389,"3":90,"4":281,"5":8,"6":2,"7":1,"8":281},"b":{"0":[0],"1":[3,8],"2":[2,1],"3":[0,389],"4":[194,195],"5":[42,153],"6":[153,0],"7":[295,94],"8":[127,168],"9":[78,16],"10":[62,16],"11":[60,30],"12":[10],"13":[9,21],"14":[7,2],"15":[2,28],"16":[2,0],"17":[19,11],"18":[1,18]}}
,"C:\\Users\\glaub\\OneDrive\\AI\\aria-clinic\\components\\dashboard\\ProtocolChart.tsx": {"path":"C:\\Users\\glaub\\OneDrive\\AI\\aria-clinic\\components\\dashboard\\ProtocolChart.tsx","statementMap":{"0":{"start":{"line":40,"column":24},"end":{"line":40,"column":38}},"1":{"start":{"line":9,"column":7},"end":{"line":9,"column":null}},"2":{"start":{"line":24,"column":22},"end":{"line":38,"column":null}},"3":{"start":{"line":25,"column":2},"end":{"line":36,"column":null}},"4":{"start":{"line":26,"column":18},"end":{"line":26,"column":36}},"5":{"start":{"line":27,"column":18},"end":{"line":27,"column":null}},"6":{"start":{"line":28,"column":23},"end":{"line":28,"column":null}},"7":{"start":{"line":37,"column":2},"end":{"line":37,"column":null}},"8":{"start":{"line":45,"column":20},"end":{"line":48,"column":null}},"9":{"start":{"line":45,"column":40},"end":{"line":48,"column":null}},"10":{"start":{"line":70,"column":16},"end":{"line":71,"column":null}},"11":{"start":{"line":93,"column":10},"end":{"line":94,"column":null}},"12":{"start":{"line":115,"column":123},"end":{"line":115,"column":155}}},"fnMap":{"0":{"name":"(anonymous_1)","decl":{"start":{"line":24,"column":22},"end":{"line":24,"column":23}},"loc":{"start":{"line":24,"column":56},"end":{"line":38,"column":null}}},"1":{"name":"ProtocolChart","decl":{"start":{"line":40,"column":24},"end":{"line":40,"column":38}},"loc":{"start":{"line":43,"column":21},"end":{"line":118,"column":null}}},"2":{"name":"(anonymous_3)","decl":{"start":{"line":45,"column":29},"end":{"line":45,"column":30}},"loc":{"start":{"line":45,"column":40},"end":{"line":48,"column":null}}},"3":{"name":"(anonymous_4)","decl":{"start":{"line":69,"column":24},"end":{"line":69,"column":25}},"loc":{"start":{"line":70,"column":16},"end":{"line":71,"column":null}}},"4":{"name":"(anonymous_5)","decl":{"start":{"line":92,"column":18},"end":{"line":92,"column":19}},"loc":{"start":{"line":93,"column":10},"end":{"line":94,"column":null}}},"5":{"name":"(anonymous_6)","decl":{"start":{"line":115,"column":118},"end":{"line":115,"column":123}},"loc":{"start":{"line":115,"column":123},"end":{"line":115,"column":155}}}},"branchMap":{"0":{"loc":{"start":{"line":25,"column":2},"end":{"line":36,"column":null}},"type":"if","locations":[{"start":{"line":25,"column":2},"end":{"line":36,"column":null}},{"start":{},"end":{}}]},"1":{"loc":{"start":{"line":25,"column":6},"end":{"line":25,"column":41}},"type":"binary-expr","locations":[{"start":{"line":25,"column":6},"end":{"line":25,"column":16}},{"start":{"line":25,"column":16},"end":{"line":25,"column":27}},{"start":{"line":25,"column":27},"end":{"line":25,"column":41}}]},"2":{"loc":{"start":{"line":27,"column":18},"end":{"line":27,"column":null}},"type":"binary-expr","locations":[{"start":{"line":27,"column":18},"end":{"line":27,"column":50}},{"start":{"line":27,"column":54},"end":{"line":27,"column":null}}]}},"s":{"0":14,"1":1,"2":1,"3":0,"4":0,"5":0,"6":0,"7":0,"8":14,"9":53,"10":53,"11":53,"12":53},"f":{"0":0,"1":14,"2":53,"3":53,"4":53,"5":53},"b":{"0":[0,0],"1":[0,0,0],"2":[0,0]}}
,"C:\\Users\\glaub\\OneDrive\\AI\\aria-clinic\\components\\dashboard\\Sidebar.tsx": {"path":"C:\\Users\\glaub\\OneDrive\\AI\\aria-clinic\\components\\dashboard\\Sidebar.tsx","statementMap":{"0":{"start":{"line":16,"column":24},"end":{"line":16,"column":null}},"1":{"start":{"line":3,"column":25},"end":{"line":3,"column":null}},"2":{"start":{"line":4,"column":17},"end":{"line":4,"column":null}},"3":{"start":{"line":5,"column":28},"end":{"line":5,"column":null}},"4":{"start":{"line":14,"column":7},"end":{"line":14,"column":null}},"5":{"start":{"line":17,"column":30},"end":{"line":17,"column":null}},"6":{"start":{"line":18,"column":19},"end":{"line":18,"column":null}},"7":{"start":{"line":20,"column":19},"end":{"line":25,"column":null}},"8":{"start":{"line":27,"column":19},"end":{"line":32,"column":null}},"9":{"start":{"line":28,"column":4},"end":{"line":30,"column":null}},"10":{"start":{"line":29,"column":6},"end":{"line":29,"column":null}},"11":{"start":{"line":31,"column":4},"end":{"line":31,"column":null}},"12":{"start":{"line":38,"column":23},"end":{"line":38,"column":null}},"13":{"start":{"line":50,"column":25},"end":{"line":50,"column":null}},"14":{"start":{"line":68,"column":12},"end":{"line":69,"column":null}},"15":{"start":{"line":79,"column":29},"end":{"line":79,"column":null}},"16":{"start":{"line":97,"column":14},"end":{"line":97,"column":null}}},"fnMap":{"0":{"name":"Sidebar","decl":{"start":{"line":16,"column":24},"end":{"line":16,"column":null}},"loc":{"start":{"line":16,"column":24},"end":{"line":107,"column":null}}},"1":{"name":"(anonymous_3)","decl":{"start":{"line":27,"column":19},"end":{"line":27,"column":20}},"loc":{"start":{"line":27,"column":20},"end":{"line":32,"column":null}}},"2":{"name":"(anonymous_4)","decl":{"start":{"line":38,"column":17},"end":{"line":38,"column":23}},"loc":{"start":{"line":38,"column":23},"end":{"line":38,"column":null}}},"3":{"name":"(anonymous_5)","decl":{"start":{"line":50,"column":19},"end":{"line":50,"column":25}},"loc":{"start":{"line":50,"column":25},"end":{"line":50,"column":null}}},"4":{"name":"(anonymous_6)","decl":{"start":{"line":67,"column":24},"end":{"line":67,"column":25}},"loc":{"start":{"line":68,"column":12},"end":{"line":69,"column":null}}},"5":{"name":"(anonymous_7)","decl":{"start":{"line":79,"column":23},"end":{"line":79,"column":29}},"loc":{"start":{"line":79,"column":29},"end":{"line":79,"column":null}}},"6":{"name":"(anonymous_8)","decl":{"start":{"line":95,"column":21},"end":{"line":95,"column":null}},"loc":{"start":{"line":95,"column":21},"end":{"line":98,"column":null}}}},"branchMap":{"0":{"loc":{"start":{"line":28,"column":4},"end":{"line":30,"column":null}},"type":"if","locations":[{"start":{"line":28,"column":4},"end":{"line":30,"column":null}},{"start":{},"end":{}}]},"1":{"loc":{"start":{"line":43,"column":18},"end":{"line":43,"column":37}},"type":"cond-expr","locations":[{"start":{"line":43,"column":18},"end":{"line":43,"column":37}}]},"2":{"loc":{"start":{"line":47,"column":7},"end":{"line":47,"column":null}},"type":"binary-expr","locations":[{"start":{"line":47,"column":7},"end":{"line":47,"column":null}}]},"3":{"loc":{"start":{"line":61,"column":12},"end":{"line":61,"column":76}},"type":"cond-expr","locations":[{"start":{"line":61,"column":21},"end":{"line":61,"column":39}},{"start":{"line":61,"column":39},"end":{"line":61,"column":76}}]},"4":{"loc":{"start":{"line":74,"column":18},"end":{"line":76,"column":null}},"type":"cond-expr","locations":[{"start":{"line":75,"column":22},"end":{"line":75,"column":null}},{"start":{"line":76,"column":22},"end":{"line":76,"column":null}}]},"5":{"loc":{"start":{"line":80,"column":28},"end":{"line":80,"column":null}},"type":"cond-expr","locations":[{"start":{"line":80,"column":45},"end":{"line":80,"column":54}},{"start":{"line":80,"column":54},"end":{"line":80,"column":null}}]}},"s":{"0":8,"1":1,"2":1,"3":1,"4":1,"5":12,"6":12,"7":12,"8":12,"9":96,"10":24,"11":72,"12":3,"13":0,"14":48,"15":1,"16":0},"f":{"0":12,"1":96,"2":3,"3":0,"4":48,"5":1,"6":0},"b":{"0":[24,72],"1":[2],"2":[12],"3":[2,10],"4":[12,36],"5":[12,36]}}
,"C:\\Users\\glaub\\OneDrive\\AI\\aria-clinic\\components\\scheduler\\AppointmentCard.tsx": {"path":"C:\\Users\\glaub\\OneDrive\\AI\\aria-clinic\\components\\scheduler\\AppointmentCard.tsx","statementMap":{"0":{"start":{"line":30,"column":16},"end":{"line":30,"column":32}},"1":{"start":{"line":4,"column":21},"end":{"line":4,"column":null}},"2":{"start":{"line":5,"column":22},"end":{"line":5,"column":null}},"3":{"start":{"line":6,"column":41},"end":{"line":6,"column":null}},"4":{"start":{"line":14,"column":56},"end":{"line":20,"column":null}},"5":{"start":{"line":22,"column":56},"end":{"line":28,"column":null}},"6":{"start":{"line":35,"column":18},"end":{"line":35,"column":null}},"7":{"start":{"line":85,"column":27},"end":{"line":85,"column":null}},"8":{"start":{"line":86,"column":23},"end":{"line":86,"column":null}},"9":{"start":{"line":87,"column":19},"end":{"line":87,"column":null}},"10":{"start":{"line":88,"column":21},"end":{"line":88,"column":null}},"11":{"start":{"line":89,"column":2},"end":{"line":89,"column":null}}},"fnMap":{"0":{"name":"AppointmentCard","decl":{"start":{"line":30,"column":16},"end":{"line":30,"column":32}},"loc":{"start":{"line":34,"column":23},"end":{"line":82,"column":null}}},"1":{"name":"calculateEndTime","decl":{"start":{"line":84,"column":9},"end":{"line":84,"column":26}},"loc":{"start":{"line":84,"column":61},"end":{"line":90,"column":null}}}},"branchMap":{"0":{"loc":{"start":{"line":33,"column":2},"end":{"line":33,"column":19}},"type":"default-arg","locations":[{"start":{"line":33,"column":14},"end":{"line":33,"column":19}}]},"1":{"loc":{"start":{"line":40,"column":8},"end":{"line":40,"column":null}},"type":"cond-expr","locations":[{"start":{"line":40,"column":18},"end":{"line":40,"column":37}},{"start":{"line":40,"column":37},"end":{"line":40,"column":null}}]},"2":{"loc":{"start":{"line":41,"column":10},"end":{"line":41,"column":35}},"type":"cond-expr","locations":[{"start":{"line":41,"column":22},"end":{"line":41,"column":31}},{"start":{"line":41,"column":31},"end":{"line":41,"column":35}}]},"3":{"loc":{"start":{"line":44,"column":22},"end":{"line":44,"column":null}},"type":"cond-expr","locations":[{"start":{"line":44,"column":34},"end":{"line":44,"column":48}},{"start":{"line":44,"column":48},"end":{"line":44,"column":null}}]},"4":{"loc":{"start":{"line":74,"column":9},"end":{"line":74,"column":23}},"type":"binary-expr","locations":[{"start":{"line":74,"column":9},"end":{"line":74,"column":23}},{"start":{"line":74,"column":23},"end":{"line":74,"column":40}}]}},"s":{"0":9,"1":1,"2":1,"3":1,"4":1,"5":1,"6":9,"7":9,"8":9,"9":9,"10":9,"11":9},"f":{"0":9,"1":9},"b":{"0":[8],"1":[1,8],"2":[1,8],"3":[1,8],"4":[9,8]}}
,"C:\\Users\\glaub\\OneDrive\\AI\\aria-clinic\\components\\ui\\badge.tsx": {"path":"C:\\Users\\glaub\\OneDrive\\AI\\aria-clinic\\components\\ui\\badge.tsx","statementMap":{"0":{"start":{"line":52,"column":9},"end":{"line":52,"column":16}},"1":{"start":{"line":52,"column":16},"end":{"line":52,"column":null}},"2":{"start":{"line":1,"column":27},"end":{"line":1,"column":null}},"3":{"start":{"line":2,"column":26},"end":{"line":2,"column":null}},"4":{"start":{"line":3,"column":39},"end":{"line":3,"column":null}},"5":{"start":{"line":5,"column":19},"end":{"line":5,"column":null}},"6":{"start":{"line":7,"column":22},"end":{"line":27,"column":null}},"7":{"start":{"line":36,"column":2},"end":{"line":49,"column":null}}},"fnMap":{"0":{"name":"Badge","decl":{"start":{"line":30,"column":9},"end":{"line":30,"column":15}},"loc":{"start":{"line":35,"column":72},"end":{"line":50,"column":null}}}},"branchMap":{"0":{"loc":{"start":{"line":32,"column":2},"end":{"line":32,"column":21}},"type":"default-arg","locations":[{"start":{"line":32,"column":12},"end":{"line":32,"column":21}}]}},"s":{"0":9,"1":0,"2":1,"3":1,"4":1,"5":1,"6":1,"7":9},"f":{"0":9},"b":{"0":[0]}}
,"C:\\Users\\glaub\\OneDrive\\AI\\aria-clinic\\components\\ui\\card.tsx": {"path":"C:\\Users\\glaub\\OneDrive\\AI\\aria-clinic\\components\\ui\\card.tsx","statementMap":{"0":{"start":{"line":96,"column":2},"end":{"line":96,"column":null}},"1":{"start":{"line":100,"column":2},"end":{"line":100,"column":null}},"2":{"start":{"line":102,"column":2},"end":{"line":102,"column":null}},"3":{"start":{"line":101,"column":2},"end":{"line":101,"column":null}},"4":{"start":{"line":98,"column":2},"end":{"line":98,"column":null}},"5":{"start":{"line":97,"column":2},"end":{"line":97,"column":null}},"6":{"start":{"line":99,"column":2},"end":{"line":99,"column":null}},"7":{"start":{"line":1,"column":23},"end":{"line":1,"column":null}},"8":{"start":{"line":3,"column":19},"end":{"line":3,"column":null}}},"fnMap":{"0":{"name":"Card","decl":{"start":{"line":5,"column":9},"end":{"line":5,"column":14}},"loc":{"start":{"line":9,"column":60},"end":{"line":21,"column":null}}},"1":{"name":"CardHeader","decl":{"start":{"line":23,"column":9},"end":{"line":23,"column":20}},"loc":{"start":{"line":23,"column":72},"end":{"line":34,"column":null}}},"2":{"name":"CardTitle","decl":{"start":{"line":36,"column":9},"end":{"line":36,"column":19}},"loc":{"start":{"line":36,"column":71},"end":{"line":47,"column":null}}},"3":{"name":"CardDescription","decl":{"start":{"line":49,"column":9},"end":{"line":49,"column":25}},"loc":{"start":{"line":49,"column":77},"end":{"line":57,"column":null}}},"4":{"name":"CardAction","decl":{"start":{"line":59,"column":9},"end":{"line":59,"column":20}},"loc":{"start":{"line":59,"column":72},"end":{"line":70,"column":null}}},"5":{"name":"CardContent","decl":{"start":{"line":72,"column":9},"end":{"line":72,"column":21}},"loc":{"start":{"line":72,"column":73},"end":{"line":80,"column":null}}},"6":{"name":"CardFooter","decl":{"start":{"line":82,"column":9},"end":{"line":82,"column":20}},"loc":{"start":{"line":82,"column":72},"end":{"line":93,"column":null}}}},"branchMap":{"0":{"loc":{"start":{"line":7,"column":2},"end":{"line":7,"column":18}},"type":"default-arg","locations":[{"start":{"line":7,"column":9},"end":{"line":7,"column":18}}]}},"s":{"0":9,"1":0,"2":0,"3":0,"4":0,"5":0,"6":0,"7":1,"8":1},"f":{"0":9,"1":0,"2":0,"3":0,"4":0,"5":0,"6":0},"b":{"0":[9]}}
,"C:\\Users\\glaub\\OneDrive\\AI\\aria-clinic\\lib\\utils.ts": {"path":"C:\\Users\\glaub\\OneDrive\\AI\\aria-clinic\\lib\\utils.ts","statementMap":{"0":{"start":{"line":4,"column":16},"end":{"line":4,"column":19}},"1":{"start":{"line":1,"column":38},"end":{"line":1,"column":null}},"2":{"start":{"line":2,"column":24},"end":{"line":2,"column":null}},"3":{"start":{"line":5,"column":2},"end":{"line":5,"column":null}}},"fnMap":{"0":{"name":"cn","decl":{"start":{"line":4,"column":16},"end":{"line":4,"column":19}},"loc":{"start":{"line":4,"column":42},"end":{"line":6,"column":null}}}},"branchMap":{},"s":{"0":18,"1":1,"2":1,"3":18},"f":{"0":18},"b":{}}
,"C:\\Users\\glaub\\OneDrive\\AI\\aria-clinic\\lib\\auth\\permissions.ts": {"path":"C:\\Users\\glaub\\OneDrive\\AI\\aria-clinic\\lib\\auth\\permissions.ts","statementMap":{"0":{"start":{"line":122,"column":22},"end":{"line":122,"column":null}},"1":{"start":{"line":7,"column":22},"end":{"line":7,"column":null}},"2":{"start":{"line":87,"column":22},"end":{"line":87,"column":null}},"3":{"start":{"line":53,"column":22},"end":{"line":53,"column":null}},"4":{"start":{"line":38,"column":22},"end":{"line":38,"column":null}},"5":{"start":{"line":173,"column":22},"end":{"line":173,"column":null}},"6":{"start":{"line":12,"column":2},"end":{"line":31,"column":null}},"7":{"start":{"line":13,"column":28},"end":{"line":18,"column":null}},"8":{"start":{"line":20,"column":4},"end":{"line":23,"column":null}},"9":{"start":{"line":21,"column":6},"end":{"line":21,"column":null}},"10":{"start":{"line":22,"column":6},"end":{"line":22,"column":null}},"11":{"start":{"line":25,"column":21},"end":{"line":25,"column":null}},"12":{"start":{"line":26,"column":18},"end":{"line":26,"column":69}},"13":{"start":{"line":27,"column":4},"end":{"line":27,"column":null}},"14":{"start":{"line":29,"column":4},"end":{"line":29,"column":null}},"15":{"start":{"line":30,"column":4},"end":{"line":30,"column":null}},"16":{"start":{"line":44,"column":19},"end":{"line":44,"column":null}},"17":{"start":{"line":45,"column":2},"end":{"line":45,"column":null}},"18":{"start":{"line":59,"column":2},"end":{"line":80,"column":null}},"19":{"start":{"line":60,"column":28},"end":{"line":65,"column":null}},"20":{"start":{"line":67,"column":4},"end":{"line":70,"column":null}},"21":{"start":{"line":68,"column":6},"end":{"line":68,"column":null}},"22":{"start":{"line":69,"column":6},"end":{"line":69,"column":null}},"23":{"start":{"line":72,"column":21},"end":{"line":72,"column":null}},"24":{"start":{"line":73,"column":23},"end":{"line":73,"column":74}},"25":{"start":{"line":74,"column":24},"end":{"line":74,"column":56}},"26":{"start":{"line":76,"column":4},"end":{"line":76,"column":null}},"27":{"start":{"line":78,"column":4},"end":{"line":78,"column":null}},"28":{"start":{"line":79,"column":4},"end":{"line":79,"column":null}},"29":{"start":{"line":91,"column":2},"end":{"line":115,"column":null}},"30":{"start":{"line":92,"column":28},"end":{"line":95,"column":null}},"31":{"start":{"line":97,"column":4},"end":{"line":100,"column":null}},"32":{"start":{"line":98,"column":6},"end":{"line":98,"column":null}},"33":{"start":{"line":99,"column":6},"end":{"line":99,"column":null}},"34":{"start":{"line":102,"column":4},"end":{"line":111,"column":null}},"35":{"start":{"line":104,"column":25},"end":{"line":104,"column":null}},"36":{"start":{"line":105,"column":27},"end":{"line":105,"column":78}},"37":{"start":{"line":106,"column":8},"end":{"line":109,"column":null}},"38":{"start":{"line":111,"column":24},"end":{"line":111,"column":null}},"39":{"start":{"line":113,"column":4},"end":{"line":113,"column":null}},"40":{"start":{"line":114,"column":4},"end":{"line":114,"column":null}},"41":{"start":{"line":128,"column":2},"end":{"line":166,"column":null}},"42":{"start":{"line":130,"column":49},"end":{"line":134,"column":null}},"43":{"start":{"line":136,"column":4},"end":{"line":139,"column":null}},"44":{"start":{"line":137,"column":6},"end":{"line":137,"column":null}},"45":{"start":{"line":138,"column":6},"end":{"line":138,"column":null}},"46":{"start":{"line":141,"column":19},"end":{"line":141,"column":30}},"47":{"start":{"line":144,"column":22},"end":{"line":154,"column":null}},"48":{"start":{"line":157,"column":4},"end":{"line":160,"column":null}},"49":{"start":{"line":158,"column":6},"end":{"line":158,"column":null}},"50":{"start":{"line":159,"column":6},"end":{"line":159,"column":null}},"51":{"start":{"line":162,"column":4},"end":{"line":162,"column":null}},"52":{"start":{"line":164,"column":4},"end":{"line":164,"column":null}},"53":{"start":{"line":165,"column":4},"end":{"line":165,"column":null}},"54":{"start":{"line":179,"column":2},"end":{"line":211,"column":null}},"55":{"start":{"line":181,"column":49},"end":{"line":185,"column":null}},"56":{"start":{"line":187,"column":4},"end":{"line":190,"column":null}},"57":{"start":{"line":188,"column":6},"end":{"line":188,"column":null}},"58":{"start":{"line":189,"column":6},"end":{"line":189,"column":null}},"59":{"start":{"line":192,"column":19},"end":{"line":192,"column":30}},"60":{"start":{"line":195,"column":22},"end":{"line":200,"column":null}},"61":{"start":{"line":202,"column":4},"end":{"line":205,"column":null}},"62":{"start":{"line":203,"column":6},"end":{"line":203,"column":null}},"63":{"start":{"line":204,"column":6},"end":{"line":204,"column":null}},"64":{"start":{"line":207,"column":4},"end":{"line":207,"column":null}},"65":{"start":{"line":209,"column":4},"end":{"line":209,"column":null}},"66":{"start":{"line":210,"column":4},"end":{"line":210,"column":null}}},"fnMap":{"0":{"name":"getUserRole","decl":{"start":{"line":7,"column":22},"end":{"line":7,"column":null}},"loc":{"start":{"line":10,"column":18},"end":{"line":32,"column":null}}},"1":{"name":"hasRole","decl":{"start":{"line":38,"column":22},"end":{"line":38,"column":null}},"loc":{"start":{"line":42,"column":18},"end":{"line":46,"column":null}}},"2":{"name":"hasPermission","decl":{"start":{"line":53,"column":22},"end":{"line":53,"column":null}},"loc":{"start":{"line":57,"column":20},"end":{"line":81,"column":null}}},"3":{"name":"getUserRoles","decl":{"start":{"line":87,"column":22},"end":{"line":87,"column":null}},"loc":{"start":{"line":89,"column":16},"end":{"line":116,"column":null}}},"4":{"name":"(anonymous_11)","decl":{"start":{"line":103,"column":11},"end":{"line":103,"column":12}},"loc":{"start":{"line":103,"column":12},"end":{"line":110,"column":null}}},"5":{"name":"(anonymous_12)","decl":{"start":{"line":111,"column":14},"end":{"line":111,"column":15}},"loc":{"start":{"line":111,"column":24},"end":{"line":111,"column":null}}},"6":{"name":"assignRole","decl":{"start":{"line":122,"column":22},"end":{"line":122,"column":null}},"loc":{"start":{"line":126,"column":18},"end":{"line":167,"column":null}}},"7":{"name":"removeRole","decl":{"start":{"line":173,"column":22},"end":{"line":173,"column":null}},"loc":{"start":{"line":177,"column":18},"end":{"line":212,"column":null}}}},"branchMap":{"0":{"loc":{"start":{"line":20,"column":4},"end":{"line":23,"column":null}},"type":"if","locations":[{"start":{"line":20,"column":4},"end":{"line":23,"column":null}},{"start":{},"end":{}}]},"1":{"loc":{"start":{"line":20,"column":8},"end":{"line":20,"column":24}},"type":"binary-expr","locations":[{"start":{"line":20,"column":8},"end":{"line":20,"column":17}},{"start":{"line":20,"column":17},"end":{"line":20,"column":24}}]},"2":{"loc":{"start":{"line":26,"column":18},"end":{"line":26,"column":69}},"type":"cond-expr","locations":[{"start":{"line":26,"column":50},"end":{"line":26,"column":64}},{"start":{"line":26,"column":67},"end":{"line":26,"column":69}}]},"3":{"loc":{"start":{"line":27,"column":11},"end":{"line":27,"column":null}},"type":"binary-expr","locations":[{"start":{"line":27,"column":11},"end":{"line":27,"column":29}},{"start":{"line":27,"column":29},"end":{"line":27,"column":null}}]},"4":{"loc":{"start":{"line":67,"column":4},"end":{"line":70,"column":null}},"type":"if","locations":[{"start":{"line":67,"column":4},"end":{"line":70,"column":null}},{"start":{},"end":{}}]},"5":{"loc":{"start":{"line":67,"column":8},"end":{"line":67,"column":24}},"type":"binary-expr","locations":[{"start":{"line":67,"column":8},"end":{"line":67,"column":17}},{"start":{"line":67,"column":17},"end":{"line":67,"column":24}}]},"6":{"loc":{"start":{"line":73,"column":23},"end":{"line":73,"column":74}},"type":"cond-expr","locations":[{"start":{"line":73,"column":55},"end":{"line":73,"column":69}},{"start":{"line":73,"column":72},"end":{"line":73,"column":74}}]},"7":{"loc":{"start":{"line":74,"column":24},"end":{"line":74,"column":56}},"type":"binary-expr","locations":[{"start":{"line":74,"column":24},"end":{"line":74,"column":54}},{"start":{"line":74,"column":54},"end":{"line":74,"column":56}}]},"8":{"loc":{"start":{"line":76,"column":11},"end":{"line":76,"column":null}},"type":"binary-expr","locations":[{"start":{"line":76,"column":11},"end":{"line":76,"column":41}},{"start":{"line":76,"column":41},"end":{"line":76,"column":null}}]},"9":{"loc":{"start":{"line":97,"column":4},"end":{"line":100,"column":null}},"type":"if","locations":[{"start":{"line":97,"column":4},"end":{"line":100,"column":null}},{"start":{},"end":{}}]},"10":{"loc":{"start":{"line":97,"column":8},"end":{"line":97,"column":24}},"type":"binary-expr","locations":[{"start":{"line":97,"column":8},"end":{"line":97,"column":17}},{"start":{"line":97,"column":17},"end":{"line":97,"column":24}}]},"11":{"loc":{"start":{"line":105,"column":27},"end":{"line":105,"column":78}},"type":"cond-expr","locations":[{"start":{"line":105,"column":59},"end":{"line":105,"column":73}},{"start":{"line":105,"column":76},"end":{"line":105,"column":78}}]},"12":{"loc":{"start":{"line":108,"column":16},"end":{"line":108,"column":null}},"type":"binary-expr","locations":[{"start":{"line":108,"column":16},"end":{"line":108,"column":39}},{"start":{"line":108,"column":39},"end":{"line":108,"column":null}}]},"13":{"loc":{"start":{"line":136,"column":4},"end":{"line":139,"column":null}},"type":"if","locations":[{"start":{"line":136,"column":4},"end":{"line":139,"column":null}},{"start":{},"end":{}}]},"14":{"loc":{"start":{"line":136,"column":8},"end":{"line":136,"column":32}},"type":"binary-expr","locations":[{"start":{"line":136,"column":8},"end":{"line":136,"column":21}},{"start":{"line":136,"column":21},"end":{"line":136,"column":32}}]},"15":{"loc":{"start":{"line":157,"column":4},"end":{"line":160,"column":null}},"type":"if","locations":[{"start":{"line":157,"column":4},"end":{"line":160,"column":null}},{"start":{},"end":{}}]},"16":{"loc":{"start":{"line":187,"column":4},"end":{"line":190,"column":null}},"type":"if","locations":[{"start":{"line":187,"column":4},"end":{"line":190,"column":null}},{"start":{},"end":{}}]},"17":{"loc":{"start":{"line":187,"column":8},"end":{"line":187,"column":32}},"type":"binary-expr","locations":[{"start":{"line":187,"column":8},"end":{"line":187,"column":21}},{"start":{"line":187,"column":21},"end":{"line":187,"column":32}}]},"18":{"loc":{"start":{"line":202,"column":4},"end":{"line":205,"column":null}},"type":"if","locations":[{"start":{"line":202,"column":4},"end":{"line":205,"column":null}},{"start":{},"end":{}}]}},"s":{"0":2,"1":3,"2":2,"3":3,"4":2,"5":2,"6":5,"7":5,"8":4,"9":1,"10":1,"11":3,"12":3,"13":3,"14":1,"15":1,"16":2,"17":2,"18":3,"19":3,"20":3,"21":0,"22":0,"23":3,"24":3,"25":3,"26":3,"27":0,"28":0,"29":2,"30":2,"31":2,"32":0,"33":0,"34":2,"35":2,"36":2,"37":2,"38":2,"39":0,"40":0,"41":2,"42":2,"43":2,"44":1,"45":1,"46":1,"47":1,"48":1,"49":0,"50":0,"51":1,"52":0,"53":0,"54":2,"55":2,"56":2,"57":1,"58":1,"59":1,"60":1,"61":1,"62":0,"63":0,"64":1,"65":0,"66":0},"f":{"0":5,"1":2,"2":3,"3":2,"4":2,"5":2,"6":2,"7":2},"b":{"0":[1,3],"1":[4,3],"2":[3,0],"3":[3,0],"4":[0,3],"5":[3,3],"6":[3,0],"7":[3,1],"8":[3,3],"9":[0,2],"10":[2,2],"11":[2,0],"12":[2,0],"13":[1,1],"14":[2,1],"15":[0,1],"16":[1,1],"17":[2,1],"18":[0,1]}}
,"C:\\Users\\glaub\\OneDrive\\AI\\aria-clinic\\lib\\mock\\financial-data.ts": {"path":"C:\\Users\\glaub\\OneDrive\\AI\\aria-clinic\\lib\\mock\\financial-data.ts","statementMap":{"0":{"start":{"line":6,"column":13},"end":{"line":6,"column":42}},"1":{"start":{"line":6,"column":42},"end":{"line":19,"column":null}}},"fnMap":{},"branchMap":{},"s":{"0":5,"1":1},"f":{},"b":{}}
,"C:\\Users\\glaub\\OneDrive\\AI\\aria-clinic\\lib\\mock\\patient-data.ts": {"path":"C:\\Users\\glaub\\OneDrive\\AI\\aria-clinic\\lib\\mock\\patient-data.ts","statementMap":{"0":{"start":{"line":9,"column":13},"end":{"line":9,"column":44}},"1":{"start":{"line":9,"column":44},"end":{"line":80,"column":null}}},"fnMap":{},"branchMap":{},"s":{"0":3,"1":1},"f":{},"b":{}}
,"C:\\Users\\glaub\\OneDrive\\AI\\aria-clinic\\lib\\mock\\protocol-data.ts": {"path":"C:\\Users\\glaub\\OneDrive\\AI\\aria-clinic\\lib\\mock\\protocol-data.ts","statementMap":{"0":{"start":{"line":7,"column":13},"end":{"line":7,"column":44}},"1":{"start":{"line":30,"column":13},"end":{"line":30,"column":29}},"2":{"start":{"line":7,"column":44},"end":{"line":28,"column":null}},"3":{"start":{"line":30,"column":29},"end":{"line":30,"column":null}},"4":{"start":{"line":30,"column":64},"end":{"line":30,"column":80}}},"fnMap":{"0":{"name":"(anonymous_3)","decl":{"start":{"line":30,"column":49},"end":{"line":30,"column":50}},"loc":{"start":{"line":30,"column":64},"end":{"line":30,"column":80}}}},"branchMap":{},"s":{"0":1,"1":32,"2":1,"3":1,"4":4},"f":{"0":4},"b":{}}
,"C:\\Users\\glaub\\OneDrive\\AI\\aria-clinic\\lib\\validations\\auth.ts": {"path":"C:\\Users\\glaub\\OneDrive\\AI\\aria-clinic\\lib\\validations\\auth.ts","statementMap":{"0":{"start":{"line":74,"column":13},"end":{"line":74,"column":27}},"1":{"start":{"line":84,"column":13},"end":{"line":84,"column":35}},"2":{"start":{"line":60,"column":13},"end":{"line":60,"column":30}},"3":{"start":{"line":93,"column":13},"end":{"line":93,"column":35}},"4":{"start":{"line":1,"column":18},"end":{"line":1,"column":null}},"5":{"start":{"line":6,"column":23},"end":{"line":11,"column":null}},"6":{"start":{"line":16,"column":20},"end":{"line":19,"column":null}},"7":{"start":{"line":19,"column":22},"end":{"line":19,"column":null}},"8":{"start":{"line":24,"column":20},"end":{"line":28,"column":null}},"9":{"start":{"line":33,"column":24},"end":{"line":38,"column":null}},"10":{"start":{"line":36,"column":18},"end":{"line":36,"column":47}},"11":{"start":{"line":43,"column":23},"end":{"line":47,"column":null}},"12":{"start":{"line":52,"column":23},"end":{"line":55,"column":null}},"13":{"start":{"line":60,"column":30},"end":{"line":67,"column":null}},"14":{"start":{"line":74,"column":27},"end":{"line":77,"column":null}},"15":{"start":{"line":84,"column":35},"end":{"line":86,"column":null}},"16":{"start":{"line":93,"column":35},"end":{"line":97,"column":null}}},"fnMap":{"0":{"name":"(anonymous_5)","decl":{"start":{"line":19,"column":13},"end":{"line":19,"column":22}},"loc":{"start":{"line":19,"column":22},"end":{"line":19,"column":null}}},"1":{"name":"(anonymous_6)","decl":{"start":{"line":36,"column":10},"end":{"line":36,"column":18}},"loc":{"start":{"line":36,"column":18},"end":{"line":36,"column":47}}}},"branchMap":{},"s":{"0":15,"1":0,"2":7,"3":0,"4":2,"5":2,"6":2,"7":14,"8":2,"9":2,"10":0,"11":2,"12":2,"13":2,"14":2,"15":2,"16":2},"f":{"0":14,"1":0},"b":{}}
,"C:\\Users\\glaub\\OneDrive\\AI\\aria-clinic\\lib\\validations\\profile.ts": {"path":"C:\\Users\\glaub\\OneDrive\\AI\\aria-clinic\\lib\\validations\\profile.ts","statementMap":{"0":{"start":{"line":17,"column":13},"end":{"line":17,"column":34}},"1":{"start":{"line":3,"column":13},"end":{"line":3,"column":35}},"2":{"start":{"line":1,"column":18},"end":{"line":1,"column":null}},"3":{"start":{"line":3,"column":35},"end":{"line":13,"column":null}},"4":{"start":{"line":17,"column":34},"end":{"line":28,"column":null}},"5":{"start":{"line":21,"column":16},"end":{"line":21,"column":null}},"6":{"start":{"line":25,"column":16},"end":{"line":25,"column":null}}},"fnMap":{"0":{"name":"(anonymous_3)","decl":{"start":{"line":21,"column":6},"end":{"line":21,"column":7}},"loc":{"start":{"line":21,"column":16},"end":{"line":21,"column":null}}},"1":{"name":"(anonymous_4)","decl":{"start":{"line":25,"column":6},"end":{"line":25,"column":7}},"loc":{"start":{"line":25,"column":16},"end":{"line":25,"column":null}}}},"branchMap":{},"s":{"0":6,"1":7,"2":1,"3":1,"4":1,"5":6,"6":6},"f":{"0":6,"1":6},"b":{}}
}
