TN:
SF:app\api\auth\login\route.ts
FN:6,(anonymous_1)
FN:16,(anonymous_2)
FN:36,(anonymous_3)
FN:50,(anonymous_4)
FN:54,POST
FNF:5
FNH:5
FNDA:11,(anonymous_1)
FNDA:11,(anonymous_2)
FNDA:4,(anonymous_3)
FNDA:7,(anonymous_4)
FNDA:15,POST
DA:1,2
DA:2,2
DA:3,2
DA:4,2
DA:6,2
DA:7,11
DA:14,2
DA:16,2
DA:17,11
DA:18,11
DA:20,11
DA:21,9
DA:24,2
DA:25,0
DA:26,0
DA:29,2
DA:30,2
DA:36,2
DA:37,4
DA:38,4
DA:40,4
DA:41,3
DA:46,1
DA:50,2
DA:51,7
DA:54,15
DA:55,15
DA:56,15
DA:59,15
DA:63,11
DA:68,11
DA:69,11
DA:70,0
DA:79,11
DA:82,11
DA:87,11
DA:88,4
DA:92,4
DA:95,4
DA:106,7
DA:107,0
DA:108,0
DA:115,7
DA:118,7
DA:130,7
DA:141,7
DA:142,7
DA:153,7
DA:155,4
DA:156,4
DA:162,0
DA:163,0
LF:52
LH:45
BRDA:20,0,0,9
BRDA:20,0,1,2
BRDA:24,1,0,0
BRDA:24,1,1,2
BRDA:40,2,0,3
BRDA:40,2,1,1
BRDA:63,3,0,11
BRDA:63,3,1,10
BRDA:63,3,2,10
BRDA:69,4,0,0
BRDA:69,4,1,11
BRDA:87,5,0,4
BRDA:87,5,1,7
BRDA:92,6,0,4
BRDA:92,6,1,1
BRDA:97,7,0,4
BRDA:97,7,1,0
BRDA:100,8,0,4
BRDA:100,8,1,0
BRDA:106,9,0,0
BRDA:106,9,1,7
BRDA:141,10,0,7
BRDA:141,10,1,0
BRDA:155,11,0,4
BRDA:155,11,1,0
BRF:25
BRH:18
end_of_record
TN:
SF:app\api\auth\logout\route.ts
FN:4,POST
FNF:1
FNH:1
FNDA:3,POST
DA:1,1
DA:4,3
DA:5,3
DA:7,3
DA:13,3
DA:24,3
DA:34,3
DA:36,0
DA:37,0
LF:9
LH:7
BRF:0
BRH:0
end_of_record
TN:
SF:app\api\auth\register\route.ts
FN:9,(anonymous_1)
FN:16,POST
FN:125,(anonymous_3)
FNF:3
FNH:3
FNDA:7,(anonymous_1)
FNDA:14,POST
FNDA:8,(anonymous_3)
DA:1,2
DA:2,2
DA:3,2
DA:4,2
DA:5,2
DA:6,2
DA:7,2
DA:9,2
DA:10,7
DA:16,14
DA:17,14
DA:19,14
DA:23,14
DA:24,14
DA:25,0
DA:31,14
DA:34,14
DA:36,7
DA:39,7
DA:45,7
DA:46,2
DA:53,5
DA:64,5
DA:65,2
DA:72,3
DA:75,3
DA:89,3
DA:90,0
DA:92,0
DA:94,0
DA:101,3
DA:102,3
DA:107,2
DA:112,3
DA:121,7
DA:122,7
DA:125,8
DA:134,0
DA:135,0
LF:39
LH:33
BRDA:19,0,0,14
BRDA:19,0,1,14
BRDA:19,0,2,14
BRDA:24,1,0,0
BRDA:24,1,1,14
BRDA:45,2,0,2
BRDA:45,2,1,5
BRDA:64,3,0,2
BRDA:64,3,1,3
BRDA:79,4,0,3
BRDA:79,4,1,3
BRDA:82,5,0,3
BRDA:82,5,1,3
BRDA:83,6,0,3
BRDA:83,6,1,3
BRDA:89,7,0,0
BRDA:89,7,1,3
BRDA:121,8,0,7
BRDA:121,8,1,0
BRF:19
BRH:16
end_of_record
TN:
SF:lib\auth\permissions.ts
FN:7,getUserRole
FN:38,hasRole
FN:53,hasPermission
FN:87,getUserRoles
FN:103,(anonymous_11)
FN:111,(anonymous_12)
FN:122,assignRole
FN:173,removeRole
FNF:8
FNH:8
FNDA:5,getUserRole
FNDA:2,hasRole
FNDA:3,hasPermission
FNDA:2,getUserRoles
FNDA:2,(anonymous_11)
FNDA:2,(anonymous_12)
FNDA:2,assignRole
FNDA:2,removeRole
DA:7,3
DA:12,5
DA:13,5
DA:20,4
DA:21,1
DA:22,1
DA:25,3
DA:26,3
DA:27,3
DA:29,1
DA:30,1
DA:38,2
DA:44,2
DA:45,2
DA:53,3
DA:59,3
DA:60,3
DA:67,3
DA:68,0
DA:69,0
DA:72,3
DA:73,3
DA:74,3
DA:76,3
DA:78,0
DA:79,0
DA:87,2
DA:91,2
DA:92,2
DA:97,2
DA:98,0
DA:99,0
DA:102,2
DA:104,2
DA:105,2
DA:106,2
DA:111,2
DA:113,0
DA:114,0
DA:122,2
DA:128,2
DA:130,2
DA:136,2
DA:137,1
DA:138,1
DA:141,1
DA:144,1
DA:157,1
DA:158,0
DA:159,0
DA:162,1
DA:164,0
DA:165,0
DA:173,2
DA:179,2
DA:181,2
DA:187,2
DA:188,1
DA:189,1
DA:192,1
DA:195,1
DA:202,1
DA:203,0
DA:204,0
DA:207,1
DA:209,0
DA:210,0
LF:67
LH:51
BRDA:20,0,0,1
BRDA:20,0,1,3
BRDA:20,1,0,4
BRDA:20,1,1,3
BRDA:26,2,0,3
BRDA:26,2,1,0
BRDA:27,3,0,3
BRDA:27,3,1,0
BRDA:67,4,0,0
BRDA:67,4,1,3
BRDA:67,5,0,3
BRDA:67,5,1,3
BRDA:73,6,0,3
BRDA:73,6,1,0
BRDA:74,7,0,3
BRDA:74,7,1,1
BRDA:76,8,0,3
BRDA:76,8,1,3
BRDA:97,9,0,0
BRDA:97,9,1,2
BRDA:97,10,0,2
BRDA:97,10,1,2
BRDA:105,11,0,2
BRDA:105,11,1,0
BRDA:108,12,0,2
BRDA:108,12,1,0
BRDA:136,13,0,1
BRDA:136,13,1,1
BRDA:136,14,0,2
BRDA:136,14,1,1
BRDA:157,15,0,0
BRDA:157,15,1,1
BRDA:187,16,0,1
BRDA:187,16,1,1
BRDA:187,17,0,2
BRDA:187,17,1,1
BRDA:202,18,0,0
BRDA:202,18,1,1
BRF:38
BRH:29
end_of_record
TN:
SF:lib\auth\verification.ts
FN:11,generateVerificationToken
FN:25,isTokenExpired
FNF:2
FNH:1
FNDA:2,generateVerificationToken
FNDA:0,isTokenExpired
DA:1,1
DA:11,2
DA:12,2
DA:13,2
DA:14,2
DA:16,2
DA:25,0
DA:26,0
DA:27,0
LF:9
LH:6
BRF:0
BRH:0
end_of_record
TN:
SF:lib\email\templates\verification-email.tsx
FN:8,VerificationEmail
FN:105,getVerificationEmailText
FNF:2
FNH:0
FNDA:0,VerificationEmail
FNDA:0,getVerificationEmailText
DA:1,1
DA:8,0
DA:105,0
DA:109,0
LF:4
LH:1
BRF:0
BRH:0
end_of_record
TN:
SF:lib\services\email.ts
FN:7,getResendClient
FN:25,sendVerificationEmail
FN:79,sendPasswordResetEmail
FN:126,sendWelcomeEmail
FNF:4
FNH:2
FNDA:2,getResendClient
FNDA:2,sendVerificationEmail
FNDA:0,sendPasswordResetEmail
FNDA:0,sendWelcomeEmail
DA:1,1
DA:2,1
DA:5,1
DA:8,2
DA:9,0
DA:11,2
DA:25,2
DA:30,2
DA:32,2
DA:34,2
DA:35,2
DA:36,2
DA:40,0
DA:52,0
DA:53,0
DA:54,0
DA:57,0
DA:62,0
DA:67,2
DA:68,2
DA:79,0
DA:84,0
DA:85,0
DA:87,0
DA:88,0
DA:89,0
DA:92,0
DA:104,0
DA:105,0
DA:106,0
DA:109,0
DA:114,0
DA:115,0
DA:126,0
DA:130,0
DA:131,0
DA:132,0
DA:133,0
DA:136,0
DA:151,0
DA:152,0
DA:153,0
DA:156,0
DA:161,0
DA:162,0
LF:45
LH:13
BRDA:8,0,0,0
BRDA:8,0,1,2
BRDA:8,1,0,2
BRDA:8,1,1,2
BRDA:28,2,0,2
BRDA:28,3,0,2
BRDA:28,3,1,2
BRDA:35,4,0,2
BRDA:35,4,1,0
BRDA:41,5,0,0
BRDA:41,5,1,0
BRDA:52,6,0,0
BRDA:52,6,1,0
BRDA:82,7,0,0
BRDA:82,8,0,0
BRDA:82,8,1,0
BRDA:88,9,0,0
BRDA:88,9,1,0
BRDA:93,10,0,0
BRDA:93,10,1,0
BRDA:104,11,0,0
BRDA:104,11,1,0
BRDA:132,12,0,0
BRDA:132,12,1,0
BRDA:137,13,0,0
BRDA:137,13,1,0
BRDA:151,14,0,0
BRDA:151,14,1,0
BRF:28
BRH:7
end_of_record
TN:
SF:lib\validations\auth.ts
FN:19,(anonymous_5)
FN:36,(anonymous_6)
FNF:2
FNH:1
FNDA:38,(anonymous_5)
FNDA:0,(anonymous_6)
DA:1,6
DA:6,6
DA:16,6
DA:19,38
DA:24,6
DA:33,6
DA:36,0
DA:43,6
DA:52,6
DA:60,21
DA:74,30
DA:84,6
DA:93,6
LF:13
LH:12
BRF:0
BRH:0
end_of_record
TN:
SF:lib\validations\profile.ts
FN:21,(anonymous_3)
FN:25,(anonymous_4)
FNF:2
FNH:2
FNDA:6,(anonymous_3)
FNDA:6,(anonymous_4)
DA:1,1
DA:3,7
DA:17,6
DA:21,6
DA:25,6
LF:5
LH:5
BRF:0
BRH:0
end_of_record
