TN:
SF:app\dashboard\page.tsx
FN:9,DashboardPage
FN:17,(anonymous_3)
FNF:2
FNH:2
FNDA:18,DashboardPage
FNDA:72,(anonymous_3)
DA:1,1
DA:2,1
DA:3,1
DA:4,1
DA:5,1
DA:6,1
DA:7,1
DA:9,18
DA:18,72
LF:9
LH:9
BRF:0
BRH:0
end_of_record
TN:
SF:components\dashboard\FinancialChart.tsx
FN:23,(anonymous_1)
FN:39,(anonymous_2)
FN:43,FinancialChart
FN:77,(anonymous_4)
FN:97,(anonymous_5)
FN:103,(anonymous_6)
FN:109,(anonymous_7)
FN:118,(anonymous_8)
FNF:8
FNH:5
FNDA:0,(anonymous_1)
FNDA:0,(anonymous_2)
FNDA:34,FinancialChart
FNDA:0,(anonymous_4)
FNDA:397,(anonymous_5)
FNDA:397,(anonymous_6)
FNDA:397,(anonymous_7)
FNDA:397,(anonymous_8)
DA:12,2
DA:23,2
DA:24,0
DA:25,0
DA:26,0
DA:36,0
DA:39,2
DA:40,0
DA:43,34
DA:77,0
DA:97,397
DA:103,397
DA:109,397
DA:118,397
LF:14
LH:8
BRDA:24,0,0,0
BRDA:24,0,1,0
BRDA:24,1,0,0
BRDA:24,1,1,0
BRDA:24,1,2,0
BRDA:26,2,0,0
BRDA:26,2,1,0
BRF:7
BRH:0
end_of_record
TN:
SF:components\dashboard\Header.tsx
FN:6,Header
FN:37,(anonymous_2)
FN:67,(anonymous_3)
FN:74,(anonymous_4)
FNF:4
FNH:2
FNDA:8,Header
FNDA:3,(anonymous_2)
FNDA:0,(anonymous_3)
FNDA:0,(anonymous_4)
DA:3,1
DA:4,1
DA:6,5
DA:7,8
DA:37,3
DA:67,0
DA:74,0
LF:7
LH:5
BRDA:49,0,0,2
BRDA:49,0,1,6
BRDA:55,1,0,8
BRF:3
BRH:3
end_of_record
TN:
SF:components\dashboard\KPICard.tsx
FN:40,KPICard
FNF:1
FNH:1
FNDA:88,KPICard
DA:1,2
DA:13,2
DA:40,88
DA:49,88
DA:50,88
LF:5
LH:5
BRDA:74,0,0,87
BRDA:74,0,1,1
BRDA:86,1,0,69
BRF:3
BRH:3
end_of_record
TN:
SF:components\dashboard\PatientTable.tsx
FN:14,(anonymous_1)
FN:18,(anonymous_2)
FN:29,(anonymous_3)
FN:51,(anonymous_4)
FN:60,(anonymous_5)
FN:76,(anonymous_6)
FN:89,(anonymous_7)
FN:96,(anonymous_8)
FN:104,(anonymous_9)
FNF:9
FNH:9
FNDA:48,(anonymous_1)
FNDA:11,(anonymous_2)
FNDA:551,(anonymous_3)
FNDA:144,(anonymous_4)
FNDA:461,(anonymous_5)
FNDA:8,(anonymous_6)
FNDA:2,(anonymous_7)
FNDA:1,(anonymous_8)
FNDA:461,(anonymous_9)
DA:3,2
DA:4,2
DA:5,2
DA:14,2
DA:15,48
DA:16,48
DA:18,48
DA:19,11
DA:21,3
DA:24,8
DA:25,8
DA:29,48
DA:30,551
DA:32,551
DA:33,551
DA:35,551
DA:36,194
DA:37,194
DA:38,357
DA:39,42
DA:40,42
DA:41,315
DA:42,315
DA:43,315
DA:46,551
DA:47,94
DA:48,16
DA:51,48
DA:52,144
DA:60,48
DA:61,461
DA:62,461
DA:76,8
DA:89,2
DA:96,1
DA:105,461
DA:122,37
LF:37
LH:37
BRDA:14,0,0,18
BRDA:19,1,0,3
BRDA:19,1,1,8
BRDA:21,2,0,2
BRDA:21,2,1,1
BRDA:30,3,0,0
BRDA:30,3,1,551
BRDA:35,4,0,194
BRDA:35,4,1,357
BRDA:38,5,0,42
BRDA:38,5,1,315
BRDA:41,6,0,315
BRDA:41,6,1,0
BRDA:46,7,0,457
BRDA:46,7,1,94
BRDA:46,8,0,127
BRDA:46,8,1,330
BRDA:47,9,0,78
BRDA:47,9,1,16
BRDA:47,10,0,62
BRDA:47,10,1,16
BRDA:52,11,0,96
BRDA:52,11,1,48
BRDA:54,12,0,10
BRDA:77,13,0,9
BRDA:77,13,1,39
BRDA:77,14,0,7
BRDA:77,14,1,2
BRDA:90,15,0,2
BRDA:90,15,1,46
BRDA:90,16,0,2
BRDA:90,16,1,0
BRDA:97,17,0,37
BRDA:97,17,1,11
BRDA:97,18,0,1
BRDA:97,18,1,36
BRF:36
BRH:33
end_of_record
TN:
SF:components\dashboard\ProtocolChart.tsx
FN:24,(anonymous_1)
FN:40,ProtocolChart
FN:45,(anonymous_3)
FN:69,(anonymous_4)
FN:92,(anonymous_5)
FN:115,(anonymous_6)
FNF:6
FNH:5
FNDA:0,(anonymous_1)
FNDA:32,ProtocolChart
FNDA:125,(anonymous_3)
FNDA:125,(anonymous_4)
FNDA:125,(anonymous_5)
FNDA:125,(anonymous_6)
DA:9,2
DA:24,2
DA:25,0
DA:26,0
DA:27,0
DA:28,0
DA:37,0
DA:40,32
DA:45,125
DA:70,125
DA:93,125
DA:115,125
LF:12
LH:7
BRDA:25,0,0,0
BRDA:25,0,1,0
BRDA:25,1,0,0
BRDA:25,1,1,0
BRDA:25,1,2,0
BRDA:27,2,0,0
BRDA:27,2,1,0
BRF:7
BRH:0
end_of_record
TN:
SF:components\dashboard\Sidebar.tsx
FN:16,Sidebar
FN:27,(anonymous_3)
FN:38,(anonymous_4)
FN:50,(anonymous_5)
FN:67,(anonymous_6)
FN:79,(anonymous_7)
FN:95,(anonymous_8)
FNF:7
FNH:5
FNDA:12,Sidebar
FNDA:96,(anonymous_3)
FNDA:3,(anonymous_4)
FNDA:0,(anonymous_5)
FNDA:48,(anonymous_6)
FNDA:1,(anonymous_7)
FNDA:0,(anonymous_8)
DA:3,1
DA:4,1
DA:5,1
DA:14,1
DA:16,8
DA:17,12
DA:18,12
DA:20,12
DA:27,12
DA:28,96
DA:29,24
DA:31,72
DA:38,3
DA:50,0
DA:68,48
DA:79,1
DA:97,0
LF:17
LH:15
BRDA:28,0,0,24
BRDA:28,0,1,72
BRDA:43,1,0,2
BRDA:47,2,0,12
BRDA:61,3,0,2
BRDA:61,3,1,10
BRDA:74,4,0,12
BRDA:74,4,1,36
BRDA:80,5,0,12
BRDA:80,5,1,36
BRF:10
BRH:10
end_of_record
TN:
SF:components\scheduler\AppointmentCard.tsx
FN:30,AppointmentCard
FN:84,calculateEndTime
FNF:2
FNH:2
FNDA:9,AppointmentCard
FNDA:9,calculateEndTime
DA:4,1
DA:5,1
DA:6,1
DA:14,1
DA:22,1
DA:30,9
DA:35,9
DA:85,9
DA:86,9
DA:87,9
DA:88,9
DA:89,9
LF:12
LH:12
BRDA:33,0,0,8
BRDA:40,1,0,1
BRDA:40,1,1,8
BRDA:41,2,0,1
BRDA:41,2,1,8
BRDA:44,3,0,1
BRDA:44,3,1,8
BRDA:74,4,0,9
BRDA:74,4,1,8
BRF:9
BRH:9
end_of_record
TN:
SF:components\scheduler\TimeSlotPicker.tsx
FN:21,TimeSlotPicker
FN:28,(anonymous_2)
FN:34,(anonymous_3)
FN:41,(anonymous_4)
FNF:4
FNH:4
FNDA:10,TimeSlotPicker
FNDA:11,(anonymous_2)
FNDA:32,(anonymous_3)
FNDA:1,(anonymous_4)
DA:3,1
DA:4,1
DA:21,10
DA:28,11
DA:35,32
DA:41,1
LF:6
LH:6
BRDA:26,0,0,9
BRDA:38,1,0,21
BRDA:38,1,1,11
BRDA:39,2,0,7
BRDA:39,2,1,25
BRDA:40,3,0,32
BRDA:40,3,1,21
BRDA:48,4,0,10
BRF:8
BRH:8
end_of_record
TN:
SF:components\ui\badge.tsx
FN:30,Badge
FNF:1
FNH:1
FNDA:9,Badge
DA:1,1
DA:2,1
DA:3,1
DA:5,1
DA:7,1
DA:36,9
DA:52,9
LF:7
LH:7
BRDA:32,0,0,0
BRF:1
BRH:0
end_of_record
TN:
SF:components\ui\button.tsx
FN:43,Button
FNF:1
FNH:1
FNDA:32,Button
DA:1,1
DA:2,1
DA:4,1
DA:6,1
DA:58,32
LF:5
LH:5
BRDA:45,0,0,0
BRDA:46,1,0,32
BRF:2
BRH:1
end_of_record
TN:
SF:components\ui\card.tsx
FN:5,Card
FN:23,CardHeader
FN:36,CardTitle
FN:49,CardDescription
FN:59,CardAction
FN:72,CardContent
FN:82,CardFooter
FNF:7
FNH:1
FNDA:9,Card
FNDA:0,CardHeader
FNDA:0,CardTitle
FNDA:0,CardDescription
FNDA:0,CardAction
FNDA:0,CardContent
FNDA:0,CardFooter
DA:1,1
DA:3,1
DA:96,9
DA:97,0
DA:98,0
DA:99,0
DA:100,0
DA:101,0
DA:102,0
LF:9
LH:3
BRDA:7,0,0,9
BRF:1
BRH:1
end_of_record
TN:
SF:lib\utils.ts
FN:4,cn
FNF:1
FNH:1
FNDA:50,cn
DA:1,2
DA:2,2
DA:4,50
DA:5,50
LF:4
LH:4
BRF:0
BRH:0
end_of_record
TN:
SF:lib\auth\permissions.ts
FN:7,getUserRole
FN:38,hasRole
FN:53,hasPermission
FN:87,getUserRoles
FN:103,(anonymous_11)
FN:111,(anonymous_12)
FN:122,assignRole
FN:173,removeRole
FNF:8
FNH:8
FNDA:5,getUserRole
FNDA:2,hasRole
FNDA:3,hasPermission
FNDA:2,getUserRoles
FNDA:2,(anonymous_11)
FNDA:2,(anonymous_12)
FNDA:2,assignRole
FNDA:2,removeRole
DA:7,3
DA:12,5
DA:13,5
DA:20,4
DA:21,1
DA:22,1
DA:25,3
DA:26,3
DA:27,3
DA:29,1
DA:30,1
DA:38,2
DA:44,2
DA:45,2
DA:53,3
DA:59,3
DA:60,3
DA:67,3
DA:68,0
DA:69,0
DA:72,3
DA:73,3
DA:74,3
DA:76,3
DA:78,0
DA:79,0
DA:87,2
DA:91,2
DA:92,2
DA:97,2
DA:98,0
DA:99,0
DA:102,2
DA:104,2
DA:105,2
DA:106,2
DA:111,2
DA:113,0
DA:114,0
DA:122,2
DA:128,2
DA:130,2
DA:136,2
DA:137,1
DA:138,1
DA:141,1
DA:144,1
DA:157,1
DA:158,0
DA:159,0
DA:162,1
DA:164,0
DA:165,0
DA:173,2
DA:179,2
DA:181,2
DA:187,2
DA:188,1
DA:189,1
DA:192,1
DA:195,1
DA:202,1
DA:203,0
DA:204,0
DA:207,1
DA:209,0
DA:210,0
LF:67
LH:51
BRDA:20,0,0,1
BRDA:20,0,1,3
BRDA:20,1,0,4
BRDA:20,1,1,3
BRDA:26,2,0,3
BRDA:26,2,1,0
BRDA:27,3,0,3
BRDA:27,3,1,0
BRDA:67,4,0,0
BRDA:67,4,1,3
BRDA:67,5,0,3
BRDA:67,5,1,3
BRDA:73,6,0,3
BRDA:73,6,1,0
BRDA:74,7,0,3
BRDA:74,7,1,1
BRDA:76,8,0,3
BRDA:76,8,1,3
BRDA:97,9,0,0
BRDA:97,9,1,2
BRDA:97,10,0,2
BRDA:97,10,1,2
BRDA:105,11,0,2
BRDA:105,11,1,0
BRDA:108,12,0,2
BRDA:108,12,1,0
BRDA:136,13,0,1
BRDA:136,13,1,1
BRDA:136,14,0,2
BRDA:136,14,1,1
BRDA:157,15,0,0
BRDA:157,15,1,1
BRDA:187,16,0,1
BRDA:187,16,1,1
BRDA:187,17,0,2
BRDA:187,17,1,1
BRDA:202,18,0,0
BRDA:202,18,1,1
BRF:38
BRH:29
end_of_record
TN:
SF:lib\mock\dashboard-data.ts
FNF:0
FNH:0
DA:6,1
DA:19,18
LF:2
LH:2
BRF:0
BRH:0
end_of_record
TN:
SF:lib\mock\financial-data.ts
FNF:0
FNH:0
DA:6,23
LF:1
LH:1
BRF:0
BRH:0
end_of_record
TN:
SF:lib\mock\patient-data.ts
FNF:0
FNH:0
DA:9,21
LF:1
LH:1
BRF:0
BRH:0
end_of_record
TN:
SF:lib\mock\protocol-data.ts
FN:30,(anonymous_3)
FNF:1
FNH:1
FNDA:8,(anonymous_3)
DA:7,19
DA:30,50
LF:2
LH:2
BRF:0
BRH:0
end_of_record
TN:
SF:lib\utils\reminder.ts
FN:21,formatDatePT
FN:44,fillTemplate
FN:66,getSampleFilledTemplate
FNF:3
FNH:3
FNDA:21,formatDatePT
FNDA:17,fillTemplate
FNDA:6,getSampleFilledTemplate
DA:7,10
DA:21,4
DA:22,21
DA:36,21
DA:37,21
DA:38,21
DA:44,11
DA:49,17
DA:51,17
DA:52,17
DA:53,17
DA:54,17
DA:55,17
DA:60,17
DA:66,6
DA:70,6
DA:85,6
DA:96,6
LF:18
LH:18
BRDA:57,0,0,3
BRDA:57,0,1,14
BRDA:68,1,0,5
BRF:3
BRH:3
end_of_record
TN:
SF:lib\utils\scheduler.ts
FN:13,parseTime
FN:21,formatTime
FN:30,addMinutes
FN:38,isSameDay
FN:54,isTimeConflict
FN:76,canAssignDoctor
FN:81,(anonymous_16)
FN:105,getAvailableSlots
FN:112,(anonymous_18)
FN:145,getAppointmentsForDoctor
FN:150,(anonymous_20)
FN:152,(anonymous_21)
FN:158,getDoctorAvailabilitySummary
FN:165,(anonymous_23)
FNF:14
FNH:11
FNDA:280,parseTime
FNDA:278,formatTime
FNDA:3,addMinutes
FNDA:266,isSameDay
FNDA:63,isTimeConflict
FNDA:147,canAssignDoctor
FNDA:394,(anonymous_16)
FNDA:15,getAvailableSlots
FNDA:15,(anonymous_18)
FNDA:0,getAppointmentsForDoctor
FNDA:0,(anonymous_20)
FNDA:0,(anonymous_21)
FNDA:2,getDoctorAvailabilitySummary
FNDA:8,(anonymous_23)
DA:13,3
DA:14,280
DA:15,280
DA:21,3
DA:22,278
DA:23,278
DA:24,278
DA:30,3
DA:31,3
DA:32,3
DA:38,2
DA:39,266
DA:54,10
DA:60,63
DA:61,63
DA:62,63
DA:63,63
DA:66,63
DA:76,11
DA:81,147
DA:83,394
DA:86,267
DA:87,264
DA:90,53
DA:93,147
DA:105,13
DA:112,15
DA:113,15
DA:116,13
DA:117,13
DA:118,2
DA:121,11
DA:122,11
DA:123,11
DA:126,11
DA:127,136
DA:128,136
DA:130,136
DA:136,136
DA:139,11
DA:145,0
DA:150,0
DA:151,0
DA:152,0
DA:158,2
DA:164,2
DA:165,8
DA:166,2
LF:48
LH:44
BRDA:40,0,0,266
BRDA:40,0,1,266
BRDA:40,0,2,266
BRDA:66,1,0,63
BRDA:66,1,1,46
BRDA:83,2,0,127
BRDA:83,2,1,267
BRDA:86,3,0,3
BRDA:86,3,1,264
BRDA:87,4,0,211
BRDA:87,4,1,53
BRDA:108,5,0,0
BRDA:113,6,0,2
BRDA:113,6,1,13
BRDA:117,7,0,2
BRDA:117,7,1,11
BRDA:151,8,0,0
BRDA:151,8,1,0
BRF:18
BRH:15
end_of_record
TN:
SF:lib\validations\appointment.ts
FN:12,(anonymous_3)
FN:23,(anonymous_4)
FN:44,convertFormDataToAppointment
FNF:3
FNH:2
FNDA:22,(anonymous_3)
FNDA:22,(anonymous_4)
FNDA:0,convertFormDataToAppointment
DA:1,1
DA:3,22
DA:13,22
DA:14,22
DA:15,22
DA:24,22
DA:25,22
DA:44,0
DA:45,0
LF:9
LH:7
BRDA:25,0,0,22
BRDA:25,0,1,22
BRDA:25,0,2,21
BRDA:25,0,3,21
BRF:4
BRH:4
end_of_record
TN:
SF:lib\validations\auth.ts
FN:19,(anonymous_5)
FN:36,(anonymous_6)
FNF:2
FNH:1
FNDA:14,(anonymous_5)
FNDA:0,(anonymous_6)
DA:1,2
DA:6,2
DA:16,2
DA:19,14
DA:24,2
DA:33,2
DA:36,0
DA:43,2
DA:52,2
DA:60,7
DA:74,15
DA:84,2
DA:93,2
LF:13
LH:12
BRF:0
BRH:0
end_of_record
TN:
SF:lib\validations\profile.ts
FN:21,(anonymous_3)
FN:25,(anonymous_4)
FNF:2
FNH:2
FNDA:6,(anonymous_3)
FNDA:6,(anonymous_4)
DA:1,1
DA:3,7
DA:17,6
DA:21,6
DA:25,6
LF:5
LH:5
BRF:0
BRH:0
end_of_record
